2017.02.03 08:39 B C:\Users\marioalejandro\Google Drive\proyectos\blackstudio\sistema\js\jquery-ui-1.8.16.custom.min.js --> www.bluewolf.com.mx /public_html/black/js jquery-ui-1.8.16.custom.min.js
2017.02.03 17:31 B C:\Users\marioalejandro\Google Drive\proyectos\blackstudio\sistema\js\jquery-ui-1.8.16.custom.min.js <-- bluewolf Godaddy /public_html/timpmp/js jquery-ui-1.8.16.custom.min.js
2017.03.04 11:19 B C:\Users\marioalejandro\Google Drive\proyectos\zodiac\js\desktop.ini --> www.bluewolf.com.mx /public_html/zodiac/js desktop.ini
2017.03.04 11:19 B C:\Users\marioalejandro\Google Drive\proyectos\zodiac\js\jquery-ui.js --> www.bluewolf.com.mx /public_html/zodiac/js jquery-ui.js
2017.03.04 11:19 B C:\Users\marioalejandro\Google Drive\proyectos\zodiac\js\jquery-1.12.4.js --> www.bluewolf.com.mx /public_html/zodiac/js jquery-1.12.4.js
2017.03.04 11:19 B C:\Users\marioalejandro\Google Drive\proyectos\zodiac\js\WS_FTP.LOG --> www.bluewolf.com.mx /public_html/zodiac/js WS_FTP.LOG
2017.03.04 11:19 B C:\Users\marioalejandro\Google Drive\proyectos\zodiac\js\jquery-ui-1.8.16.custom.min.js --> www.bluewolf.com.mx /public_html/zodiac/js jquery-ui-1.8.16.custom.min.js
2017.10.31 15:57 B C:\Users\marioalejandro\Google Drive\proyectos\zodiac\js\desktop.ini --> www.bluewolf.com.mx /public_html/iotdemo/js desktop.ini
2017.10.31 15:57 B C:\Users\marioalejandro\Google Drive\proyectos\zodiac\js\jquery-1.12.4.js --> www.bluewolf.com.mx /public_html/iotdemo/js jquery-1.12.4.js
2017.10.31 15:57 B C:\Users\marioalejandro\Google Drive\proyectos\zodiac\js\jquery-ui-1.8.16.custom.min.js --> www.bluewolf.com.mx /public_html/iotdemo/js jquery-ui-1.8.16.custom.min.js
2017.10.31 15:57 B C:\Users\marioalejandro\Google Drive\proyectos\zodiac\js\jquery-ui.js --> www.bluewolf.com.mx /public_html/iotdemo/js jquery-ui.js
2017.10.31 15:57 B C:\Users\marioalejandro\Google Drive\proyectos\zodiac\js\WS_FTP.LOG --> www.bluewolf.com.mx /public_html/iotdemo/js WS_FTP.LOG
2018.06.28 10:59 B C:\Users\redkey\Documents\Google Drive L\zodiac\js\cortes_p.js --> www.bluewolf.com.mx /public_html/zodiac/js cortes_p.js
2018.06.28 11:16 B C:\Users\redkey\Documents\Google Drive L\zodiac\js\cortes_p.js --> www.bluewolf.com.mx /public_html/zodiac/js cortes_p.js
2018.06.28 11:18 B C:\Users\redkey\Documents\Google Drive L\zodiac\js\cortes_p.js --> www.bluewolf.com.mx /public_html/zodiac/js cortes_p.js
2018.06.28 11:19 B C:\Users\redkey\Documents\Google Drive L\zodiac\js\cortes_p.js --> www.bluewolf.com.mx /public_html/zodiac/js cortes_p.js
2018.06.28 11:39 B C:\Users\redkey\Documents\Google Drive L\zodiac\js\cortes_p.js --> www.bluewolf.com.mx /public_html/zodiac/js cortes_p.js
2018.06.28 12:59 B C:\Users\redkey\Documents\Google Drive L\zodiac\js\cortes_p.js --> www.bluewolf.com.mx /public_html/zodiac/js cortes_p.js
2018.06.28 13:20 B C:\Users\redkey\Documents\Google Drive L\zodiac\js\cortes_p.js --> www.bluewolf.com.mx /public_html/zodiac/js cortes_p.js
2018.06.28 13:22 B C:\Users\redkey\Documents\Google Drive L\zodiac\js\cortes_p.js --> www.bluewolf.com.mx /public_html/zodiac/js cortes_p.js
2018.06.28 13:43 B C:\Users\redkey\Documents\Google Drive L\zodiac\js\cortes_p.js --> www.bluewolf.com.mx /public_html/zodiac/js cortes_p.js
2018.06.28 13:49 B C:\Users\redkey\Documents\Google Drive L\zodiac\js\cortes_p.js --> www.bluewolf.com.mx /public_html/zodiac/js cortes_p.js
2018.06.28 14:00 B C:\Users\redkey\Documents\Google Drive L\zodiac\js\cortes_p.js --> www.bluewolf.com.mx /public_html/zodiac/js cortes_p.js
2018.06.28 14:04 B C:\Users\redkey\Documents\Google Drive L\zodiac\js\cortes_p.js --> www.bluewolf.com.mx /public_html/zodiac/js cortes_p.js
2018.06.28 14:15 B C:\Users\redkey\Documents\Google Drive L\zodiac\js\cortes_p.js --> www.bluewolf.com.mx /public_html/zodiac/js cortes_p.js
2018.06.28 14:17 B C:\Users\redkey\Documents\Google Drive L\zodiac\js\cortes_p.js --> www.bluewolf.com.mx /public_html/zodiac/js cortes_p.js
2018.06.28 14:22 B C:\Users\redkey\Documents\Google Drive L\zodiac\js\cortes_p.js --> www.bluewolf.com.mx /public_html/zodiac/js cortes_p.js
2018.06.28 14:22 B C:\Users\redkey\Documents\Google Drive L\zodiac\js\cortes_p.js --> www.bluewolf.com.mx /public_html/zodiac/js cortes_p.js
2018.06.28 14:26 B C:\Users\redkey\Documents\Google Drive L\zodiac\js\cortes_p.js --> www.bluewolf.com.mx /public_html/zodiac/js cortes_p.js
2018.06.28 15:54 B C:\Users\redkey\Documents\Google Drive L\zodiac\js\cortes_p.js --> www.bluewolf.com.mx /public_html/zodiac/js cortes_p.js
2018.06.28 15:59 B C:\Users\redkey\Documents\Google Drive L\zodiac\js\cortes_p.js --> www.bluewolf.com.mx /public_html/zodiac/js cortes_p.js
2018.06.28 16:16 B C:\Users\redkey\Documents\Google Drive L\zodiac\js\cortes_p.js --> www.bluewolf.com.mx /public_html/zodiac/js cortes_p.js
2018.06.28 16:25 B C:\Users\redkey\Documents\Google Drive L\zodiac\js\cortes_p.js --> www.bluewolf.com.mx /public_html/zodiac/js cortes_p.js
2018.06.28 16:28 B C:\Users\redkey\Documents\Google Drive L\zodiac\js\cortes_p.js --> www.bluewolf.com.mx /public_html/zodiac/js cortes_p.js
2018.06.28 16:31 B C:\Users\redkey\Documents\Google Drive L\zodiac\js\cortes_p.js --> www.bluewolf.com.mx /public_html/zodiac/js cortes_p.js
2018.06.28 16:36 B C:\Users\redkey\Documents\Google Drive L\zodiac\js\cortes_p.js --> www.bluewolf.com.mx /public_html/zodiac/js cortes_p.js
2018.06.28 16:37 B C:\Users\redkey\Documents\Google Drive L\zodiac\js\cortes_p.js --> www.bluewolf.com.mx /public_html/zodiac/js cortes_p.js
2018.06.28 16:39 B C:\Users\redkey\Documents\Google Drive L\zodiac\js\cortes_p.js --> www.bluewolf.com.mx /public_html/zodiac/js cortes_p.js
2018.06.28 16:41 B C:\Users\redkey\Documents\Google Drive L\zodiac\js\cortes_p.js --> www.bluewolf.com.mx /public_html/zodiac/js cortes_p.js
2018.06.28 16:46 B C:\Users\redkey\Documents\Google Drive L\zodiac\js\cortes_p.js --> www.bluewolf.com.mx /public_html/zodiac/js cortes_p.js
2018.07.19 11:39 B C:\Users\redkey\Documents\Google Drive L\zodiac\js\cortes_p.js --> www.bluewolf.com.mx /public_html/zodiac/js cortes_p.js
2018.07.19 11:44 B C:\Users\redkey\Documents\Google Drive L\zodiac\js\cortes_p.js --> www.bluewolf.com.mx /public_html/zodiac/js cortes_p.js
2018.07.19 11:45 B C:\Users\redkey\Documents\Google Drive L\zodiac\js\cortes_p.js --> www.bluewolf.com.mx /public_html/zodiac/js cortes_p.js
2018.07.19 11:46 B C:\Users\redkey\Documents\Google Drive L\zodiac\js\cortes_p.js --> www.bluewolf.com.mx /public_html/zodiac/js cortes_p.js
2018.07.19 11:49 B C:\Users\redkey\Documents\Google Drive L\zodiac\js\cortes_p.js --> www.bluewolf.com.mx /public_html/zodiac/js cortes_p.js
2018.07.19 11:51 B C:\Users\redkey\Documents\Google Drive L\zodiac\js\cortes_p.js --> www.bluewolf.com.mx /public_html/zodiac/js cortes_p.js
2018.07.19 11:55 B C:\Users\redkey\Documents\Google Drive L\zodiac\js\cortes_p.js --> www.bluewolf.com.mx /public_html/zodiac/eng/js cortes_p.js
2018.07.19 14:51 B C:\Users\marioalejandro\Google Drive\proyectos\zodiac\js\cortes_p.js --> www.bluewolf.com.mx /public_html/zodiac/js cortes_p.js
2018.07.19 15:17 B C:\Users\marioalejandro\Google Drive\proyectos\zodiac\js\cortes_p.js --> www.bluewolf.com.mx /public_html/zodiac/js cortes_p.js
2018.09.20 23:23 B C:\Users\marioalejandro\Google Drive\proyectos\zodiac\js\cortes_p.js --> www.bluewolf.com.mx /public_html/zodiac/js cortes_p.js
2019.03.27 13:04 B C:\Users\redkey\Documents\Repositorios\Zodiac\js\cortes_p.js --> www.bluewolf.com.mx /public_html/zodiac/js cortes_p.js
2019.03.27 13:05 B C:\Users\redkey\Documents\Repositorios\Zodiac\js\cortes_p.js --> www.bluewolf.com.mx /public_html/zodiac/js cortes_p.js
2019.03.27 13:07 B C:\Users\redkey\Documents\Repositorios\Zodiac\js\cortes_p.js --> www.bluewolf.com.mx /public_html/zodiac/js cortes_p.js
2019.03.27 13:07 B C:\Users\redkey\Documents\Repositorios\Zodiac\js\cortes_p.js --> www.bluewolf.com.mx /public_html/zodiac/js cortes_p.js
2019.03.27 13:08 B C:\Users\redkey\Documents\Repositorios\Zodiac\js\cortes_p.js --> www.bluewolf.com.mx /public_html/zodiac/js cortes_p.js
2019.03.27 13:14 B C:\Users\redkey\Documents\Repositorios\Zodiac\js\cortes_p.js --> www.bluewolf.com.mx /public_html/zodiac/js cortes_p.js
2019.03.27 13:15 B C:\Users\redkey\Documents\Repositorios\Zodiac\js\cortes_p.js --> www.bluewolf.com.mx /public_html/zodiac/js cortes_p.js
2019.03.27 13:16 B C:\Users\redkey\Documents\Repositorios\Zodiac\js\cortes_p.js --> www.bluewolf.com.mx /public_html/zodiac/js cortes_p.js
2019.03.27 13:17 B C:\Users\redkey\Documents\Repositorios\Zodiac\js\cortes_p.js --> www.bluewolf.com.mx /public_html/zodiac/js cortes_p.js
