2016.11.17 10:01 B C:\Users\marioalejandro\Desktop\Zodiac\public\css\jqueryui\images\ui-bg_diagonals-thick_18_b81900_40x40.png --> www.bluewolf.com.mx /public_html/Zodiac/public/css/jqueryui/images ui-bg_diagonals-thick_18_b81900_40x40.png
2016.11.17 10:01 B C:\Users\marioalejandro\Desktop\Zodiac\public\css\jqueryui\images\ui-bg_diagonals-thick_20_666666_40x40.png --> www.bluewolf.com.mx /public_html/Zodiac/public/css/jqueryui/images ui-bg_diagonals-thick_20_666666_40x40.png
2016.11.17 10:01 B C:\Users\marioalejandro\Desktop\Zodiac\public\css\jqueryui\images\ui-bg_flat_10_000000_40x100.png --> www.bluewolf.com.mx /public_html/Zodiac/public/css/jqueryui/images ui-bg_flat_10_000000_40x100.png
2016.11.17 10:01 B C:\Users\marioalejandro\Desktop\Zodiac\public\css\jqueryui\images\ui-bg_glass_100_f6f6f6_1x400.png --> www.bluewolf.com.mx /public_html/Zodiac/public/css/jqueryui/images ui-bg_glass_100_f6f6f6_1x400.png
2016.11.17 10:01 B C:\Users\marioalejandro\Desktop\Zodiac\public\css\jqueryui\images\ui-bg_glass_100_fdf5ce_1x400.png --> www.bluewolf.com.mx /public_html/Zodiac/public/css/jqueryui/images ui-bg_glass_100_fdf5ce_1x400.png
2016.11.17 10:01 B C:\Users\marioalejandro\Desktop\Zodiac\public\css\jqueryui\images\ui-bg_glass_65_ffffff_1x400.png --> www.bluewolf.com.mx /public_html/Zodiac/public/css/jqueryui/images ui-bg_glass_65_ffffff_1x400.png
2016.11.17 10:01 B C:\Users\marioalejandro\Desktop\Zodiac\public\css\jqueryui\images\ui-bg_gloss-wave_35_f6a828_500x100.png --> www.bluewolf.com.mx /public_html/Zodiac/public/css/jqueryui/images ui-bg_gloss-wave_35_f6a828_500x100.png
2016.11.17 10:01 B C:\Users\marioalejandro\Desktop\Zodiac\public\css\jqueryui\images\ui-bg_highlight-soft_100_eeeeee_1x100.png --> www.bluewolf.com.mx /public_html/Zodiac/public/css/jqueryui/images ui-bg_highlight-soft_100_eeeeee_1x100.png
2016.11.17 10:01 B C:\Users\marioalejandro\Desktop\Zodiac\public\css\jqueryui\images\ui-bg_highlight-soft_75_ffe45c_1x100.png --> www.bluewolf.com.mx /public_html/Zodiac/public/css/jqueryui/images ui-bg_highlight-soft_75_ffe45c_1x100.png
2016.11.17 10:01 B C:\Users\marioalejandro\Desktop\Zodiac\public\css\jqueryui\images\ui-icons_222222_256x240.png --> www.bluewolf.com.mx /public_html/Zodiac/public/css/jqueryui/images ui-icons_222222_256x240.png
2016.11.17 10:01 B C:\Users\marioalejandro\Desktop\Zodiac\public\css\jqueryui\images\ui-icons_228ef1_256x240.png --> www.bluewolf.com.mx /public_html/Zodiac/public/css/jqueryui/images ui-icons_228ef1_256x240.png
2016.11.17 10:01 B C:\Users\marioalejandro\Desktop\Zodiac\public\css\jqueryui\images\ui-icons_ef8c08_256x240.png --> www.bluewolf.com.mx /public_html/Zodiac/public/css/jqueryui/images ui-icons_ef8c08_256x240.png
2016.11.17 10:01 B C:\Users\marioalejandro\Desktop\Zodiac\public\css\jqueryui\images\ui-icons_ffd27a_256x240.png --> www.bluewolf.com.mx /public_html/Zodiac/public/css/jqueryui/images ui-icons_ffd27a_256x240.png
2016.11.17 10:01 B C:\Users\marioalejandro\Desktop\Zodiac\public\css\jqueryui\images\ui-icons_ffffff_256x240.png --> www.bluewolf.com.mx /public_html/Zodiac/public/css/jqueryui/images ui-icons_ffffff_256x240.png
2016.12.26 13:39 B C:\Users\marioalejandro\Google Drive\proyectos\zodiac\public\css\jqueryui\images\ui-bg_diagonals-thick_18_b81900_40x40.png --> www.bluewolf.com.mx /public_html/zodiac/public/css/jqueryui/images ui-bg_diagonals-thick_18_b81900_40x40.png
2016.12.26 13:39 B C:\Users\marioalejandro\Google Drive\proyectos\zodiac\public\css\jqueryui\images\ui-bg_diagonals-thick_20_666666_40x40.png --> www.bluewolf.com.mx /public_html/zodiac/public/css/jqueryui/images ui-bg_diagonals-thick_20_666666_40x40.png
2016.12.26 13:39 B C:\Users\marioalejandro\Google Drive\proyectos\zodiac\public\css\jqueryui\images\ui-bg_flat_10_000000_40x100.png --> www.bluewolf.com.mx /public_html/zodiac/public/css/jqueryui/images ui-bg_flat_10_000000_40x100.png
2016.12.26 13:39 B C:\Users\marioalejandro\Google Drive\proyectos\zodiac\public\css\jqueryui\images\ui-bg_glass_100_f6f6f6_1x400.png --> www.bluewolf.com.mx /public_html/zodiac/public/css/jqueryui/images ui-bg_glass_100_f6f6f6_1x400.png
2016.12.26 13:39 B C:\Users\marioalejandro\Google Drive\proyectos\zodiac\public\css\jqueryui\images\ui-bg_glass_100_fdf5ce_1x400.png --> www.bluewolf.com.mx /public_html/zodiac/public/css/jqueryui/images ui-bg_glass_100_fdf5ce_1x400.png
2016.12.26 13:39 B C:\Users\marioalejandro\Google Drive\proyectos\zodiac\public\css\jqueryui\images\ui-bg_glass_65_ffffff_1x400.png --> www.bluewolf.com.mx /public_html/zodiac/public/css/jqueryui/images ui-bg_glass_65_ffffff_1x400.png
2016.12.26 13:39 B C:\Users\marioalejandro\Google Drive\proyectos\zodiac\public\css\jqueryui\images\ui-bg_gloss-wave_35_f6a828_500x100.png --> www.bluewolf.com.mx /public_html/zodiac/public/css/jqueryui/images ui-bg_gloss-wave_35_f6a828_500x100.png
2016.12.26 13:39 B C:\Users\marioalejandro\Google Drive\proyectos\zodiac\public\css\jqueryui\images\ui-bg_highlight-soft_100_eeeeee_1x100.png --> www.bluewolf.com.mx /public_html/zodiac/public/css/jqueryui/images ui-bg_highlight-soft_100_eeeeee_1x100.png
2016.12.26 13:39 B C:\Users\marioalejandro\Google Drive\proyectos\zodiac\public\css\jqueryui\images\ui-bg_highlight-soft_75_ffe45c_1x100.png --> www.bluewolf.com.mx /public_html/zodiac/public/css/jqueryui/images ui-bg_highlight-soft_75_ffe45c_1x100.png
2016.12.26 13:39 B C:\Users\marioalejandro\Google Drive\proyectos\zodiac\public\css\jqueryui\images\ui-icons_222222_256x240.png --> www.bluewolf.com.mx /public_html/zodiac/public/css/jqueryui/images ui-icons_222222_256x240.png
2016.12.26 13:39 B C:\Users\marioalejandro\Google Drive\proyectos\zodiac\public\css\jqueryui\images\ui-icons_228ef1_256x240.png --> www.bluewolf.com.mx /public_html/zodiac/public/css/jqueryui/images ui-icons_228ef1_256x240.png
2016.12.26 13:39 B C:\Users\marioalejandro\Google Drive\proyectos\zodiac\public\css\jqueryui\images\ui-icons_ef8c08_256x240.png --> www.bluewolf.com.mx /public_html/zodiac/public/css/jqueryui/images ui-icons_ef8c08_256x240.png
2016.12.26 13:39 B C:\Users\marioalejandro\Google Drive\proyectos\zodiac\public\css\jqueryui\images\ui-icons_ffd27a_256x240.png --> www.bluewolf.com.mx /public_html/zodiac/public/css/jqueryui/images ui-icons_ffd27a_256x240.png
2016.12.26 13:39 B C:\Users\marioalejandro\Google Drive\proyectos\zodiac\public\css\jqueryui\images\ui-icons_ffffff_256x240.png --> www.bluewolf.com.mx /public_html/zodiac/public/css/jqueryui/images ui-icons_ffffff_256x240.png
2017.02.12 16:44 B C:\Users\marioalejandro\Google Drive\proyectos\zodiac\public\css\jqueryui\images\WS_FTP.LOG <-- bluewolf Godaddy /public_html/zodiac/public/css/jqueryui/images WS_FTP.LOG
2017.07.13 13:38 B C:\Users\marioalejandro\Google Drive\proyectos\zodiac\public\css\jqueryui\images\WS_FTP.LOG --> www.bluewolf.com.mx /public_html/zodiac/eng/public/css/jqueryui/images WS_FTP.LOG
2017.07.13 13:38 B C:\Users\marioalejandro\Google Drive\proyectos\zodiac\public\css\jqueryui\images\desktop.ini --> www.bluewolf.com.mx /public_html/zodiac/eng/public/css/jqueryui/images desktop.ini
2017.07.13 13:38 B C:\Users\marioalejandro\Google Drive\proyectos\zodiac\public\css\jqueryui\images\ui-icons_ffffff_256x240.png --> www.bluewolf.com.mx /public_html/zodiac/eng/public/css/jqueryui/images ui-icons_ffffff_256x240.png
2017.07.13 13:38 B C:\Users\marioalejandro\Google Drive\proyectos\zodiac\public\css\jqueryui\images\ui-icons_ffd27a_256x240.png --> www.bluewolf.com.mx /public_html/zodiac/eng/public/css/jqueryui/images ui-icons_ffd27a_256x240.png
2017.07.13 13:38 B C:\Users\marioalejandro\Google Drive\proyectos\zodiac\public\css\jqueryui\images\ui-icons_ef8c08_256x240.png --> www.bluewolf.com.mx /public_html/zodiac/eng/public/css/jqueryui/images ui-icons_ef8c08_256x240.png
2017.07.13 13:38 B C:\Users\marioalejandro\Google Drive\proyectos\zodiac\public\css\jqueryui\images\ui-icons_228ef1_256x240.png --> www.bluewolf.com.mx /public_html/zodiac/eng/public/css/jqueryui/images ui-icons_228ef1_256x240.png
2017.07.13 13:38 B C:\Users\marioalejandro\Google Drive\proyectos\zodiac\public\css\jqueryui\images\ui-icons_222222_256x240.png --> www.bluewolf.com.mx /public_html/zodiac/eng/public/css/jqueryui/images ui-icons_222222_256x240.png
2017.07.13 13:38 B C:\Users\marioalejandro\Google Drive\proyectos\zodiac\public\css\jqueryui\images\ui-bg_highlight-soft_75_ffe45c_1x100.png --> www.bluewolf.com.mx /public_html/zodiac/eng/public/css/jqueryui/images ui-bg_highlight-soft_75_ffe45c_1x100.png
2017.07.13 13:38 B C:\Users\marioalejandro\Google Drive\proyectos\zodiac\public\css\jqueryui\images\ui-bg_highlight-soft_100_eeeeee_1x100.png --> www.bluewolf.com.mx /public_html/zodiac/eng/public/css/jqueryui/images ui-bg_highlight-soft_100_eeeeee_1x100.png
2017.07.13 13:38 B C:\Users\marioalejandro\Google Drive\proyectos\zodiac\public\css\jqueryui\images\ui-bg_gloss-wave_35_f6a828_500x100.png --> www.bluewolf.com.mx /public_html/zodiac/eng/public/css/jqueryui/images ui-bg_gloss-wave_35_f6a828_500x100.png
2017.07.13 13:38 B C:\Users\marioalejandro\Google Drive\proyectos\zodiac\public\css\jqueryui\images\ui-bg_glass_65_ffffff_1x400.png --> www.bluewolf.com.mx /public_html/zodiac/eng/public/css/jqueryui/images ui-bg_glass_65_ffffff_1x400.png
2017.07.13 13:38 B C:\Users\marioalejandro\Google Drive\proyectos\zodiac\public\css\jqueryui\images\ui-bg_glass_100_fdf5ce_1x400.png --> www.bluewolf.com.mx /public_html/zodiac/eng/public/css/jqueryui/images ui-bg_glass_100_fdf5ce_1x400.png
2017.07.13 13:38 B C:\Users\marioalejandro\Google Drive\proyectos\zodiac\public\css\jqueryui\images\ui-bg_glass_100_f6f6f6_1x400.png --> www.bluewolf.com.mx /public_html/zodiac/eng/public/css/jqueryui/images ui-bg_glass_100_f6f6f6_1x400.png
2017.07.13 13:38 B C:\Users\marioalejandro\Google Drive\proyectos\zodiac\public\css\jqueryui\images\ui-bg_flat_10_000000_40x100.png --> www.bluewolf.com.mx /public_html/zodiac/eng/public/css/jqueryui/images ui-bg_flat_10_000000_40x100.png
2017.07.13 13:38 B C:\Users\marioalejandro\Google Drive\proyectos\zodiac\public\css\jqueryui\images\ui-bg_diagonals-thick_20_666666_40x40.png --> www.bluewolf.com.mx /public_html/zodiac/eng/public/css/jqueryui/images ui-bg_diagonals-thick_20_666666_40x40.png
2017.07.13 13:38 B C:\Users\marioalejandro\Google Drive\proyectos\zodiac\public\css\jqueryui\images\ui-bg_diagonals-thick_18_b81900_40x40.png --> www.bluewolf.com.mx /public_html/zodiac/eng/public/css/jqueryui/images ui-bg_diagonals-thick_18_b81900_40x40.png
2017.10.31 15:57 B C:\Users\marioalejandro\Google Drive\proyectos\zodiac\public\css\jqueryui\images\desktop.ini --> www.bluewolf.com.mx /public_html/iotdemo/public/css/jqueryui/images desktop.ini
2017.10.31 15:57 B C:\Users\marioalejandro\Google Drive\proyectos\zodiac\public\css\jqueryui\images\ui-bg_diagonals-thick_18_b81900_40x40.png --> www.bluewolf.com.mx /public_html/iotdemo/public/css/jqueryui/images ui-bg_diagonals-thick_18_b81900_40x40.png
2017.10.31 15:57 B C:\Users\marioalejandro\Google Drive\proyectos\zodiac\public\css\jqueryui\images\ui-bg_diagonals-thick_20_666666_40x40.png --> www.bluewolf.com.mx /public_html/iotdemo/public/css/jqueryui/images ui-bg_diagonals-thick_20_666666_40x40.png
2017.10.31 15:57 B C:\Users\marioalejandro\Google Drive\proyectos\zodiac\public\css\jqueryui\images\ui-bg_flat_10_000000_40x100.png --> www.bluewolf.com.mx /public_html/iotdemo/public/css/jqueryui/images ui-bg_flat_10_000000_40x100.png
2017.10.31 15:57 B C:\Users\marioalejandro\Google Drive\proyectos\zodiac\public\css\jqueryui\images\ui-bg_glass_100_f6f6f6_1x400.png --> www.bluewolf.com.mx /public_html/iotdemo/public/css/jqueryui/images ui-bg_glass_100_f6f6f6_1x400.png
2017.10.31 15:57 B C:\Users\marioalejandro\Google Drive\proyectos\zodiac\public\css\jqueryui\images\ui-bg_glass_100_fdf5ce_1x400.png --> www.bluewolf.com.mx /public_html/iotdemo/public/css/jqueryui/images ui-bg_glass_100_fdf5ce_1x400.png
2017.10.31 15:57 B C:\Users\marioalejandro\Google Drive\proyectos\zodiac\public\css\jqueryui\images\ui-bg_glass_65_ffffff_1x400.png --> www.bluewolf.com.mx /public_html/iotdemo/public/css/jqueryui/images ui-bg_glass_65_ffffff_1x400.png
2017.10.31 15:57 B C:\Users\marioalejandro\Google Drive\proyectos\zodiac\public\css\jqueryui\images\ui-bg_gloss-wave_35_f6a828_500x100.png --> www.bluewolf.com.mx /public_html/iotdemo/public/css/jqueryui/images ui-bg_gloss-wave_35_f6a828_500x100.png
2017.10.31 15:57 B C:\Users\marioalejandro\Google Drive\proyectos\zodiac\public\css\jqueryui\images\ui-bg_highlight-soft_100_eeeeee_1x100.png --> www.bluewolf.com.mx /public_html/iotdemo/public/css/jqueryui/images ui-bg_highlight-soft_100_eeeeee_1x100.png
2017.10.31 15:57 B C:\Users\marioalejandro\Google Drive\proyectos\zodiac\public\css\jqueryui\images\ui-bg_highlight-soft_75_ffe45c_1x100.png --> www.bluewolf.com.mx /public_html/iotdemo/public/css/jqueryui/images ui-bg_highlight-soft_75_ffe45c_1x100.png
2017.10.31 15:57 B C:\Users\marioalejandro\Google Drive\proyectos\zodiac\public\css\jqueryui\images\ui-icons_222222_256x240.png --> www.bluewolf.com.mx /public_html/iotdemo/public/css/jqueryui/images ui-icons_222222_256x240.png
2017.10.31 15:57 B C:\Users\marioalejandro\Google Drive\proyectos\zodiac\public\css\jqueryui\images\ui-icons_228ef1_256x240.png --> www.bluewolf.com.mx /public_html/iotdemo/public/css/jqueryui/images ui-icons_228ef1_256x240.png
2017.10.31 15:57 B C:\Users\marioalejandro\Google Drive\proyectos\zodiac\public\css\jqueryui\images\ui-icons_ef8c08_256x240.png --> www.bluewolf.com.mx /public_html/iotdemo/public/css/jqueryui/images ui-icons_ef8c08_256x240.png
2017.10.31 15:57 B C:\Users\marioalejandro\Google Drive\proyectos\zodiac\public\css\jqueryui\images\ui-icons_ffd27a_256x240.png --> www.bluewolf.com.mx /public_html/iotdemo/public/css/jqueryui/images ui-icons_ffd27a_256x240.png
2017.10.31 15:57 B C:\Users\marioalejandro\Google Drive\proyectos\zodiac\public\css\jqueryui\images\ui-icons_ffffff_256x240.png --> www.bluewolf.com.mx /public_html/iotdemo/public/css/jqueryui/images ui-icons_ffffff_256x240.png
2017.10.31 15:57 B C:\Users\marioalejandro\Google Drive\proyectos\zodiac\public\css\jqueryui\images\WS_FTP.LOG --> www.bluewolf.com.mx /public_html/iotdemo/public/css/jqueryui/images WS_FTP.LOG
