2016.12.26 13:41 B C:\Users\marioalejandro\Google Drive\proyectos\zodiac\index.php --> www.bluewolf.com.mx /public_html/zodiac index.php
2016.12.26 13:41 B C:\Users\marioalejandro\Google Drive\proyectos\zodiac\menu.php --> www.bluewolf.com.mx /public_html/zodiac menu.php
2016.12.26 13:41 B C:\Users\marioalejandro\Google Drive\proyectos\zodiac\rollos.php --> www.bluewolf.com.mx /public_html/zodiac rollos.php
2016.12.26 14:22 B C:\Users\marioalejandro\Google Drive\proyectos\zodiac\menu.php --> www.bluewolf.com.mx /public_html/zodiac menu.php
2016.12.26 14:23 B C:\Users\marioalejandro\Google Drive\proyectos\zodiac\menu.php --> www.bluewolf.com.mx /public_html/zodiac menu.php
2016.12.26 14:26 B C:\Users\marioalejandro\Google Drive\proyectos\zodiac\menu.php --> www.bluewolf.com.mx /public_html/zodiac menu.php
2016.12.26 14:26 B C:\Users\marioalejandro\Google Drive\proyectos\zodiac\menu_f.php --> www.bluewolf.com.mx /public_html/zodiac menu_f.php
2016.12.27 11:51 B C:\Users\marioalejandro\Google Drive\proyectos\zodiac\checar_sesion_admin.php --> www.bluewolf.com.mx /public_html/zodiac checar_sesion_admin.php
2016.12.27 11:51 B C:\Users\marioalejandro\Google Drive\proyectos\zodiac\coneccion.php --> www.bluewolf.com.mx /public_html/zodiac coneccion.php
2016.12.27 11:51 B C:\Users\marioalejandro\Google Drive\proyectos\zodiac\index.php --> www.bluewolf.com.mx /public_html/zodiac index.php
2016.12.27 11:51 B C:\Users\marioalejandro\Google Drive\proyectos\zodiac\menu.php --> www.bluewolf.com.mx /public_html/zodiac menu.php
2016.12.27 11:51 B C:\Users\marioalejandro\Google Drive\proyectos\zodiac\menu_f.php --> www.bluewolf.com.mx /public_html/zodiac menu_f.php
2016.12.27 11:51 B C:\Users\marioalejandro\Google Drive\proyectos\zodiac\rollos.php --> www.bluewolf.com.mx /public_html/zodiac rollos.php
2016.12.27 11:52 B C:\Users\marioalejandro\Google Drive\proyectos\zodiac\index.php --> www.bluewolf.com.mx /public_html/zodiac index.php
2016.12.27 11:53 B C:\Users\marioalejandro\Google Drive\proyectos\zodiac\index.php --> www.bluewolf.com.mx /public_html/zodiac index.php
2016.12.27 12:15 B C:\Users\marioalejandro\Google Drive\proyectos\zodiac\index.php --> www.bluewolf.com.mx /public_html/zodiac index.php
2016.12.27 12:16 B C:\Users\marioalejandro\Google Drive\proyectos\zodiac\index.php --> www.bluewolf.com.mx /public_html/zodiac index.php
2016.12.27 12:16 B C:\Users\marioalejandro\Google Drive\proyectos\zodiac\index.php --> www.bluewolf.com.mx /public_html/zodiac index.php
2016.12.27 16:08 B C:\Users\marioalejandro\Google Drive\proyectos\zodiac\fibras.php --> www.bluewolf.com.mx /public_html/zodiac fibras.php
2016.12.27 16:08 B C:\Users\marioalejandro\Google Drive\proyectos\zodiac\menu.php --> www.bluewolf.com.mx /public_html/zodiac menu.php
2016.12.27 16:08 B C:\Users\marioalejandro\Google Drive\proyectos\zodiac\menu_f.php --> www.bluewolf.com.mx /public_html/zodiac menu_f.php
2016.12.27 16:09 B C:\Users\marioalejandro\Google Drive\proyectos\zodiac\menu_f.php --> www.bluewolf.com.mx /public_html/zodiac menu_f.php
2016.12.27 16:10 B C:\Users\marioalejandro\Google Drive\proyectos\zodiac\fibras.php --> www.bluewolf.com.mx /public_html/zodiac fibras.php
2016.12.27 16:12 B C:\Users\marioalejandro\Google Drive\proyectos\zodiac\fibras.php --> www.bluewolf.com.mx /public_html/zodiac fibras.php
2016.12.27 16:12 B C:\Users\marioalejandro\Google Drive\proyectos\zodiac\fibras.php --> www.bluewolf.com.mx /public_html/zodiac fibras.php
2016.12.27 16:15 B C:\Users\marioalejandro\Google Drive\proyectos\zodiac\fibras.php --> www.bluewolf.com.mx /public_html/zodiac fibras.php
2016.12.27 16:57 B C:\Users\marioalejandro\Google Drive\proyectos\zodiac\proveedores.php --> www.bluewolf.com.mx /public_html/zodiac proveedores.php
2016.12.27 16:58 B C:\Users\marioalejandro\Google Drive\proyectos\zodiac\menu_f.php --> www.bluewolf.com.mx /public_html/zodiac menu_f.php
2016.12.27 17:37 B C:\Users\marioalejandro\Google Drive\proyectos\zodiac\lugares.php --> www.bluewolf.com.mx /public_html/zodiac lugares.php
2016.12.27 17:37 B C:\Users\marioalejandro\Google Drive\proyectos\zodiac\fibras.php --> www.bluewolf.com.mx /public_html/zodiac fibras.php
2016.12.27 17:37 B C:\Users\marioalejandro\Google Drive\proyectos\zodiac\proveedores.php --> www.bluewolf.com.mx /public_html/zodiac proveedores.php
2016.12.27 17:39 B C:\Users\marioalejandro\Google Drive\proyectos\zodiac\lugares.php --> www.bluewolf.com.mx /public_html/zodiac lugares.php
2016.12.27 17:40 B C:\Users\marioalejandro\Google Drive\proyectos\zodiac\lugares.php --> www.bluewolf.com.mx /public_html/zodiac lugares.php
2016.12.27 17:40 B C:\Users\marioalejandro\Google Drive\proyectos\zodiac\lugares.php --> www.bluewolf.com.mx /public_html/zodiac lugares.php
2016.12.27 17:41 B C:\Users\marioalejandro\Google Drive\proyectos\zodiac\lugares.php --> www.bluewolf.com.mx /public_html/zodiac lugares.php
2016.12.27 17:42 B C:\Users\marioalejandro\Google Drive\proyectos\zodiac\proveedores.php --> www.bluewolf.com.mx /public_html/zodiac proveedores.php
2016.12.27 17:42 B C:\Users\marioalejandro\Google Drive\proyectos\zodiac\lugares.php --> www.bluewolf.com.mx /public_html/zodiac lugares.php
2016.12.27 17:42 B C:\Users\marioalejandro\Google Drive\proyectos\zodiac\fibras.php --> www.bluewolf.com.mx /public_html/zodiac fibras.php
2016.12.27 17:44 B C:\Users\marioalejandro\Google Drive\proyectos\zodiac\lugares.php --> www.bluewolf.com.mx /public_html/zodiac lugares.php
2016.12.29 12:17 B C:\Users\marioalejandro\Google Drive\proyectos\zodiac\menu_f.php --> www.bluewolf.com.mx /public_html/zodiac menu_f.php
2016.12.29 12:34 B C:\Users\redkey\Google Drive 2\zodiac\posiciones.php --> www.bluewolf.com.mx /public_html/zodiac posiciones.php
2016.12.29 12:34 B C:\Users\redkey\Google Drive 2\zodiac\posiciones.php --> www.bluewolf.com.mx /public_html/zodiac posiciones.php
2016.12.29 12:37 B C:\Users\redkey\Google Drive 2\zodiac\posiciones.php --> www.bluewolf.com.mx /public_html/zodiac posiciones.php
2016.12.29 12:40 B C:\Users\redkey\Google Drive 2\zodiac\posiciones.php --> www.bluewolf.com.mx /public_html/zodiac posiciones.php
2016.12.29 12:41 B C:\Users\redkey\Google Drive 2\zodiac\posiciones.php --> www.bluewolf.com.mx /public_html/zodiac posiciones.php
2016.12.29 12:42 B C:\Users\redkey\Google Drive 2\zodiac\posiciones.php --> www.bluewolf.com.mx /public_html/zodiac posiciones.php
2016.12.29 12:43 B C:\Users\redkey\Google Drive 2\zodiac\posiciones.php --> www.bluewolf.com.mx /public_html/zodiac posiciones.php
2016.12.29 12:44 B C:\Users\redkey\Google Drive 2\zodiac\posiciones.php --> www.bluewolf.com.mx /public_html/zodiac posiciones.php
2016.12.29 12:53 B C:\Users\redkey\Google Drive 2\zodiac\posiciones.php --> www.bluewolf.com.mx /public_html/zodiac posiciones.php
2016.12.29 12:56 B C:\Users\redkey\Google Drive 2\zodiac\cortes.php --> www.bluewolf.com.mx /public_html/zodiac cortes.php
2016.12.29 13:08 B C:\Users\redkey\Google Drive 2\zodiac\cortes.php --> www.bluewolf.com.mx /public_html/zodiac cortes.php
2016.12.29 13:29 B C:\Users\redkey\Google Drive 2\zodiac\cortes.php --> www.bluewolf.com.mx /public_html/zodiac cortes.php
2016.12.29 13:31 B C:\Users\redkey\Google Drive 2\zodiac\cortes.php --> www.bluewolf.com.mx /public_html/zodiac cortes.php
2016.12.29 13:33 B C:\Users\redkey\Google Drive 2\zodiac\cortes.php --> www.bluewolf.com.mx /public_html/zodiac cortes.php
2016.12.29 13:33 B C:\Users\redkey\Google Drive 2\zodiac\cortes.php --> www.bluewolf.com.mx /public_html/zodiac cortes.php
2016.12.29 13:34 B C:\Users\redkey\Google Drive 2\zodiac\cortes.php --> www.bluewolf.com.mx /public_html/zodiac cortes.php
2016.12.29 15:00 B C:\Users\redkey\Google Drive 2\zodiac\cortes.php --> www.bluewolf.com.mx /public_html/zodiac cortes.php
2016.12.29 15:00 B C:\Users\redkey\Google Drive 2\zodiac\cortes.php --> www.bluewolf.com.mx /public_html/zodiac cortes.php
2016.12.29 15:06 B C:\Users\redkey\Google Drive 2\zodiac\cortes.php --> www.bluewolf.com.mx /public_html/zodiac cortes.php
2016.12.29 15:12 B C:\Users\redkey\Google Drive 2\zodiac\cortes.php --> www.bluewolf.com.mx /public_html/zodiac cortes.php
2016.12.29 15:12 B C:\Users\redkey\Google Drive 2\zodiac\cortes.php --> www.bluewolf.com.mx /public_html/zodiac cortes.php
2016.12.29 15:12 B C:\Users\redkey\Google Drive 2\zodiac\cortes.php --> www.bluewolf.com.mx /public_html/zodiac cortes.php
2016.12.29 15:13 B C:\Users\redkey\Google Drive 2\zodiac\cortes.php --> www.bluewolf.com.mx /public_html/zodiac cortes.php
2016.12.29 15:13 B C:\Users\redkey\Google Drive 2\zodiac\cortes.php --> www.bluewolf.com.mx /public_html/zodiac cortes.php
2016.12.29 15:15 B C:\Users\redkey\Google Drive 2\zodiac\cortes.php --> www.bluewolf.com.mx /public_html/zodiac cortes.php
2016.12.29 15:15 B C:\Users\redkey\Google Drive 2\zodiac\cortes.php --> www.bluewolf.com.mx /public_html/zodiac cortes.php
2016.12.29 15:20 B C:\Users\redkey\Google Drive 2\zodiac\cortes.php --> www.bluewolf.com.mx /public_html/zodiac cortes.php
2016.12.29 15:23 B C:\Users\redkey\Google Drive 2\zodiac\cortes.php --> www.bluewolf.com.mx /public_html/zodiac cortes.php
2016.12.29 15:24 B C:\Users\redkey\Google Drive 2\zodiac\cortes.php --> www.bluewolf.com.mx /public_html/zodiac cortes.php
2016.12.29 15:26 B C:\Users\redkey\Google Drive 2\zodiac\cortes.php --> www.bluewolf.com.mx /public_html/zodiac cortes.php
2016.12.29 15:27 B C:\Users\redkey\Google Drive 2\zodiac\cortes.php --> www.bluewolf.com.mx /public_html/zodiac cortes.php
2016.12.29 15:31 B C:\Users\marioalejandro\Google Drive\proyectos\zodiac\rollos.php --> www.bluewolf.com.mx /public_html/zodiac rollos.php
2016.12.29 15:36 B C:\Users\marioalejandro\Google Drive\proyectos\zodiac\rollos.php --> www.bluewolf.com.mx /public_html/zodiac rollos.php
2016.12.29 15:45 B C:\Users\redkey\Google Drive 2\zodiac\cortes.php --> www.bluewolf.com.mx /public_html/zodiac cortes.php
2016.12.29 15:47 B C:\Users\redkey\Google Drive 2\zodiac\cortes.php --> www.bluewolf.com.mx /public_html/zodiac cortes.php
2016.12.29 15:47 B C:\Users\marioalejandro\Google Drive\proyectos\zodiac\rollos.php --> www.bluewolf.com.mx /public_html/zodiac rollos.php
2016.12.29 15:48 B C:\Users\marioalejandro\Google Drive\proyectos\zodiac\rollos.php --> www.bluewolf.com.mx /public_html/zodiac rollos.php
2016.12.29 15:49 B C:\Users\redkey\Google Drive 2\zodiac\cortes.php --> www.bluewolf.com.mx /public_html/zodiac cortes.php
2016.12.29 15:49 B C:\Users\marioalejandro\Google Drive\proyectos\zodiac\rollos.php --> www.bluewolf.com.mx /public_html/zodiac rollos.php
2016.12.29 15:49 B C:\Users\marioalejandro\Google Drive\proyectos\zodiac\rollos.php --> www.bluewolf.com.mx /public_html/zodiac rollos.php
2016.12.29 15:50 B C:\Users\marioalejandro\Google Drive\proyectos\zodiac\rollos.php --> www.bluewolf.com.mx /public_html/zodiac rollos.php
2016.12.29 15:50 B C:\Users\marioalejandro\Google Drive\proyectos\zodiac\rollos.php --> www.bluewolf.com.mx /public_html/zodiac rollos.php
2016.12.29 15:52 B C:\Users\marioalejandro\Google Drive\proyectos\zodiac\rollos.php --> www.bluewolf.com.mx /public_html/zodiac rollos.php
2016.12.29 15:52 B C:\Users\marioalejandro\Google Drive\proyectos\zodiac\rollos.php --> www.bluewolf.com.mx /public_html/zodiac rollos.php
2016.12.29 15:53 B C:\Users\marioalejandro\Google Drive\proyectos\zodiac\rollos.php --> www.bluewolf.com.mx /public_html/zodiac rollos.php
2016.12.29 16:01 B C:\Users\redkey\Google Drive 2\zodiac\cortes.php --> www.bluewolf.com.mx /public_html/zodiac cortes.php
2016.12.29 16:10 B C:\Users\redkey\Google Drive 2\zodiac\cortes.php --> www.bluewolf.com.mx /public_html/zodiac cortes.php
2016.12.29 21:57 B C:\Users\marioalejandro\Google Drive\proyectos\zodiac\rollos.php --> www.bluewolf.com.mx /public_html/zodiac rollos.php
2016.12.29 21:57 B C:\Users\marioalejandro\Google Drive\proyectos\zodiac\lugares.php --> www.bluewolf.com.mx /public_html/zodiac lugares.php
2016.12.29 21:57 B C:\Users\marioalejandro\Google Drive\proyectos\zodiac\usuarios.php --> www.bluewolf.com.mx /public_html/zodiac usuarios.php
2016.12.29 21:57 B C:\Users\marioalejandro\Google Drive\proyectos\zodiac\proveedores.php --> www.bluewolf.com.mx /public_html/zodiac proveedores.php
2016.12.29 21:57 B C:\Users\marioalejandro\Google Drive\proyectos\zodiac\fibras.php --> www.bluewolf.com.mx /public_html/zodiac fibras.php
2016.12.29 21:58 B C:\Users\marioalejandro\Google Drive\proyectos\zodiac\usuarios.php --> www.bluewolf.com.mx /public_html/zodiac usuarios.php
2016.12.29 21:58 B C:\Users\marioalejandro\Google Drive\proyectos\zodiac\usuarios.php --> www.bluewolf.com.mx /public_html/zodiac usuarios.php
2016.12.29 21:58 B C:\Users\marioalejandro\Google Drive\proyectos\zodiac\usuarios.php --> www.bluewolf.com.mx /public_html/zodiac usuarios.php
2016.12.29 21:58 B C:\Users\marioalejandro\Google Drive\proyectos\zodiac\usuarios.php --> www.bluewolf.com.mx /public_html/zodiac usuarios.php
2016.12.29 22:04 B C:\Users\marioalejandro\Google Drive\proyectos\zodiac\usuarios.php --> www.bluewolf.com.mx /public_html/zodiac usuarios.php
2016.12.29 22:04 B C:\Users\marioalejandro\Google Drive\proyectos\zodiac\usuarios.php --> www.bluewolf.com.mx /public_html/zodiac usuarios.php
2016.12.29 22:04 B C:\Users\marioalejandro\Google Drive\proyectos\zodiac\usuarios.php --> www.bluewolf.com.mx /public_html/zodiac usuarios.php
2016.12.29 22:08 B C:\Users\marioalejandro\Google Drive\proyectos\zodiac\menu_f.php --> www.bluewolf.com.mx /public_html/zodiac menu_f.php
2016.12.30 14:46 B C:\Users\marioalejandro\Google Drive\proyectos\zodiac\updateCut.php --> www.bluewolf.com.mx /public_html/zodiac updateCut.php
2016.12.30 14:46 B C:\Users\marioalejandro\Google Drive\proyectos\zodiac\cortes_prod.php --> www.bluewolf.com.mx /public_html/zodiac cortes_prod.php
2016.12.30 14:46 B C:\Users\marioalejandro\Google Drive\proyectos\zodiac\pre_menu1.php --> www.bluewolf.com.mx /public_html/zodiac pre_menu1.php
2016.12.30 14:46 B C:\Users\marioalejandro\Google Drive\proyectos\zodiac\checar_sesion_prod.php --> www.bluewolf.com.mx /public_html/zodiac checar_sesion_prod.php
2016.12.30 14:46 B C:\Users\marioalejandro\Google Drive\proyectos\zodiac\checar_sesion_admin.php --> www.bluewolf.com.mx /public_html/zodiac checar_sesion_admin.php
2016.12.30 14:46 B C:\Users\marioalejandro\Google Drive\proyectos\zodiac\index.php --> www.bluewolf.com.mx /public_html/zodiac index.php
2016.12.30 14:46 B C:\Users\marioalejandro\Google Drive\proyectos\zodiac\menu_p.php --> www.bluewolf.com.mx /public_html/zodiac menu_p.php
2016.12.30 14:46 B C:\Users\marioalejandro\Google Drive\proyectos\zodiac\menu_f.php --> www.bluewolf.com.mx /public_html/zodiac menu_f.php
2016.12.30 14:48 B C:\Users\marioalejandro\Google Drive\proyectos\zodiac\checar_sesion_admin.php --> www.bluewolf.com.mx /public_html/zodiac checar_sesion_admin.php
2016.12.30 14:52 B C:\Users\marioalejandro\Google Drive\proyectos\zodiac\logout.php --> www.bluewolf.com.mx /public_html/zodiac logout.php
2016.12.30 14:52 B C:\Users\marioalejandro\Google Drive\proyectos\zodiac\pre_menu1.php --> www.bluewolf.com.mx /public_html/zodiac pre_menu1.php
2016.12.30 14:54 B C:\Users\marioalejandro\Google Drive\proyectos\zodiac\pre_menu1.php --> www.bluewolf.com.mx /public_html/zodiac pre_menu1.php
2016.12.30 14:55 B C:\Users\marioalejandro\Google Drive\proyectos\zodiac\menu1.php --> www.bluewolf.com.mx /public_html/zodiac menu1.php
2016.12.30 14:55 B C:\Users\marioalejandro\Google Drive\proyectos\zodiac\cortes_prod.php --> www.bluewolf.com.mx /public_html/zodiac cortes_prod.php
2016.12.30 14:56 B C:\Users\marioalejandro\Google Drive\proyectos\zodiac\cortes_prod.php --> www.bluewolf.com.mx /public_html/zodiac cortes_prod.php
2016.12.30 14:57 B C:\Users\marioalejandro\Google Drive\proyectos\zodiac\cortes_prod.php --> www.bluewolf.com.mx /public_html/zodiac cortes_prod.php
2016.12.30 14:58 B C:\Users\marioalejandro\Google Drive\proyectos\zodiac\cortes_prod.php --> www.bluewolf.com.mx /public_html/zodiac cortes_prod.php
2016.12.30 14:58 B C:\Users\marioalejandro\Google Drive\proyectos\zodiac\checar_sesion_prod.php --> www.bluewolf.com.mx /public_html/zodiac checar_sesion_prod.php
2016.12.30 14:58 B C:\Users\marioalejandro\Google Drive\proyectos\zodiac\cortes_prod.php --> www.bluewolf.com.mx /public_html/zodiac cortes_prod.php
2016.12.30 14:59 B C:\Users\marioalejandro\Google Drive\proyectos\zodiac\cortes_prod.php --> www.bluewolf.com.mx /public_html/zodiac cortes_prod.php
2016.12.30 14:59 B C:\Users\marioalejandro\Google Drive\proyectos\zodiac\cortes_prod.php --> www.bluewolf.com.mx /public_html/zodiac cortes_prod.php
2016.12.30 15:00 B C:\Users\marioalejandro\Google Drive\proyectos\zodiac\cortes_prod.php --> www.bluewolf.com.mx /public_html/zodiac cortes_prod.php
2016.12.30 15:00 B C:\Users\marioalejandro\Google Drive\proyectos\zodiac\cortes_prod.php --> www.bluewolf.com.mx /public_html/zodiac cortes_prod.php
2016.12.30 15:01 B C:\Users\marioalejandro\Google Drive\proyectos\zodiac\cortes_prod.php --> www.bluewolf.com.mx /public_html/zodiac cortes_prod.php
2016.12.30 15:01 B C:\Users\marioalejandro\Google Drive\proyectos\zodiac\cortes_prod.php --> www.bluewolf.com.mx /public_html/zodiac cortes_prod.php
2016.12.30 15:01 B C:\Users\marioalejandro\Google Drive\proyectos\zodiac\cortes_prod.php --> www.bluewolf.com.mx /public_html/zodiac cortes_prod.php
2016.12.30 15:02 B C:\Users\marioalejandro\Google Drive\proyectos\zodiac\cortes_prod.php --> www.bluewolf.com.mx /public_html/zodiac cortes_prod.php
2016.12.30 15:02 B C:\Users\marioalejandro\Google Drive\proyectos\zodiac\cortes_prod.php --> www.bluewolf.com.mx /public_html/zodiac cortes_prod.php
2016.12.30 15:03 B C:\Users\marioalejandro\Google Drive\proyectos\zodiac\cortes_prod.php --> www.bluewolf.com.mx /public_html/zodiac cortes_prod.php
2016.12.30 15:16 B C:\Users\marioalejandro\Google Drive\proyectos\zodiac\updateCut.php --> www.bluewolf.com.mx /public_html/zodiac updateCut.php
2017.01.02 12:30 B C:\Users\marioalejandro\Google Drive\proyectos\zodiac\menu_f.php --> www.bluewolf.com.mx /public_html/zodiac menu_f.php
2017.01.02 12:30 B C:\Users\marioalejandro\Google Drive\proyectos\zodiac\menu_p.php --> www.bluewolf.com.mx /public_html/zodiac menu_p.php
2017.01.02 12:33 B C:\Users\marioalejandro\Google Drive\proyectos\zodiac\menu1.php --> www.bluewolf.com.mx /public_html/zodiac menu1.php
2017.01.02 12:33 B C:\Users\marioalejandro\Google Drive\proyectos\zodiac\menu.php --> www.bluewolf.com.mx /public_html/zodiac menu.php
2017.01.02 12:40 B C:\Users\marioalejandro\Google Drive\proyectos\zodiac\menu_p.php --> www.bluewolf.com.mx /public_html/zodiac menu_p.php
2017.01.02 12:40 B C:\Users\marioalejandro\Google Drive\proyectos\zodiac\menu_f.php --> www.bluewolf.com.mx /public_html/zodiac menu_f.php
2017.01.02 13:48 B C:\Users\marioalejandro\Google Drive\proyectos\zodiac\cortes_prod.php --> www.bluewolf.com.mx /public_html/zodiac cortes_prod.php
2017.01.02 13:53 B C:\Users\marioalejandro\Google Drive\proyectos\zodiac\cortes_prod.php --> www.bluewolf.com.mx /public_html/zodiac cortes_prod.php
2017.01.02 13:58 B C:\Users\marioalejandro\Google Drive\proyectos\zodiac\cortes_prod.php --> www.bluewolf.com.mx /public_html/zodiac cortes_prod.php
2017.01.03 09:06 B C:\Users\marioalejandro\Google Drive\proyectos\zodiac\logout.php --> www.bluewolf.com.mx /public_html/zodiac logout.php
2017.01.03 09:07 B C:\Users\marioalejandro\Google Drive\proyectos\zodiac\logout.php --> www.bluewolf.com.mx /public_html/zodiac logout.php
2017.01.03 09:08 B C:\Users\marioalejandro\Google Drive\proyectos\zodiac\logout.php --> www.bluewolf.com.mx /public_html/zodiac logout.php
2017.01.03 09:26 B C:\Users\marioalejandro\Google Drive\proyectos\zodiac\cortes_prod.php --> www.bluewolf.com.mx /public_html/zodiac cortes_prod.php
2017.01.03 11:19 B C:\Users\marioalejandro\Google Drive\proyectos\zodiac\cambiar_orden.php --> www.bluewolf.com.mx /public_html/zodiac cambiar_orden.php
2017.01.03 11:19 B C:\Users\marioalejandro\Google Drive\proyectos\zodiac\cortes_prod.php --> www.bluewolf.com.mx /public_html/zodiac cortes_prod.php
2017.01.03 11:20 B C:\Users\marioalejandro\Google Drive\proyectos\zodiac\cambiar_orden.php --> www.bluewolf.com.mx /public_html/zodiac cambiar_orden.php
2017.01.03 11:22 B C:\Users\marioalejandro\Google Drive\proyectos\zodiac\cambiar_orden.php --> www.bluewolf.com.mx /public_html/zodiac cambiar_orden.php
2017.01.03 11:23 B C:\Users\marioalejandro\Google Drive\proyectos\zodiac\cambiar_orden.php --> www.bluewolf.com.mx /public_html/zodiac cambiar_orden.php
2017.01.03 11:23 B C:\Users\marioalejandro\Google Drive\proyectos\zodiac\cambiar_orden.php --> www.bluewolf.com.mx /public_html/zodiac cambiar_orden.php
2017.01.03 11:24 B C:\Users\marioalejandro\Google Drive\proyectos\zodiac\cambiar_orden.php --> www.bluewolf.com.mx /public_html/zodiac cambiar_orden.php
2017.01.03 11:24 B C:\Users\marioalejandro\Google Drive\proyectos\zodiac\cambiar_orden.php --> www.bluewolf.com.mx /public_html/zodiac cambiar_orden.php
2017.01.03 11:25 B C:\Users\marioalejandro\Google Drive\proyectos\zodiac\cambiar_orden.php --> www.bluewolf.com.mx /public_html/zodiac cambiar_orden.php
2017.01.03 11:26 B C:\Users\marioalejandro\Google Drive\proyectos\zodiac\cambiar_orden.php --> www.bluewolf.com.mx /public_html/zodiac cambiar_orden.php
2017.01.03 11:52 B C:\Users\marioalejandro\Google Drive\proyectos\zodiac\cambiar_orden.php --> www.bluewolf.com.mx /public_html/zodiac cambiar_orden.php
2017.01.03 11:53 B C:\Users\marioalejandro\Google Drive\proyectos\zodiac\cambiar_orden.php --> www.bluewolf.com.mx /public_html/zodiac cambiar_orden.php
2017.01.04 10:27 B C:\Users\marioalejandro\Google Drive\proyectos\zodiac\updateCut.php --> www.bluewolf.com.mx /public_html/zodiac updateCut.php
2017.01.04 14:14 B C:\Users\marioalejandro\Google Drive\proyectos\zodiac\cortes_prod.php --> www.bluewolf.com.mx /public_html/zodiac cortes_prod.php
2017.01.04 14:15 B C:\Users\marioalejandro\Google Drive\proyectos\zodiac\thickbox.js --> www.bluewolf.com.mx /public_html/zodiac thickbox.js
2017.01.04 14:15 B C:\Users\marioalejandro\Google Drive\proyectos\zodiac\thickbox.css --> www.bluewolf.com.mx /public_html/zodiac thickbox.css
2017.01.04 14:19 B C:\Users\marioalejandro\Google Drive\proyectos\zodiac\C:\Users\marioalejandro\Google Drive\proyectos\sauzal\sitio\images\controls.png --> www.bluewolf.com.mx /public_html/zodiac/images controls.png
2017.01.04 14:19 B C:\Users\marioalejandro\Google Drive\proyectos\zodiac\C:\Users\marioalejandro\Google Drive\proyectos\sauzal\sitio\images\loading.gif --> www.bluewolf.com.mx /public_html/zodiac/images loading.gif
2017.01.04 14:19 B C:\Users\marioalejandro\Google Drive\proyectos\zodiac\C:\Users\marioalejandro\Google Drive\proyectos\sauzal\sitio\images\loading_background.png --> www.bluewolf.com.mx /public_html/zodiac/images loading_background.png
2017.01.04 14:19 B C:\Users\marioalejandro\Google Drive\proyectos\zodiac\C:\Users\marioalejandro\Google Drive\proyectos\sauzal\sitio\images\closelabel.gif --> www.bluewolf.com.mx /public_html/zodiac/images closelabel.gif
2017.01.04 14:19 B C:\Users\marioalejandro\Google Drive\proyectos\zodiac\C:\Users\marioalejandro\Google Drive\proyectos\sauzal\sitio\images\closelabel2.gif --> www.bluewolf.com.mx /public_html/zodiac/images closelabel2.gif
2017.01.04 15:36 B C:\Users\marioalejandro\Google Drive\proyectos\zodiac\cambiar_orden.php --> www.bluewolf.com.mx /public_html/zodiac cambiar_orden.php
2017.01.04 15:38 B C:\Users\marioalejandro\Google Drive\proyectos\zodiac\cortes_prod.php --> www.bluewolf.com.mx /public_html/zodiac cortes_prod.php
2017.01.04 15:56 B C:\Users\marioalejandro\Google Drive\proyectos\zodiac\cortes_prod.php --> www.bluewolf.com.mx /public_html/zodiac cortes_prod.php
2017.01.04 16:09 B C:\Users\marioalejandro\Google Drive\proyectos\zodiac\cortes_prod.php --> www.bluewolf.com.mx /public_html/zodiac cortes_prod.php
2017.01.04 16:11 B C:\Users\marioalejandro\Google Drive\proyectos\zodiac\cortes_prod.php --> www.bluewolf.com.mx /public_html/zodiac cortes_prod.php
2017.01.04 16:14 B C:\Users\marioalejandro\Google Drive\proyectos\zodiac\cortes_prod.php --> www.bluewolf.com.mx /public_html/zodiac cortes_prod.php
2017.01.04 16:28 B C:\Users\marioalejandro\Google Drive\proyectos\zodiac\cortes_prod.php --> www.bluewolf.com.mx / cortes_prod.php
2017.01.04 16:28 B C:\Users\marioalejandro\Google Drive\proyectos\zodiac\cortes_prod.php --> www.bluewolf.com.mx /public_html/zodiac cortes_prod.php
2017.01.04 16:28 B C:\Users\marioalejandro\Google Drive\proyectos\zodiac\cortes_prod.php --> www.bluewolf.com.mx /public_html/zodiac cortes_prod.php
2017.01.04 16:29 B C:\Users\marioalejandro\Google Drive\proyectos\zodiac\cortes_prod.php --> www.bluewolf.com.mx /public_html/zodiac cortes_prod.php
2017.01.04 16:34 B C:\Users\marioalejandro\Google Drive\proyectos\zodiac\cortes_prod.php --> www.bluewolf.com.mx /public_html/zodiac cortes_prod.php
2017.01.04 16:34 B C:\Users\marioalejandro\Google Drive\proyectos\zodiac\cortes_prod.php --> www.bluewolf.com.mx /public_html/zodiac cortes_prod.php
2017.01.04 16:35 B C:\Users\marioalejandro\Google Drive\proyectos\zodiac\cortes_prod.php --> www.bluewolf.com.mx /public_html/zodiac cortes_prod.php
2017.01.04 16:36 B C:\Users\marioalejandro\Google Drive\proyectos\zodiac\cortes_prod.php --> www.bluewolf.com.mx /public_html/zodiac cortes_prod.php
2017.01.04 16:43 B C:\Users\marioalejandro\Google Drive\proyectos\zodiac\cortes_prod.php --> www.bluewolf.com.mx /public_html/zodiac cortes_prod.php
2017.01.05 10:36 B C:\Users\redkey\Google Drive 2\zodiac\cortes.php --> www.bluewolf.com.mx /public_html/zodiac cortes.php
2017.01.05 12:23 B C:\Users\redkey\Google Drive 2\zodiac\cortes.php --> www.bluewolf.com.mx /public_html/zodiac cortes.php
2017.01.05 12:24 B C:\Users\redkey\Google Drive 2\zodiac\cortes.php --> www.bluewolf.com.mx /public_html/zodiac cortes.php
2017.01.05 12:27 B C:\Users\redkey\Google Drive 2\zodiac\cortes.php --> www.bluewolf.com.mx /public_html/zodiac cortes.php
2017.01.05 12:27 B C:\Users\redkey\Google Drive 2\zodiac\cortes.php --> www.bluewolf.com.mx /public_html/zodiac cortes.php
2017.01.05 12:33 B C:\Users\redkey\Google Drive 2\zodiac\cortes.php --> www.bluewolf.com.mx /public_html/zodiac cortes.php
2017.01.05 12:34 B C:\Users\redkey\Google Drive 2\zodiac\cortes.php --> www.bluewolf.com.mx /public_html/zodiac cortes.php
2017.01.05 12:34 B C:\Users\redkey\Google Drive 2\zodiac\cortes.php --> www.bluewolf.com.mx /public_html/zodiac cortes.php
2017.01.05 12:35 B C:\Users\redkey\Google Drive 2\zodiac\cortes.php --> www.bluewolf.com.mx /public_html/zodiac cortes.php
2017.01.05 12:36 B C:\Users\redkey\Google Drive 2\zodiac\cortes.php --> www.bluewolf.com.mx /public_html/zodiac cortes.php
2017.01.05 12:37 B C:\Users\redkey\Google Drive 2\zodiac\cortes.php --> www.bluewolf.com.mx /public_html/zodiac cortes.php
2017.01.05 12:38 B C:\Users\redkey\Google Drive 2\zodiac\cortes.php --> www.bluewolf.com.mx /public_html/zodiac cortes.php
2017.01.05 12:38 B C:\Users\redkey\Google Drive 2\zodiac\cortes.php --> www.bluewolf.com.mx /public_html/zodiac cortes.php
2017.01.05 12:43 B C:\Users\redkey\Google Drive 2\zodiac\cortes.php --> www.bluewolf.com.mx /public_html/zodiac cortes.php
2017.01.05 12:44 B C:\Users\redkey\Google Drive 2\zodiac\cortes.php --> www.bluewolf.com.mx /public_html/zodiac cortes.php
2017.01.05 12:44 B C:\Users\redkey\Google Drive 2\zodiac\cortes.php --> www.bluewolf.com.mx /public_html/zodiac cortes.php
2017.01.05 13:29 B C:\Users\redkey\Google Drive 2\zodiac\cortes.php --> www.bluewolf.com.mx /public_html/zodiac cortes.php
2017.01.05 13:29 B C:\Users\redkey\Google Drive 2\zodiac\cortes.php --> www.bluewolf.com.mx /public_html/zodiac cortes.php
2017.01.05 13:34 B C:\Users\redkey\Google Drive 2\zodiac\cortes.php --> www.bluewolf.com.mx /public_html/zodiac cortes.php
2017.01.05 13:35 B C:\Users\redkey\Google Drive 2\zodiac\cortes.php --> www.bluewolf.com.mx /public_html/zodiac cortes.php
2017.01.05 13:47 B C:\Users\redkey\Google Drive 2\zodiac\cortes.php --> www.bluewolf.com.mx /public_html/zodiac cortes.php
2017.01.05 13:47 B C:\Users\redkey\Google Drive 2\zodiac\cortes.php --> www.bluewolf.com.mx /public_html/zodiac cortes.php
2017.01.06 09:51 B C:\Users\redkey\Google Drive 2\zodiac\cortes.php --> www.bluewolf.com.mx /public_html/zodiac cortes.php
2017.01.06 12:19 B C:\Users\redkey\Google Drive 2\zodiac\cortes.php --> www.bluewolf.com.mx /public_html/zodiac cortes.php
2017.01.06 12:20 B C:\Users\redkey\Google Drive 2\zodiac\cortes.php --> www.bluewolf.com.mx /public_html/zodiac cortes.php
2017.01.06 12:20 B C:\Users\redkey\Google Drive 2\zodiac\cortes.php --> www.bluewolf.com.mx /public_html/zodiac cortes.php
2017.01.06 12:22 B C:\Users\redkey\Google Drive 2\zodiac\cortes.php --> www.bluewolf.com.mx /public_html/zodiac cortes.php
2017.01.06 12:22 B C:\Users\redkey\Google Drive 2\zodiac\cortes.php --> www.bluewolf.com.mx /public_html/zodiac cortes.php
2017.01.06 12:22 B C:\Users\redkey\Google Drive 2\zodiac\cortes.php --> www.bluewolf.com.mx /public_html/zodiac cortes.php
2017.01.06 12:23 B C:\Users\redkey\Google Drive 2\zodiac\cortes.php --> www.bluewolf.com.mx /public_html/zodiac cortes.php
2017.01.06 12:23 B C:\Users\redkey\Google Drive 2\zodiac\cortes.php --> www.bluewolf.com.mx /public_html/zodiac cortes.php
2017.01.06 12:23 B C:\Users\redkey\Google Drive 2\zodiac\cortes.php --> www.bluewolf.com.mx /public_html/zodiac cortes.php
2017.01.06 12:23 B C:\Users\redkey\Google Drive 2\zodiac\cortes.php --> www.bluewolf.com.mx /public_html/zodiac cortes.php
2017.01.06 12:23 B C:\Users\redkey\Google Drive 2\zodiac\cortes.php --> www.bluewolf.com.mx /public_html/zodiac cortes.php
2017.01.06 12:24 B C:\Users\redkey\Google Drive 2\zodiac\cortes.php --> www.bluewolf.com.mx /public_html/zodiac cortes.php
2017.01.06 12:24 B C:\Users\redkey\Google Drive 2\zodiac\cortes.php --> www.bluewolf.com.mx /public_html/zodiac cortes.php
2017.01.06 12:24 B C:\Users\redkey\Google Drive 2\zodiac\cortes.php --> www.bluewolf.com.mx /public_html/zodiac cortes.php
2017.01.06 12:25 B C:\Users\redkey\Google Drive 2\zodiac\cortes.php --> www.bluewolf.com.mx /public_html/zodiac cortes.php
2017.01.06 12:25 B C:\Users\redkey\Google Drive 2\zodiac\cortes.php --> www.bluewolf.com.mx /public_html/zodiac cortes.php
2017.01.06 12:28 B C:\Users\redkey\Google Drive 2\zodiac\cortes.php --> www.bluewolf.com.mx /public_html/zodiac cortes.php
2017.01.06 12:29 B C:\Users\redkey\Google Drive 2\zodiac\cortes.php --> www.bluewolf.com.mx /public_html/zodiac cortes.php
2017.01.06 12:29 B C:\Users\redkey\Google Drive 2\zodiac\cortes.php --> www.bluewolf.com.mx /public_html/zodiac cortes.php
2017.01.06 12:31 B C:\Users\redkey\Google Drive 2\zodiac\cortes.php --> www.bluewolf.com.mx /public_html/zodiac cortes.php
2017.01.06 12:32 B C:\Users\redkey\Google Drive 2\zodiac\cortes.php --> www.bluewolf.com.mx /public_html/zodiac cortes.php
2017.01.06 12:33 B C:\Users\redkey\Google Drive 2\zodiac\cortes.php --> www.bluewolf.com.mx /public_html/zodiac cortes.php
2017.01.06 12:35 B C:\Users\redkey\Google Drive 2\zodiac\cortes.php --> www.bluewolf.com.mx /public_html/zodiac cortes.php
2017.01.06 12:39 B C:\Users\redkey\Google Drive 2\zodiac\cortes.php --> www.bluewolf.com.mx /public_html/zodiac cortes.php
2017.01.06 12:40 B C:\Users\redkey\Google Drive 2\zodiac\cortes.php --> www.bluewolf.com.mx /public_html/zodiac cortes.php
2017.01.06 12:41 B C:\Users\redkey\Google Drive 2\zodiac\cortes.php --> www.bluewolf.com.mx /public_html/zodiac cortes.php
2017.01.06 12:41 B C:\Users\redkey\Google Drive 2\zodiac\cortes.php --> www.bluewolf.com.mx /public_html/zodiac cortes.php
2017.01.06 12:50 B C:\Users\redkey\Google Drive 2\zodiac\cortes.php --> www.bluewolf.com.mx /public_html/zodiac cortes.php
2017.01.06 12:51 B C:\Users\redkey\Google Drive 2\zodiac\cortes.php --> www.bluewolf.com.mx /public_html/zodiac cortes.php
2017.01.06 12:52 B C:\Users\redkey\Google Drive 2\zodiac\cortes.php --> www.bluewolf.com.mx /public_html/zodiac cortes.php
2017.01.06 12:53 B C:\Users\redkey\Google Drive 2\zodiac\cortes.php --> www.bluewolf.com.mx /public_html/zodiac cortes.php
2017.01.06 12:53 B C:\Users\redkey\Google Drive 2\zodiac\cortes.php --> www.bluewolf.com.mx /public_html/zodiac cortes.php
2017.01.06 12:53 B C:\Users\redkey\Google Drive 2\zodiac\cortes.php --> www.bluewolf.com.mx /public_html/zodiac cortes.php
2017.01.06 12:56 B C:\Users\redkey\Google Drive 2\zodiac\cortes.php --> www.bluewolf.com.mx /public_html/zodiac cortes.php
2017.01.06 12:57 B C:\Users\redkey\Google Drive 2\zodiac\cortes.php --> www.bluewolf.com.mx /public_html/zodiac cortes.php
2017.01.06 12:58 B C:\Users\redkey\Google Drive 2\zodiac\cortes.php --> www.bluewolf.com.mx /public_html/zodiac cortes.php
2017.01.06 13:29 B C:\Users\redkey\Google Drive 2\zodiac\prueba.php --> www.bluewolf.com.mx /public_html/zodiac prueba.php
2017.01.06 13:29 B C:\Users\redkey\Google Drive 2\zodiac\prueba.php --> www.bluewolf.com.mx /public_html/zodiac prueba.php
2017.01.06 13:39 B C:\Users\redkey\Google Drive 2\zodiac\cortes.php --> www.bluewolf.com.mx /public_html/zodiac cortes.php
2017.01.06 13:48 B C:\Users\redkey\Google Drive 2\zodiac\cortes.php --> www.bluewolf.com.mx /public_html/zodiac cortes.php
2017.01.06 13:52 B C:\Users\redkey\Google Drive 2\zodiac\cortes.php --> www.bluewolf.com.mx /public_html/zodiac cortes.php
2017.01.06 13:55 B C:\Users\redkey\Google Drive 2\zodiac\cortes.php --> www.bluewolf.com.mx /public_html/zodiac cortes.php
2017.01.06 13:57 B C:\Users\redkey\Google Drive 2\zodiac\cortes.php --> www.bluewolf.com.mx /public_html/zodiac cortes.php
2017.01.06 14:11 B C:\Users\redkey\Google Drive 2\zodiac\cortes.php --> www.bluewolf.com.mx /public_html/zodiac cortes.php
2017.01.06 14:15 B C:\Users\redkey\Google Drive 2\zodiac\cortes.php --> www.bluewolf.com.mx /public_html/zodiac cortes.php
2017.01.06 14:15 B C:\Users\redkey\Google Drive 2\zodiac\cortes.php --> www.bluewolf.com.mx /public_html/zodiac cortes.php
2017.01.06 14:16 B C:\Users\redkey\Google Drive 2\zodiac\cortes.php --> www.bluewolf.com.mx /public_html/zodiac cortes.php
2017.01.06 14:20 B C:\Users\redkey\Google Drive 2\zodiac\cortes.php --> www.bluewolf.com.mx /public_html/zodiac cortes.php
2017.01.06 14:22 B C:\Users\redkey\Google Drive 2\zodiac\cortes.php --> www.bluewolf.com.mx /public_html/zodiac cortes.php
2017.01.06 14:23 B C:\Users\redkey\Google Drive 2\zodiac\cortes.php --> www.bluewolf.com.mx /public_html/zodiac cortes.php
2017.01.06 14:23 B C:\Users\redkey\Google Drive 2\zodiac\cortes.php --> www.bluewolf.com.mx /public_html/zodiac cortes.php
2017.01.06 14:23 B C:\Users\redkey\Google Drive 2\zodiac\cortes.php --> www.bluewolf.com.mx /public_html/zodiac cortes.php
2017.01.06 14:24 B C:\Users\redkey\Google Drive 2\zodiac\cortes.php --> www.bluewolf.com.mx /public_html/zodiac cortes.php
2017.01.06 14:25 B C:\Users\redkey\Google Drive 2\zodiac\cortes.php --> www.bluewolf.com.mx /public_html/zodiac cortes.php
2017.01.06 14:25 B C:\Users\redkey\Google Drive 2\zodiac\cortes.php --> www.bluewolf.com.mx /public_html/zodiac cortes.php
2017.01.06 14:27 B C:\Users\redkey\Google Drive 2\zodiac\cortes.php --> www.bluewolf.com.mx /public_html/zodiac cortes.php
2017.01.06 14:28 B C:\Users\redkey\Google Drive 2\zodiac\cortes.php --> www.bluewolf.com.mx /public_html/zodiac cortes.php
2017.01.06 14:29 B C:\Users\redkey\Google Drive 2\zodiac\cortes.php --> www.bluewolf.com.mx /public_html/zodiac cortes.php
2017.01.06 14:30 B C:\Users\redkey\Google Drive 2\zodiac\cortes.php --> www.bluewolf.com.mx /public_html/zodiac cortes.php
2017.01.06 14:32 B C:\Users\redkey\Google Drive 2\zodiac\cortes.php --> www.bluewolf.com.mx /public_html/zodiac cortes.php
2017.01.06 14:38 B C:\Users\redkey\Google Drive 2\zodiac\cortes.php --> www.bluewolf.com.mx /public_html/zodiac cortes.php
2017.01.06 15:07 B C:\Users\redkey\Google Drive 2\zodiac\cortes.php --> www.bluewolf.com.mx /public_html/zodiac cortes.php
2017.01.06 15:41 B C:\Users\redkey\Google Drive 2\zodiac\cortes.php --> www.bluewolf.com.mx /public_html/zodiac cortes.php
2017.01.06 15:42 B C:\Users\redkey\Google Drive 2\zodiac\cortes.php --> www.bluewolf.com.mx /public_html/zodiac cortes.php
2017.01.06 15:43 B C:\Users\redkey\Google Drive 2\zodiac\cortes.php --> www.bluewolf.com.mx /public_html/zodiac cortes.php
2017.01.06 15:51 B C:\Users\redkey\Google Drive 2\zodiac\cortes.php --> www.bluewolf.com.mx /public_html/zodiac cortes.php
2017.01.06 15:51 B C:\Users\redkey\Google Drive 2\zodiac\cortes.php --> www.bluewolf.com.mx /public_html/zodiac cortes.php
2017.01.06 15:54 B C:\Users\redkey\Google Drive 2\zodiac\cortes.php --> www.bluewolf.com.mx /public_html/zodiac cortes.php
2017.01.06 15:57 B C:\Users\redkey\Google Drive 2\zodiac\cortes.php --> www.bluewolf.com.mx /public_html/zodiac cortes.php
2017.01.06 16:01 B C:\Users\redkey\Google Drive 2\zodiac\cortes.php --> www.bluewolf.com.mx /public_html/zodiac cortes.php
2017.01.06 16:22 B C:\Users\redkey\Google Drive 2\zodiac\cortes.php --> www.bluewolf.com.mx /public_html cortes.php
2017.01.06 16:22 B C:\Users\redkey\Google Drive 2\zodiac\cortes.php --> www.bluewolf.com.mx /public_html/zodiac cortes.php
2017.01.06 16:23 B C:\Users\redkey\Google Drive 2\zodiac\cortes.php --> www.bluewolf.com.mx /public_html/zodiac cortes.php
2017.01.06 16:24 B C:\Users\redkey\Google Drive 2\zodiac\cortes.php --> www.bluewolf.com.mx /public_html/zodiac cortes.php
2017.01.06 16:25 B C:\Users\redkey\Google Drive 2\zodiac\cortes.php --> www.bluewolf.com.mx /public_html/zodiac cortes.php
2017.01.06 16:25 B C:\Users\redkey\Google Drive 2\zodiac\cortes.php --> www.bluewolf.com.mx /public_html/zodiac cortes.php
2017.01.06 16:26 B C:\Users\redkey\Google Drive 2\zodiac\cortes.php --> www.bluewolf.com.mx /public_html/zodiac cortes.php
2017.01.06 16:26 B C:\Users\redkey\Google Drive 2\zodiac\cortes.php --> www.bluewolf.com.mx /public_html/zodiac cortes.php
2017.01.06 16:52 B C:\Users\redkey\Google Drive 2\zodiac\cortes.php --> www.bluewolf.com.mx /public_html/zodiac cortes.php
2017.01.09 12:53 B C:\Users\marioalejandro\Google Drive\proyectos\zodiac\cortes_prod.php --> www.bluewolf.com.mx /public_html/zodiac cortes_prod.php
2017.01.09 12:53 B C:\Users\marioalejandro\Google Drive\proyectos\zodiac\sesionActiva.php --> www.bluewolf.com.mx /public_html/zodiac sesionActiva.php
2017.01.09 12:53 B C:\Users\marioalejandro\Google Drive\proyectos\zodiac\logout.php --> www.bluewolf.com.mx /public_html/zodiac logout.php
2017.01.09 12:53 B C:\Users\marioalejandro\Google Drive\proyectos\zodiac\menu1.php --> www.bluewolf.com.mx /public_html/zodiac menu1.php
2017.01.09 13:48 B C:\Users\marioalejandro\Google Drive\proyectos\zodiac\monitor_sesiones.php --> www.bluewolf.com.mx /public_html/zodiac monitor_sesiones.php
2017.01.10 12:19 B C:\Users\marioalejandro\Google Drive\proyectos\zodiac\cortes_prod.php --> www.bluewolf.com.mx /public_html/zodiac cortes_prod.php
2017.01.10 12:21 B C:\Users\marioalejandro\Google Drive\proyectos\zodiac\cortes_prod.php --> www.bluewolf.com.mx /public_html/zodiac cortes_prod.php
2017.01.10 12:22 B C:\Users\marioalejandro\Google Drive\proyectos\zodiac\cortes_prod.php --> www.bluewolf.com.mx /public_html/zodiac cortes_prod.php
