2016.11.17 10:01 B C:\Users\marioalejandro\Desktop\Zodiac\public\images\prettyPhoto\default\default_thumb.png --> www.bluewolf.com.mx /public_html/Zodiac/public/images/prettyPhoto/default default_thumb.png
2016.11.17 10:01 B C:\Users\marioalejandro\Desktop\Zodiac\public\images\prettyPhoto\default\loader.gif --> www.bluewolf.com.mx /public_html/Zodiac/public/images/prettyPhoto/default loader.gif
2016.11.17 10:01 B C:\Users\marioalejandro\Desktop\Zodiac\public\images\prettyPhoto\default\sprite.png --> www.bluewolf.com.mx /public_html/Zodiac/public/images/prettyPhoto/default sprite.png
2016.11.17 10:01 B C:\Users\marioalejandro\Desktop\Zodiac\public\images\prettyPhoto\default\sprite_next.png --> www.bluewolf.com.mx /public_html/Zodiac/public/images/prettyPhoto/default sprite_next.png
2016.11.17 10:01 B C:\Users\marioalejandro\Desktop\Zodiac\public\images\prettyPhoto\default\sprite_prev.png --> www.bluewolf.com.mx /public_html/Zodiac/public/images/prettyPhoto/default sprite_prev.png
2016.11.17 10:01 B C:\Users\marioalejandro\Desktop\Zodiac\public\images\prettyPhoto\default\sprite_x.png --> www.bluewolf.com.mx /public_html/Zodiac/public/images/prettyPhoto/default sprite_x.png
2016.11.17 10:01 B C:\Users\marioalejandro\Desktop\Zodiac\public\images\prettyPhoto\default\sprite_y.png --> www.bluewolf.com.mx /public_html/Zodiac/public/images/prettyPhoto/default sprite_y.png
2016.12.26 13:39 B C:\Users\marioalejandro\Google Drive\proyectos\zodiac\public\images\prettyPhoto\default\default_thumb.png --> www.bluewolf.com.mx /public_html/zodiac/public/images/prettyPhoto/default default_thumb.png
2016.12.26 13:39 B C:\Users\marioalejandro\Google Drive\proyectos\zodiac\public\images\prettyPhoto\default\loader.gif --> www.bluewolf.com.mx /public_html/zodiac/public/images/prettyPhoto/default loader.gif
2016.12.26 13:39 B C:\Users\marioalejandro\Google Drive\proyectos\zodiac\public\images\prettyPhoto\default\sprite.png --> www.bluewolf.com.mx /public_html/zodiac/public/images/prettyPhoto/default sprite.png
2016.12.26 13:39 B C:\Users\marioalejandro\Google Drive\proyectos\zodiac\public\images\prettyPhoto\default\sprite_next.png --> www.bluewolf.com.mx /public_html/zodiac/public/images/prettyPhoto/default sprite_next.png
2016.12.26 13:39 B C:\Users\marioalejandro\Google Drive\proyectos\zodiac\public\images\prettyPhoto\default\sprite_prev.png --> www.bluewolf.com.mx /public_html/zodiac/public/images/prettyPhoto/default sprite_prev.png
2016.12.26 13:39 B C:\Users\marioalejandro\Google Drive\proyectos\zodiac\public\images\prettyPhoto\default\sprite_x.png --> www.bluewolf.com.mx /public_html/zodiac/public/images/prettyPhoto/default sprite_x.png
2016.12.26 13:39 B C:\Users\marioalejandro\Google Drive\proyectos\zodiac\public\images\prettyPhoto\default\sprite_y.png --> www.bluewolf.com.mx /public_html/zodiac/public/images/prettyPhoto/default sprite_y.png
2017.02.12 16:44 B C:\Users\marioalejandro\Google Drive\proyectos\zodiac\public\images\prettyPhoto\default\WS_FTP.LOG <-- bluewolf Godaddy /public_html/zodiac/public/images/prettyPhoto/default WS_FTP.LOG
2017.07.13 13:37 B C:\Users\marioalejandro\Google Drive\proyectos\zodiac\public\images\prettyPhoto\default\WS_FTP.LOG --> www.bluewolf.com.mx /public_html/zodiac/eng/public/images/prettyPhoto/default WS_FTP.LOG
2017.07.13 13:37 B C:\Users\marioalejandro\Google Drive\proyectos\zodiac\public\images\prettyPhoto\default\desktop.ini --> www.bluewolf.com.mx /public_html/zodiac/eng/public/images/prettyPhoto/default desktop.ini
2017.07.13 13:37 B C:\Users\marioalejandro\Google Drive\proyectos\zodiac\public\images\prettyPhoto\default\sprite_y.png --> www.bluewolf.com.mx /public_html/zodiac/eng/public/images/prettyPhoto/default sprite_y.png
2017.07.13 13:37 B C:\Users\marioalejandro\Google Drive\proyectos\zodiac\public\images\prettyPhoto\default\sprite_x.png --> www.bluewolf.com.mx /public_html/zodiac/eng/public/images/prettyPhoto/default sprite_x.png
2017.07.13 13:37 B C:\Users\marioalejandro\Google Drive\proyectos\zodiac\public\images\prettyPhoto\default\sprite_prev.png --> www.bluewolf.com.mx /public_html/zodiac/eng/public/images/prettyPhoto/default sprite_prev.png
2017.07.13 13:37 B C:\Users\marioalejandro\Google Drive\proyectos\zodiac\public\images\prettyPhoto\default\sprite_next.png --> www.bluewolf.com.mx /public_html/zodiac/eng/public/images/prettyPhoto/default sprite_next.png
2017.07.13 13:37 B C:\Users\marioalejandro\Google Drive\proyectos\zodiac\public\images\prettyPhoto\default\sprite.png --> www.bluewolf.com.mx /public_html/zodiac/eng/public/images/prettyPhoto/default sprite.png
2017.07.13 13:37 B C:\Users\marioalejandro\Google Drive\proyectos\zodiac\public\images\prettyPhoto\default\loader.gif --> www.bluewolf.com.mx /public_html/zodiac/eng/public/images/prettyPhoto/default loader.gif
2017.07.13 13:37 B C:\Users\marioalejandro\Google Drive\proyectos\zodiac\public\images\prettyPhoto\default\default_thumb.png --> www.bluewolf.com.mx /public_html/zodiac/eng/public/images/prettyPhoto/default default_thumb.png
2017.10.31 15:58 B C:\Users\marioalejandro\Google Drive\proyectos\zodiac\public\images\prettyPhoto\default\default_thumb.png --> www.bluewolf.com.mx /public_html/iotdemo/public/images/prettyPhoto/default default_thumb.png
2017.10.31 15:58 B C:\Users\marioalejandro\Google Drive\proyectos\zodiac\public\images\prettyPhoto\default\desktop.ini --> www.bluewolf.com.mx /public_html/iotdemo/public/images/prettyPhoto/default desktop.ini
2017.10.31 15:58 B C:\Users\marioalejandro\Google Drive\proyectos\zodiac\public\images\prettyPhoto\default\loader.gif --> www.bluewolf.com.mx /public_html/iotdemo/public/images/prettyPhoto/default loader.gif
2017.10.31 15:58 B C:\Users\marioalejandro\Google Drive\proyectos\zodiac\public\images\prettyPhoto\default\sprite.png --> www.bluewolf.com.mx /public_html/iotdemo/public/images/prettyPhoto/default sprite.png
2017.10.31 15:58 B C:\Users\marioalejandro\Google Drive\proyectos\zodiac\public\images\prettyPhoto\default\sprite_next.png --> www.bluewolf.com.mx /public_html/iotdemo/public/images/prettyPhoto/default sprite_next.png
2017.10.31 15:58 B C:\Users\marioalejandro\Google Drive\proyectos\zodiac\public\images\prettyPhoto\default\sprite_prev.png --> www.bluewolf.com.mx /public_html/iotdemo/public/images/prettyPhoto/default sprite_prev.png
2017.10.31 15:58 B C:\Users\marioalejandro\Google Drive\proyectos\zodiac\public\images\prettyPhoto\default\sprite_x.png --> www.bluewolf.com.mx /public_html/iotdemo/public/images/prettyPhoto/default sprite_x.png
2017.10.31 15:58 B C:\Users\marioalejandro\Google Drive\proyectos\zodiac\public\images\prettyPhoto\default\sprite_y.png --> www.bluewolf.com.mx /public_html/iotdemo/public/images/prettyPhoto/default sprite_y.png
2017.10.31 15:58 B C:\Users\marioalejandro\Google Drive\proyectos\zodiac\public\images\prettyPhoto\default\WS_FTP.LOG --> www.bluewolf.com.mx /public_html/iotdemo/public/images/prettyPhoto/default WS_FTP.LOG
