2016.11.17 10:01 B C:\Users\marioalejandro\Desktop\Zodiac\public\css\prettyPhoto.css --> www.bluewolf.com.mx /public_html/Zodiac/public/css prettyPhoto.css
2016.11.17 10:01 B C:\Users\marioalejandro\Desktop\Zodiac\public\css\style.css --> www.bluewolf.com.mx /public_html/Zodiac/public/css style.css
2016.12.26 13:39 B C:\Users\marioalejandro\Google Drive\proyectos\zodiac\public\css\prettyPhoto.css --> www.bluewolf.com.mx /public_html/zodiac/public/css prettyPhoto.css
2016.12.26 13:39 B C:\Users\marioalejandro\Google Drive\proyectos\zodiac\public\css\style.css --> www.bluewolf.com.mx /public_html/zodiac/public/css style.css
2017.02.12 16:44 B C:\Users\marioalejandro\Google Drive\proyectos\zodiac\public\css\WS_FTP.LOG <-- bluewolf Godaddy /public_html/zodiac/public/css WS_FTP.LOG
2017.07.13 13:38 B C:\Users\marioalejandro\Google Drive\proyectos\zodiac\public\css\WS_FTP.LOG --> www.bluewolf.com.mx /public_html/zodiac/eng/public/css WS_FTP.LOG
2017.07.13 13:38 B C:\Users\marioalejandro\Google Drive\proyectos\zodiac\public\css\desktop.ini --> www.bluewolf.com.mx /public_html/zodiac/eng/public/css desktop.ini
2017.07.13 13:38 B C:\Users\marioalejandro\Google Drive\proyectos\zodiac\public\css\style.css --> www.bluewolf.com.mx /public_html/zodiac/eng/public/css style.css
2017.07.13 13:38 B C:\Users\marioalejandro\Google Drive\proyectos\zodiac\public\css\prettyPhoto.css --> www.bluewolf.com.mx /public_html/zodiac/eng/public/css prettyPhoto.css
2017.07.18 10:53 B C:\Users\redkey\Documents\Google Drive L\zodiac\public\css\style.css --> www.bluewolf.com.mx /public_html/zodiac/eng/public/css style.css
2017.07.18 10:55 B C:\Users\redkey\Documents\Google Drive L\zodiac\public\css\style.css --> www.bluewolf.com.mx /public_html/zodiac/eng/public/css style.css
2017.07.18 10:55 B C:\Users\redkey\Documents\Google Drive L\zodiac\public\css\style.css --> www.bluewolf.com.mx /public_html/zodiac/public/css style.css
2017.07.18 10:59 B C:\Users\redkey\Documents\Google Drive L\zodiac\public\css\style.css --> www.bluewolf.com.mx /public_html/zodiac/eng/public/css style.css
2017.07.18 11:00 B C:\Users\redkey\Documents\Google Drive L\zodiac\public\css\style.css --> www.bluewolf.com.mx /public_html/zodiac/eng/public/css style.css
2017.07.18 11:00 B C:\Users\redkey\Documents\Google Drive L\zodiac\public\css\style.css --> www.bluewolf.com.mx /public_html/zodiac/public/css style.css
2017.07.18 11:01 B C:\Users\redkey\Documents\Google Drive L\zodiac\public\css\style.css --> www.bluewolf.com.mx /public_html/zodiac/public/css style.css
2017.07.18 11:01 B C:\Users\redkey\Documents\Google Drive L\zodiac\public\css\style.css --> www.bluewolf.com.mx /public_html/zodiac/eng/public/css style.css
2017.07.18 11:06 B C:\Users\redkey\Documents\Google Drive L\zodiac\public\css\style.css --> www.bluewolf.com.mx /public_html/zodiac/eng/public/css style.css
2017.07.18 11:06 B C:\Users\redkey\Documents\Google Drive L\zodiac\public\css\style.css --> www.bluewolf.com.mx /public_html/zodiac/public/css style.css
2017.10.31 15:58 B C:\Users\marioalejandro\Google Drive\proyectos\zodiac\public\css\desktop.ini --> www.bluewolf.com.mx /public_html/iotdemo/public/css desktop.ini
2017.10.31 15:58 B C:\Users\marioalejandro\Google Drive\proyectos\zodiac\public\css\prettyPhoto.css --> www.bluewolf.com.mx /public_html/iotdemo/public/css prettyPhoto.css
2017.10.31 15:58 B C:\Users\marioalejandro\Google Drive\proyectos\zodiac\public\css\style.css --> www.bluewolf.com.mx /public_html/iotdemo/public/css style.css
2017.10.31 15:58 B C:\Users\marioalejandro\Google Drive\proyectos\zodiac\public\css\WS_FTP.LOG --> www.bluewolf.com.mx /public_html/iotdemo/public/css WS_FTP.LOG
