2017.02.03 08:39 B C:\Users\marioalejandro\Google Drive\proyectos\blackstudio\sistema\js\jquery-ui-1.8.16.custom.min.js --> www.bluewolf.com.mx /public_html/black/js jquery-ui-1.8.16.custom.min.js
2017.02.03 17:31 B C:\Users\marioalejandro\Google Drive\proyectos\blackstudio\sistema\js\jquery-ui-1.8.16.custom.min.js <-- bluewolf Godaddy /public_html/timpmp/js jquery-ui-1.8.16.custom.min.js
2017.03.04 11:19 B C:\Users\marioalejandro\Google Drive\proyectos\zodiac\js\desktop.ini --> www.bluewolf.com.mx /public_html/zodiac/js desktop.ini
2017.03.04 11:19 B C:\Users\marioalejandro\Google Drive\proyectos\zodiac\js\jquery-ui.js --> www.bluewolf.com.mx /public_html/zodiac/js jquery-ui.js
2017.03.04 11:19 B C:\Users\marioalejandro\Google Drive\proyectos\zodiac\js\jquery-1.12.4.js --> www.bluewolf.com.mx /public_html/zodiac/js jquery-1.12.4.js
2017.03.04 11:19 B C:\Users\marioalejandro\Google Drive\proyectos\zodiac\js\WS_FTP.LOG --> www.bluewolf.com.mx /public_html/zodiac/js WS_FTP.LOG
2017.03.04 11:19 B C:\Users\marioalejandro\Google Drive\proyectos\zodiac\js\jquery-ui-1.8.16.custom.min.js --> www.bluewolf.com.mx /public_html/zodiac/js jquery-ui-1.8.16.custom.min.js
2017.07.13 12:33 B C:\Users\redkey\Documents\Google Drive L\zodiac\eng\js\desktop.ini --> www.bluewolf.com.mx /public_html/zodiac/eng/js desktop.ini
2017.07.13 12:33 B C:\Users\redkey\Documents\Google Drive L\zodiac\eng\js\jquery-1.12.4.js --> www.bluewolf.com.mx /public_html/zodiac/eng/js jquery-1.12.4.js
2017.07.13 12:33 B C:\Users\redkey\Documents\Google Drive L\zodiac\eng\js\jquery-ui-1.8.16.custom.min.js --> www.bluewolf.com.mx /public_html/zodiac/eng/js jquery-ui-1.8.16.custom.min.js
2017.07.13 12:33 B C:\Users\redkey\Documents\Google Drive L\zodiac\eng\js\jquery-ui.js --> www.bluewolf.com.mx /public_html/zodiac/eng/js jquery-ui.js
2017.07.13 12:33 B C:\Users\redkey\Documents\Google Drive L\zodiac\eng\js\WS_FTP.LOG --> www.bluewolf.com.mx /public_html/zodiac/eng/js WS_FTP.LOG
2017.10.31 15:56 B C:\Users\marioalejandro\Google Drive\proyectos\zodiac\eng\js\desktop.ini --> www.bluewolf.com.mx /public_html/iotdemo/eng/js desktop.ini
2017.10.31 15:56 B C:\Users\marioalejandro\Google Drive\proyectos\zodiac\eng\js\jquery-1.12.4.js --> www.bluewolf.com.mx /public_html/iotdemo/eng/js jquery-1.12.4.js
2017.10.31 15:56 B C:\Users\marioalejandro\Google Drive\proyectos\zodiac\eng\js\jquery-ui-1.8.16.custom.min.js --> www.bluewolf.com.mx /public_html/iotdemo/eng/js jquery-ui-1.8.16.custom.min.js
2017.10.31 15:56 B C:\Users\marioalejandro\Google Drive\proyectos\zodiac\eng\js\jquery-ui.js --> www.bluewolf.com.mx /public_html/iotdemo/eng/js jquery-ui.js
2017.10.31 15:56 B C:\Users\marioalejandro\Google Drive\proyectos\zodiac\eng\js\WS_FTP.LOG --> www.bluewolf.com.mx /public_html/iotdemo/eng/js WS_FTP.LOG
2018.06.29 09:27 B C:\Users\redkey\Documents\Google Drive L\zodiac\eng\js\cortes_p.js --> www.bluewolf.com.mx /public_html/zodiac/eng/js cortes_p.js
2018.07.19 14:45 B C:\Users\marioalejandro\Google Drive\proyectos\zodiac\eng\js\cortes_p.js --> www.bluewolf.com.mx /public_html/zodiac/js cortes_p.js
2018.07.19 14:48 B C:\Users\marioalejandro\Google Drive\proyectos\zodiac\eng\js\cortes_p.js --> www.bluewolf.com.mx /public_html/zodiac/js cortes_p.js
