2016.11.17 10:01 B C:\Users\marioalejandro\Desktop\Zodiac\public\js\jquery-ui.min.js --> www.bluewolf.com.mx /public_html/Zodiac/public/js jquery-ui.min.js
2016.11.17 10:02 B C:\Users\marioalejandro\Desktop\Zodiac\public\js\jquery.min.js --> www.bluewolf.com.mx /public_html/Zodiac/public/js jquery.min.js
2016.11.17 10:02 B C:\Users\marioalejandro\Desktop\Zodiac\public\js\jquery.prettyPhoto.js --> www.bluewolf.com.mx /public_html/Zodiac/public/js jquery.prettyPhoto.js
2016.11.17 10:02 B C:\Users\marioalejandro\Desktop\Zodiac\public\js\search.js --> www.bluewolf.com.mx /public_html/Zodiac/public/js search.js
2016.12.26 13:39 B C:\Users\marioalejandro\Google Drive\proyectos\zodiac\public\js\jquery-ui.min.js --> www.bluewolf.com.mx /public_html/zodiac/public/js jquery-ui.min.js
2016.12.26 13:39 B C:\Users\marioalejandro\Google Drive\proyectos\zodiac\public\js\jquery.min.js --> www.bluewolf.com.mx /public_html/zodiac/public/js jquery.min.js
2016.12.26 13:39 B C:\Users\marioalejandro\Google Drive\proyectos\zodiac\public\js\jquery.prettyPhoto.js --> www.bluewolf.com.mx /public_html/zodiac/public/js jquery.prettyPhoto.js
2016.12.26 13:39 B C:\Users\marioalejandro\Google Drive\proyectos\zodiac\public\js\search.js --> www.bluewolf.com.mx /public_html/zodiac/public/js search.js
2017.02.12 16:45 B C:\Users\marioalejandro\Google Drive\proyectos\zodiac\public\js\WS_FTP.LOG <-- bluewolf Godaddy /public_html/zodiac/public/js WS_FTP.LOG
2017.07.13 13:37 B C:\Users\marioalejandro\Google Drive\proyectos\zodiac\public\js\WS_FTP.LOG --> www.bluewolf.com.mx /public_html/zodiac/eng/public/js WS_FTP.LOG
2017.07.13 13:37 B C:\Users\marioalejandro\Google Drive\proyectos\zodiac\public\js\desktop.ini --> www.bluewolf.com.mx /public_html/zodiac/eng/public/js desktop.ini
2017.07.13 13:37 B C:\Users\marioalejandro\Google Drive\proyectos\zodiac\public\js\search.js --> www.bluewolf.com.mx /public_html/zodiac/eng/public/js search.js
2017.07.13 13:37 B C:\Users\marioalejandro\Google Drive\proyectos\zodiac\public\js\jquery.prettyPhoto.js --> www.bluewolf.com.mx /public_html/zodiac/eng/public/js jquery.prettyPhoto.js
2017.07.13 13:37 B C:\Users\marioalejandro\Google Drive\proyectos\zodiac\public\js\jquery.min.js --> www.bluewolf.com.mx /public_html/zodiac/eng/public/js jquery.min.js
2017.07.13 13:37 B C:\Users\marioalejandro\Google Drive\proyectos\zodiac\public\js\jquery-ui.min.js --> www.bluewolf.com.mx /public_html/zodiac/eng/public/js jquery-ui.min.js
2017.10.31 15:58 B C:\Users\marioalejandro\Google Drive\proyectos\zodiac\public\js\desktop.ini --> www.bluewolf.com.mx /public_html/iotdemo/public/js desktop.ini
2017.10.31 15:58 B C:\Users\marioalejandro\Google Drive\proyectos\zodiac\public\js\jquery-ui.min.js --> www.bluewolf.com.mx /public_html/iotdemo/public/js jquery-ui.min.js
2017.10.31 15:58 B C:\Users\marioalejandro\Google Drive\proyectos\zodiac\public\js\jquery.min.js --> www.bluewolf.com.mx /public_html/iotdemo/public/js jquery.min.js
2017.10.31 15:58 B C:\Users\marioalejandro\Google Drive\proyectos\zodiac\public\js\jquery.prettyPhoto.js --> www.bluewolf.com.mx /public_html/iotdemo/public/js jquery.prettyPhoto.js
2017.10.31 15:58 B C:\Users\marioalejandro\Google Drive\proyectos\zodiac\public\js\search.js --> www.bluewolf.com.mx /public_html/iotdemo/public/js search.js
2017.10.31 15:58 B C:\Users\marioalejandro\Google Drive\proyectos\zodiac\public\js\WS_FTP.LOG --> www.bluewolf.com.mx /public_html/iotdemo/public/js WS_FTP.LOG
