2016.11.17 10:01 B C:\Users\marioalejandro\Desktop\Zodiac\public\images\prettyPhoto\facebook\btnNext.png --> www.bluewolf.com.mx /public_html/Zodiac/public/images/prettyPhoto/facebook btnNext.png
2016.11.17 10:01 B C:\Users\marioalejandro\Desktop\Zodiac\public\images\prettyPhoto\facebook\btnPrevious.png --> www.bluewolf.com.mx /public_html/Zodiac/public/images/prettyPhoto/facebook btnPrevious.png
2016.11.17 10:01 B C:\Users\marioalejandro\Desktop\Zodiac\public\images\prettyPhoto\facebook\contentPatternBottom.png --> www.bluewolf.com.mx /public_html/Zodiac/public/images/prettyPhoto/facebook contentPatternBottom.png
2016.11.17 10:01 B C:\Users\marioalejandro\Desktop\Zodiac\public\images\prettyPhoto\facebook\contentPatternLeft.png --> www.bluewolf.com.mx /public_html/Zodiac/public/images/prettyPhoto/facebook contentPatternLeft.png
2016.11.17 10:01 B C:\Users\marioalejandro\Desktop\Zodiac\public\images\prettyPhoto\facebook\contentPatternRight.png --> www.bluewolf.com.mx /public_html/Zodiac/public/images/prettyPhoto/facebook contentPatternRight.png
2016.11.17 10:01 B C:\Users\marioalejandro\Desktop\Zodiac\public\images\prettyPhoto\facebook\contentPatternTop.png --> www.bluewolf.com.mx /public_html/Zodiac/public/images/prettyPhoto/facebook contentPatternTop.png
2016.11.17 10:01 B C:\Users\marioalejandro\Desktop\Zodiac\public\images\prettyPhoto\facebook\default_thumbnail.gif --> www.bluewolf.com.mx /public_html/Zodiac/public/images/prettyPhoto/facebook default_thumbnail.gif
2016.11.17 10:01 B C:\Users\marioalejandro\Desktop\Zodiac\public\images\prettyPhoto\facebook\loader.gif --> www.bluewolf.com.mx /public_html/Zodiac/public/images/prettyPhoto/facebook loader.gif
2016.11.17 10:01 B C:\Users\marioalejandro\Desktop\Zodiac\public\images\prettyPhoto\facebook\sprite.png --> www.bluewolf.com.mx /public_html/Zodiac/public/images/prettyPhoto/facebook sprite.png
2016.12.26 13:39 B C:\Users\marioalejandro\Google Drive\proyectos\zodiac\public\images\prettyPhoto\facebook\btnNext.png --> www.bluewolf.com.mx /public_html/zodiac/public/images/prettyPhoto/facebook btnNext.png
2016.12.26 13:39 B C:\Users\marioalejandro\Google Drive\proyectos\zodiac\public\images\prettyPhoto\facebook\btnPrevious.png --> www.bluewolf.com.mx /public_html/zodiac/public/images/prettyPhoto/facebook btnPrevious.png
2016.12.26 13:39 B C:\Users\marioalejandro\Google Drive\proyectos\zodiac\public\images\prettyPhoto\facebook\contentPatternBottom.png --> www.bluewolf.com.mx /public_html/zodiac/public/images/prettyPhoto/facebook contentPatternBottom.png
2016.12.26 13:39 B C:\Users\marioalejandro\Google Drive\proyectos\zodiac\public\images\prettyPhoto\facebook\contentPatternLeft.png --> www.bluewolf.com.mx /public_html/zodiac/public/images/prettyPhoto/facebook contentPatternLeft.png
2016.12.26 13:39 B C:\Users\marioalejandro\Google Drive\proyectos\zodiac\public\images\prettyPhoto\facebook\contentPatternRight.png --> www.bluewolf.com.mx /public_html/zodiac/public/images/prettyPhoto/facebook contentPatternRight.png
2016.12.26 13:39 B C:\Users\marioalejandro\Google Drive\proyectos\zodiac\public\images\prettyPhoto\facebook\contentPatternTop.png --> www.bluewolf.com.mx /public_html/zodiac/public/images/prettyPhoto/facebook contentPatternTop.png
2016.12.26 13:39 B C:\Users\marioalejandro\Google Drive\proyectos\zodiac\public\images\prettyPhoto\facebook\default_thumbnail.gif --> www.bluewolf.com.mx /public_html/zodiac/public/images/prettyPhoto/facebook default_thumbnail.gif
2016.12.26 13:39 B C:\Users\marioalejandro\Google Drive\proyectos\zodiac\public\images\prettyPhoto\facebook\loader.gif --> www.bluewolf.com.mx /public_html/zodiac/public/images/prettyPhoto/facebook loader.gif
2016.12.26 13:39 B C:\Users\marioalejandro\Google Drive\proyectos\zodiac\public\images\prettyPhoto\facebook\sprite.png --> www.bluewolf.com.mx /public_html/zodiac/public/images/prettyPhoto/facebook sprite.png
2017.02.12 16:44 B C:\Users\marioalejandro\Google Drive\proyectos\zodiac\public\images\prettyPhoto\facebook\WS_FTP.LOG <-- bluewolf Godaddy /public_html/zodiac/public/images/prettyPhoto/facebook WS_FTP.LOG
2017.07.13 13:37 B C:\Users\marioalejandro\Google Drive\proyectos\zodiac\public\images\prettyPhoto\facebook\WS_FTP.LOG --> www.bluewolf.com.mx /public_html/zodiac/eng/public/images/prettyPhoto/facebook WS_FTP.LOG
2017.07.13 13:37 B C:\Users\marioalejandro\Google Drive\proyectos\zodiac\public\images\prettyPhoto\facebook\desktop.ini --> www.bluewolf.com.mx /public_html/zodiac/eng/public/images/prettyPhoto/facebook desktop.ini
2017.07.13 13:37 B C:\Users\marioalejandro\Google Drive\proyectos\zodiac\public\images\prettyPhoto\facebook\sprite.png --> www.bluewolf.com.mx /public_html/zodiac/eng/public/images/prettyPhoto/facebook sprite.png
2017.07.13 13:37 B C:\Users\marioalejandro\Google Drive\proyectos\zodiac\public\images\prettyPhoto\facebook\loader.gif --> www.bluewolf.com.mx /public_html/zodiac/eng/public/images/prettyPhoto/facebook loader.gif
2017.07.13 13:37 B C:\Users\marioalejandro\Google Drive\proyectos\zodiac\public\images\prettyPhoto\facebook\default_thumbnail.gif --> www.bluewolf.com.mx /public_html/zodiac/eng/public/images/prettyPhoto/facebook default_thumbnail.gif
2017.07.13 13:37 B C:\Users\marioalejandro\Google Drive\proyectos\zodiac\public\images\prettyPhoto\facebook\contentPatternTop.png --> www.bluewolf.com.mx /public_html/zodiac/eng/public/images/prettyPhoto/facebook contentPatternTop.png
2017.07.13 13:37 B C:\Users\marioalejandro\Google Drive\proyectos\zodiac\public\images\prettyPhoto\facebook\contentPatternRight.png --> www.bluewolf.com.mx /public_html/zodiac/eng/public/images/prettyPhoto/facebook contentPatternRight.png
2017.07.13 13:37 B C:\Users\marioalejandro\Google Drive\proyectos\zodiac\public\images\prettyPhoto\facebook\contentPatternLeft.png --> www.bluewolf.com.mx /public_html/zodiac/eng/public/images/prettyPhoto/facebook contentPatternLeft.png
2017.07.13 13:37 B C:\Users\marioalejandro\Google Drive\proyectos\zodiac\public\images\prettyPhoto\facebook\contentPatternBottom.png --> www.bluewolf.com.mx /public_html/zodiac/eng/public/images/prettyPhoto/facebook contentPatternBottom.png
2017.07.13 13:37 B C:\Users\marioalejandro\Google Drive\proyectos\zodiac\public\images\prettyPhoto\facebook\btnPrevious.png --> www.bluewolf.com.mx /public_html/zodiac/eng/public/images/prettyPhoto/facebook btnPrevious.png
2017.07.13 13:37 B C:\Users\marioalejandro\Google Drive\proyectos\zodiac\public\images\prettyPhoto\facebook\btnNext.png --> www.bluewolf.com.mx /public_html/zodiac/eng/public/images/prettyPhoto/facebook btnNext.png
2017.10.31 15:58 B C:\Users\marioalejandro\Google Drive\proyectos\zodiac\public\images\prettyPhoto\facebook\btnNext.png --> www.bluewolf.com.mx /public_html/iotdemo/public/images/prettyPhoto/facebook btnNext.png
2017.10.31 15:58 B C:\Users\marioalejandro\Google Drive\proyectos\zodiac\public\images\prettyPhoto\facebook\btnPrevious.png --> www.bluewolf.com.mx /public_html/iotdemo/public/images/prettyPhoto/facebook btnPrevious.png
2017.10.31 15:58 B C:\Users\marioalejandro\Google Drive\proyectos\zodiac\public\images\prettyPhoto\facebook\contentPatternBottom.png --> www.bluewolf.com.mx /public_html/iotdemo/public/images/prettyPhoto/facebook contentPatternBottom.png
2017.10.31 15:58 B C:\Users\marioalejandro\Google Drive\proyectos\zodiac\public\images\prettyPhoto\facebook\contentPatternLeft.png --> www.bluewolf.com.mx /public_html/iotdemo/public/images/prettyPhoto/facebook contentPatternLeft.png
2017.10.31 15:58 B C:\Users\marioalejandro\Google Drive\proyectos\zodiac\public\images\prettyPhoto\facebook\contentPatternRight.png --> www.bluewolf.com.mx /public_html/iotdemo/public/images/prettyPhoto/facebook contentPatternRight.png
2017.10.31 15:58 B C:\Users\marioalejandro\Google Drive\proyectos\zodiac\public\images\prettyPhoto\facebook\contentPatternTop.png --> www.bluewolf.com.mx /public_html/iotdemo/public/images/prettyPhoto/facebook contentPatternTop.png
2017.10.31 15:58 B C:\Users\marioalejandro\Google Drive\proyectos\zodiac\public\images\prettyPhoto\facebook\default_thumbnail.gif --> www.bluewolf.com.mx /public_html/iotdemo/public/images/prettyPhoto/facebook default_thumbnail.gif
2017.10.31 15:58 B C:\Users\marioalejandro\Google Drive\proyectos\zodiac\public\images\prettyPhoto\facebook\desktop.ini --> www.bluewolf.com.mx /public_html/iotdemo/public/images/prettyPhoto/facebook desktop.ini
2017.10.31 15:58 B C:\Users\marioalejandro\Google Drive\proyectos\zodiac\public\images\prettyPhoto\facebook\loader.gif --> www.bluewolf.com.mx /public_html/iotdemo/public/images/prettyPhoto/facebook loader.gif
2017.10.31 15:58 B C:\Users\marioalejandro\Google Drive\proyectos\zodiac\public\images\prettyPhoto\facebook\sprite.png --> www.bluewolf.com.mx /public_html/iotdemo/public/images/prettyPhoto/facebook sprite.png
2017.10.31 15:58 B C:\Users\marioalejandro\Google Drive\proyectos\zodiac\public\images\prettyPhoto\facebook\WS_FTP.LOG --> www.bluewolf.com.mx /public_html/iotdemo/public/images/prettyPhoto/facebook WS_FTP.LOG
