2017.07.13 12:33 B C:\Users\redkey\Documents\Google Drive L\zodiac\eng\bodegas.php --> www.bluewolf.com.mx /public_html/zodiac/eng bodegas.php
2017.07.13 12:33 B C:\Users\redkey\Documents\Google Drive L\zodiac\eng\buscaFibra.php --> www.bluewolf.com.mx /public_html/zodiac/eng buscaFibra.php
2017.07.13 12:33 B C:\Users\redkey\Documents\Google Drive L\zodiac\eng\buscaLugar.php --> www.bluewolf.com.mx /public_html/zodiac/eng buscaLugar.php
2017.07.13 12:33 B C:\Users\redkey\Documents\Google Drive L\zodiac\eng\buscaParte.php --> www.bluewolf.com.mx /public_html/zodiac/eng buscaParte.php
2017.07.13 12:33 B C:\Users\redkey\Documents\Google Drive L\zodiac\eng\buscaPos.php --> www.bluewolf.com.mx /public_html/zodiac/eng buscaPos.php
2017.07.13 12:33 B C:\Users\redkey\Documents\Google Drive L\zodiac\eng\buscaPrograma.php --> www.bluewolf.com.mx /public_html/zodiac/eng buscaPrograma.php
2017.07.13 12:33 B C:\Users\redkey\Documents\Google Drive L\zodiac\eng\buscar_activos.php --> www.bluewolf.com.mx /public_html/zodiac/eng buscar_activos.php
2017.07.13 12:33 B C:\Users\redkey\Documents\Google Drive L\zodiac\eng\buscar_pendientes.php --> www.bluewolf.com.mx /public_html/zodiac/eng buscar_pendientes.php
2017.07.13 12:33 B C:\Users\redkey\Documents\Google Drive L\zodiac\eng\buscar_terminadas.php --> www.bluewolf.com.mx /public_html/zodiac/eng buscar_terminadas.php
2017.07.13 12:33 B C:\Users\redkey\Documents\Google Drive L\zodiac\eng\buscaRollo.php --> www.bluewolf.com.mx /public_html/zodiac/eng buscaRollo.php
2017.07.13 12:33 B C:\Users\redkey\Documents\Google Drive L\zodiac\eng\cambiar_orden.php --> www.bluewolf.com.mx /public_html/zodiac/eng cambiar_orden.php
2017.07.13 12:33 B C:\Users\redkey\Documents\Google Drive L\zodiac\eng\catchNewCut.php --> www.bluewolf.com.mx /public_html/zodiac/eng catchNewCut.php
2017.07.13 12:33 B C:\Users\redkey\Documents\Google Drive L\zodiac\eng\checar_sesion_admin.php --> www.bluewolf.com.mx /public_html/zodiac/eng checar_sesion_admin.php
2017.07.13 12:33 B C:\Users\redkey\Documents\Google Drive L\zodiac\eng\checar_sesion_prod.php --> www.bluewolf.com.mx /public_html/zodiac/eng checar_sesion_prod.php
2017.07.13 12:33 B C:\Users\redkey\Documents\Google Drive L\zodiac\eng\coneccion.php --> www.bluewolf.com.mx /public_html/zodiac/eng coneccion.php
2017.07.13 12:33 B C:\Users\redkey\Documents\Google Drive L\zodiac\eng\cortes.php --> www.bluewolf.com.mx /public_html/zodiac/eng cortes.php
2017.07.13 12:33 B C:\Users\redkey\Documents\Google Drive L\zodiac\eng\cortes_prod.php --> www.bluewolf.com.mx /public_html/zodiac/eng cortes_prod.php
2017.07.13 12:33 B C:\Users\redkey\Documents\Google Drive L\zodiac\eng\desktop.ini --> www.bluewolf.com.mx /public_html/zodiac/eng desktop.ini
2017.07.13 12:33 B C:\Users\redkey\Documents\Google Drive L\zodiac\eng\editar_corte.php --> www.bluewolf.com.mx /public_html/zodiac/eng editar_corte.php
2017.07.13 12:34 B C:\Users\redkey\Documents\Google Drive L\zodiac\eng\editar_corte_prod.php --> www.bluewolf.com.mx /public_html/zodiac/eng editar_corte_prod.php
2017.07.13 12:34 B C:\Users\redkey\Documents\Google Drive L\zodiac\eng\editar_pausa_prod.php --> www.bluewolf.com.mx /public_html/zodiac/eng editar_pausa_prod.php
2017.07.13 12:34 B C:\Users\redkey\Documents\Google Drive L\zodiac\eng\exportar_historial.php --> www.bluewolf.com.mx /public_html/zodiac/eng exportar_historial.php
2017.07.13 12:34 B C:\Users\redkey\Documents\Google Drive L\zodiac\eng\exportar_lectra_capacity.php --> www.bluewolf.com.mx /public_html/zodiac/eng exportar_lectra_capacity.php
2017.07.13 12:34 B C:\Users\redkey\Documents\Google Drive L\zodiac\eng\exportar_rolls.php --> www.bluewolf.com.mx /public_html/zodiac/eng exportar_rolls.php
2017.07.13 12:34 B C:\Users\redkey\Documents\Google Drive L\zodiac\eng\fibras.php --> www.bluewolf.com.mx /public_html/zodiac/eng fibras.php
2017.07.13 12:34 B C:\Users\redkey\Documents\Google Drive L\zodiac\eng\Files (1).zip --> www.bluewolf.com.mx /public_html/zodiac/eng Files (1).zip
2017.07.13 12:34 B C:\Users\redkey\Documents\Google Drive L\zodiac\eng\getLang.php --> www.bluewolf.com.mx /public_html/zodiac/eng getLang.php
2017.07.13 12:34 B C:\Users\redkey\Documents\Google Drive L\zodiac\eng\getTime.php --> www.bluewolf.com.mx /public_html/zodiac/eng getTime.php
2017.07.13 12:34 B C:\Users\redkey\Documents\Google Drive L\zodiac\eng\historial.php --> www.bluewolf.com.mx /public_html/zodiac/eng historial.php
2017.07.13 12:34 B C:\Users\redkey\Documents\Google Drive L\zodiac\eng\index.php --> www.bluewolf.com.mx /public_html/zodiac/eng index.php
2017.07.13 12:34 B C:\Users\redkey\Documents\Google Drive L\zodiac\eng\iniciar.html --> www.bluewolf.com.mx /public_html/zodiac/eng iniciar.html
2017.07.13 12:34 B C:\Users\redkey\Documents\Google Drive L\zodiac\eng\iniciar.php --> www.bluewolf.com.mx /public_html/zodiac/eng iniciar.php
2017.07.13 12:34 B C:\Users\redkey\Documents\Google Drive L\zodiac\eng\lectra_capacity.php --> www.bluewolf.com.mx /public_html/zodiac/eng lectra_capacity.php
2017.07.13 12:34 B C:\Users\redkey\Documents\Google Drive L\zodiac\eng\logout.php --> www.bluewolf.com.mx /public_html/zodiac/eng logout.php
2017.07.13 12:34 B C:\Users\redkey\Documents\Google Drive L\zodiac\eng\lugares.php --> www.bluewolf.com.mx /public_html/zodiac/eng lugares.php
2017.07.13 12:34 B C:\Users\redkey\Documents\Google Drive L\zodiac\eng\menu.php --> www.bluewolf.com.mx /public_html/zodiac/eng menu.php
2017.07.13 12:34 B C:\Users\redkey\Documents\Google Drive L\zodiac\eng\menu1.php --> www.bluewolf.com.mx /public_html/zodiac/eng menu1.php
2017.07.13 12:34 B C:\Users\redkey\Documents\Google Drive L\zodiac\eng\menu_f.php --> www.bluewolf.com.mx /public_html/zodiac/eng menu_f.php
2017.07.13 12:34 B C:\Users\redkey\Documents\Google Drive L\zodiac\eng\menu_p.php --> www.bluewolf.com.mx /public_html/zodiac/eng menu_p.php
2017.07.13 12:34 B C:\Users\redkey\Documents\Google Drive L\zodiac\eng\monitor_sesiones.php --> www.bluewolf.com.mx /public_html/zodiac/eng monitor_sesiones.php
2017.07.13 12:34 B C:\Users\redkey\Documents\Google Drive L\zodiac\eng\mostrarLectra.php --> www.bluewolf.com.mx /public_html/zodiac/eng mostrarLectra.php
2017.07.13 12:34 B C:\Users\redkey\Documents\Google Drive L\zodiac\eng\parte_fibra.php --> www.bluewolf.com.mx /public_html/zodiac/eng parte_fibra.php
2017.07.13 12:34 B C:\Users\redkey\Documents\Google Drive L\zodiac\eng\partes.php --> www.bluewolf.com.mx /public_html/zodiac/eng partes.php
2017.07.13 12:34 B C:\Users\redkey\Documents\Google Drive L\zodiac\eng\pauseCut.php --> www.bluewolf.com.mx /public_html/zodiac/eng pauseCut.php
2017.07.13 12:34 B C:\Users\redkey\Documents\Google Drive L\zodiac\eng\posiciones.php --> www.bluewolf.com.mx /public_html/zodiac/eng posiciones.php
2017.07.13 12:34 B C:\Users\redkey\Documents\Google Drive L\zodiac\eng\pre_menu1.php --> www.bluewolf.com.mx /public_html/zodiac/eng pre_menu1.php
2017.07.13 12:34 B C:\Users\redkey\Documents\Google Drive L\zodiac\eng\programa_parte.php --> www.bluewolf.com.mx /public_html/zodiac/eng programa_parte.php
2017.07.13 12:34 B C:\Users\redkey\Documents\Google Drive L\zodiac\eng\programas.php --> www.bluewolf.com.mx /public_html/zodiac/eng programas.php
2017.07.13 12:34 B C:\Users\redkey\Documents\Google Drive L\zodiac\eng\proveedores.php --> www.bluewolf.com.mx /public_html/zodiac/eng proveedores.php
2017.07.13 12:34 B C:\Users\redkey\Documents\Google Drive L\zodiac\eng\prueba.php --> www.bluewolf.com.mx /public_html/zodiac/eng prueba.php
2017.07.13 12:34 B C:\Users\redkey\Documents\Google Drive L\zodiac\eng\razones.php --> www.bluewolf.com.mx /public_html/zodiac/eng razones.php
2017.07.13 12:34 B C:\Users\redkey\Documents\Google Drive L\zodiac\eng\refreshCut.php --> www.bluewolf.com.mx /public_html/zodiac/eng refreshCut.php
2017.07.13 12:34 B C:\Users\redkey\Documents\Google Drive L\zodiac\eng\rollos.php --> www.bluewolf.com.mx /public_html/zodiac/eng rollos.php
2017.07.13 12:34 B C:\Users\redkey\Documents\Google Drive L\zodiac\eng\rollos_terminados.php --> www.bluewolf.com.mx /public_html/zodiac/eng rollos_terminados.php
2017.07.13 12:34 B C:\Users\redkey\Documents\Google Drive L\zodiac\eng\sesionActiva.php --> www.bluewolf.com.mx /public_html/zodiac/eng sesionActiva.php
2017.07.13 12:34 B C:\Users\redkey\Documents\Google Drive L\zodiac\eng\terminadas.php --> www.bluewolf.com.mx /public_html/zodiac/eng terminadas.php
2017.07.13 12:34 B C:\Users\redkey\Documents\Google Drive L\zodiac\eng\thickbox.css --> www.bluewolf.com.mx /public_html/zodiac/eng thickbox.css
2017.07.13 12:34 B C:\Users\redkey\Documents\Google Drive L\zodiac\eng\thickbox.js --> www.bluewolf.com.mx /public_html/zodiac/eng thickbox.js
2017.07.13 12:34 B C:\Users\redkey\Documents\Google Drive L\zodiac\eng\updateCut.php --> www.bluewolf.com.mx /public_html/zodiac/eng updateCut.php
2017.07.13 12:34 B C:\Users\redkey\Documents\Google Drive L\zodiac\eng\usuarios.php --> www.bluewolf.com.mx /public_html/zodiac/eng usuarios.php
2017.07.13 12:44 B C:\Users\redkey\Documents\Google Drive L\zodiac\eng\cortes.php --> www.bluewolf.com.mx /public_html/zodiac/eng cortes.php
2017.07.13 13:07 B C:\Users\redkey\Documents\Google Drive L\zodiac\eng\cortes.php --> www.bluewolf.com.mx /public_html/zodiac/eng cortes.php
2017.07.13 13:08 B C:\Users\redkey\Documents\Google Drive L\zodiac\eng\rollos.php --> www.bluewolf.com.mx /public_html/zodiac/eng rollos.php
2017.07.13 13:27 B C:\Users\redkey\Documents\Google Drive L\zodiac\eng\rollos_terminados.php --> www.bluewolf.com.mx /public_html/zodiac/eng rollos_terminados.php
2017.07.13 13:42 B C:\Users\redkey\Documents\Google Drive L\zodiac\eng\historial.php --> www.bluewolf.com.mx /public_html/zodiac/eng historial.php
2017.07.13 13:48 B C:\Users\redkey\Documents\Google Drive L\zodiac\eng\terminadas.php --> www.bluewolf.com.mx /public_html/zodiac/eng terminadas.php
2017.07.13 13:54 B C:\Users\redkey\Documents\Google Drive L\zodiac\eng\lectra_capacity.php --> www.bluewolf.com.mx /public_html/zodiac/eng lectra_capacity.php
2017.07.13 13:57 B C:\Users\redkey\Documents\Google Drive L\zodiac\eng\lugares.php --> www.bluewolf.com.mx /public_html/zodiac/eng lugares.php
2017.07.13 13:59 B C:\Users\redkey\Documents\Google Drive L\zodiac\eng\posiciones.php --> www.bluewolf.com.mx /public_html/zodiac/eng posiciones.php
2017.07.13 14:03 B C:\Users\redkey\Documents\Google Drive L\zodiac\eng\bodegas.php --> www.bluewolf.com.mx /public_html/zodiac/eng bodegas.php
2017.07.13 14:06 B C:\Users\redkey\Documents\Google Drive L\zodiac\eng\programas.php --> www.bluewolf.com.mx /public_html/zodiac/eng programas.php
2017.07.13 14:06 B C:\Users\redkey\Documents\Google Drive L\zodiac\eng\programas.php --> www.bluewolf.com.mx /public_html/zodiac/eng programas.php
2017.07.13 14:09 B C:\Users\redkey\Documents\Google Drive L\zodiac\eng\proveedores.php --> www.bluewolf.com.mx /public_html/zodiac/eng proveedores.php
2017.07.13 14:13 B C:\Users\redkey\Documents\Google Drive L\zodiac\eng\usuarios.php --> www.bluewolf.com.mx /public_html/zodiac/eng usuarios.php
2017.07.13 14:15 B C:\Users\redkey\Documents\Google Drive L\zodiac\eng\razones.php --> www.bluewolf.com.mx /public_html/zodiac/eng razones.php
2017.07.13 14:19 B C:\Users\redkey\Documents\Google Drive L\zodiac\eng\partes.php --> www.bluewolf.com.mx /public_html/zodiac/eng partes.php
2017.07.13 14:22 B C:\Users\redkey\Documents\Google Drive L\zodiac\eng\fibras.php --> www.bluewolf.com.mx /public_html/zodiac/eng fibras.php
2017.07.13 14:23 B C:\Users\redkey\Documents\Google Drive L\zodiac\eng\cortes.php --> www.bluewolf.com.mx /public_html/zodiac/eng cortes.php
2017.07.13 14:30 B C:\Users\redkey\Documents\Google Drive L\zodiac\eng\menu_f.php --> www.bluewolf.com.mx /public_html/zodiac/eng menu_f.php
2017.07.13 14:33 B C:\Users\redkey\Documents\Google Drive L\zodiac\eng\menu_p.php --> www.bluewolf.com.mx /public_html/zodiac/eng menu_p.php
2017.07.13 14:44 B C:\Users\redkey\Documents\Google Drive L\zodiac\eng\cortes_prod.php --> www.bluewolf.com.mx /public_html/zodiac/eng cortes_prod.php
2017.07.14 10:46 B C:\Users\redkey\Documents\Google Drive L\zodiac\eng\index.php --> www.bluewolf.com.mx /public_html/zodiac/eng index.php
2017.07.14 10:47 B C:\Users\redkey\Documents\Google Drive L\zodiac\eng\pre_menu1.php --> www.bluewolf.com.mx /public_html/zodiac/eng pre_menu1.php
2017.07.14 11:09 B C:\Users\redkey\Documents\Google Drive L\zodiac\eng\menu_p.php --> www.bluewolf.com.mx /public_html/zodiac/eng menu_p.php
2017.07.14 11:29 B C:\Users\redkey\Documents\Google Drive L\zodiac\eng\buscar_activos.php --> www.bluewolf.com.mx /public_html/zodiac/eng buscar_activos.php
2017.07.14 11:29 B C:\Users\redkey\Documents\Google Drive L\zodiac\eng\buscar_pendientes.php --> www.bluewolf.com.mx /public_html/zodiac/eng buscar_pendientes.php
2017.07.14 11:29 B C:\Users\redkey\Documents\Google Drive L\zodiac\eng\buscar_terminadas.php --> www.bluewolf.com.mx /public_html/zodiac/eng buscar_terminadas.php
2017.07.14 11:32 B C:\Users\redkey\Documents\Google Drive L\zodiac\eng\cortes_prod.php --> www.bluewolf.com.mx /public_html/zodiac/eng cortes_prod.php
2017.07.14 11:33 B C:\Users\redkey\Documents\Google Drive L\zodiac\eng\buscar_pendientes.php --> www.bluewolf.com.mx /public_html/zodiac/eng buscar_pendientes.php
2017.07.14 11:35 B C:\Users\redkey\Documents\Google Drive L\zodiac\eng\cortes_prod.php --> www.bluewolf.com.mx /public_html/zodiac/eng cortes_prod.php
2017.07.14 11:51 B C:\Users\redkey\Documents\Google Drive L\zodiac\eng\cortes_prod.php --> www.bluewolf.com.mx /public_html/zodiac/eng cortes_prod.php
2017.07.14 11:51 B C:\Users\redkey\Documents\Google Drive L\zodiac\eng\index.php --> www.bluewolf.com.mx /public_html/zodiac/eng index.php
2017.07.14 11:54 B C:\Users\redkey\Documents\Google Drive L\zodiac\eng\index.php --> www.bluewolf.com.mx /public_html/zodiac/eng index.php
2017.07.14 12:38 B C:\Users\redkey\Documents\Google Drive L\zodiac\eng\menu.php --> www.bluewolf.com.mx /public_html/zodiac/eng menu.php
2017.07.14 12:40 B C:\Users\redkey\Documents\Google Drive L\zodiac\eng\menu.php --> www.bluewolf.com.mx /public_html/zodiac/eng menu.php
2017.07.14 13:40 B C:\Users\redkey\Documents\Google Drive L\zodiac\eng\index.php --> www.bluewolf.com.mx /public_html/zodiac/eng index.php
2017.07.14 13:42 B C:\Users\redkey\Documents\Google Drive L\zodiac\eng\index.php --> www.bluewolf.com.mx /public_html/zodiac/eng index.php
2017.07.14 13:51 B C:\Users\redkey\Documents\Google Drive L\zodiac\eng\index.php --> www.bluewolf.com.mx /public_html/zodiac/eng index.php
2017.07.14 13:55 B C:\Users\redkey\Documents\Google Drive L\zodiac\eng\index.php --> www.bluewolf.com.mx /public_html/zodiac/eng index.php
2017.07.14 13:56 B C:\Users\redkey\Documents\Google Drive L\zodiac\eng\index.php --> www.bluewolf.com.mx /public_html/zodiac/eng index.php
2017.07.14 14:01 B C:\Users\redkey\Documents\Google Drive L\zodiac\eng\index.php --> www.bluewolf.com.mx /public_html/zodiac/eng index.php
2017.07.14 14:04 B C:\Users\redkey\Documents\Google Drive L\zodiac\eng\index.php --> www.bluewolf.com.mx /public_html/zodiac/eng index.php
2017.07.14 14:05 B C:\Users\redkey\Documents\Google Drive L\zodiac\eng\index.php --> www.bluewolf.com.mx /public_html/zodiac/eng index.php
2017.07.14 14:05 B C:\Users\redkey\Documents\Google Drive L\zodiac\eng\index.php --> www.bluewolf.com.mx /public_html/zodiac/eng index.php
2017.07.14 14:05 B C:\Users\redkey\Documents\Google Drive L\zodiac\eng\index.php --> www.bluewolf.com.mx /public_html/zodiac/eng index.php
2017.07.14 14:06 B C:\Users\redkey\Documents\Google Drive L\zodiac\eng\index.php --> www.bluewolf.com.mx /public_html/zodiac/eng index.php
2017.07.14 14:11 B C:\Users\redkey\Documents\Google Drive L\zodiac\eng\index.php --> www.bluewolf.com.mx /public_html/zodiac/eng index.php
2017.07.14 14:30 B C:\Users\redkey\Documents\Google Drive L\zodiac\eng\index.php --> www.bluewolf.com.mx /public_html/zodiac/eng index.php
2017.07.14 14:32 B C:\Users\redkey\Documents\Google Drive L\zodiac\eng\index.php --> www.bluewolf.com.mx /public_html/zodiac/eng index.php
2017.07.14 14:34 B C:\Users\redkey\Documents\Google Drive L\zodiac\eng\index.php --> www.bluewolf.com.mx /public_html/zodiac/eng index.php
2017.07.14 14:36 B C:\Users\redkey\Documents\Google Drive L\zodiac\eng\index.php --> www.bluewolf.com.mx /public_html/zodiac/eng index.php
2017.07.14 14:37 B C:\Users\redkey\Documents\Google Drive L\zodiac\eng\index.php --> www.bluewolf.com.mx /public_html/zodiac/eng index.php
2017.07.14 14:42 B C:\Users\redkey\Documents\Google Drive L\zodiac\eng\index.php --> www.bluewolf.com.mx /public_html/zodiac/eng index.php
2017.07.14 14:50 B C:\Users\redkey\Documents\Google Drive L\zodiac\eng\menu.php --> www.bluewolf.com.mx /public_html/zodiac/eng menu.php
2017.07.14 14:53 B C:\Users\redkey\Documents\Google Drive L\zodiac\eng\index.php --> www.bluewolf.com.mx /public_html/zodiac/eng index.php
2017.07.17 09:38 B C:\Users\redkey\Documents\Google Drive L\zodiac\eng\index.php --> www.bluewolf.com.mx /public_html/zodiac/eng index.php
2017.07.17 09:42 B C:\Users\redkey\Documents\Google Drive L\zodiac\eng\index.php --> www.bluewolf.com.mx /public_html/zodiac/eng index.php
2017.07.17 09:51 B C:\Users\redkey\Documents\Google Drive L\zodiac\eng\index.php --> www.bluewolf.com.mx /public_html/zodiac/eng index.php
2017.07.17 10:03 B C:\Users\redkey\Documents\Google Drive L\zodiac\eng\index.php --> www.bluewolf.com.mx /public_html/zodiac/eng index.php
2017.07.17 10:04 B C:\Users\redkey\Documents\Google Drive L\zodiac\eng\index.php --> www.bluewolf.com.mx /public_html/zodiac/eng index.php
2017.07.17 10:37 B C:\Users\redkey\Documents\Google Drive L\zodiac\eng\menu.php --> www.bluewolf.com.mx /public_html/zodiac/eng menu.php
2017.07.17 10:38 B C:\Users\redkey\Documents\Google Drive L\zodiac\eng\menu.php --> www.bluewolf.com.mx /public_html/zodiac/eng menu.php
2017.07.17 10:41 B C:\Users\redkey\Documents\Google Drive L\zodiac\eng\menu.php --> www.bluewolf.com.mx /public_html/zodiac/eng menu.php
2017.07.17 10:43 B C:\Users\redkey\Documents\Google Drive L\zodiac\eng\menu.php --> www.bluewolf.com.mx /public_html/zodiac/eng menu.php
2017.07.17 10:47 B C:\Users\redkey\Documents\Google Drive L\zodiac\eng\menu.php --> www.bluewolf.com.mx /public_html/zodiac/eng menu.php
2017.07.17 10:48 B C:\Users\redkey\Documents\Google Drive L\zodiac\eng\menu.php --> www.bluewolf.com.mx /public_html/zodiac/eng/images menu.php
2017.07.17 10:48 B C:\Users\redkey\Documents\Google Drive L\zodiac\eng\menu.php --> www.bluewolf.com.mx /public_html/zodiac/eng menu.php
2017.07.17 10:49 B C:\Users\redkey\Documents\Google Drive L\zodiac\eng\menu.php --> www.bluewolf.com.mx /public_html/zodiac/eng menu.php
2017.07.17 10:50 B C:\Users\redkey\Documents\Google Drive L\zodiac\eng\menu.php --> www.bluewolf.com.mx /public_html/zodiac/eng menu.php
2017.07.17 10:52 B C:\Users\redkey\Documents\Google Drive L\zodiac\eng\menu.php --> www.bluewolf.com.mx /public_html/zodiac/eng menu.php
2017.07.17 10:52 B C:\Users\redkey\Documents\Google Drive L\zodiac\eng\menu_f.php --> www.bluewolf.com.mx /public_html/zodiac/eng menu_f.php
2017.07.17 10:54 B C:\Users\redkey\Documents\Google Drive L\zodiac\eng\menu_f.php --> www.bluewolf.com.mx /public_html/zodiac/eng menu_f.php
2017.07.17 10:54 B C:\Users\redkey\Documents\Google Drive L\zodiac\eng\menu_f.php --> www.bluewolf.com.mx /public_html/zodiac/eng menu_f.php
2017.07.17 10:58 B C:\Users\redkey\Documents\Google Drive L\zodiac\eng\menu_p.php --> www.bluewolf.com.mx /public_html/zodiac/eng menu_p.php
2017.07.17 11:19 B C:\Users\redkey\Documents\Google Drive L\zodiac\eng\menu_p.php --> www.bluewolf.com.mx /public_html/zodiac/eng menu_p.php
2017.07.17 11:19 B C:\Users\redkey\Documents\Google Drive L\zodiac\eng\menu_f.php --> www.bluewolf.com.mx /public_html/zodiac/eng menu_f.php
2017.07.17 11:22 B C:\Users\redkey\Documents\Google Drive L\zodiac\eng\menu_p.php --> www.bluewolf.com.mx /public_html/zodiac/eng menu_p.php
2017.07.17 11:31 B C:\Users\redkey\Documents\Google Drive L\zodiac\eng\menu_p.php --> www.bluewolf.com.mx /public_html/zodiac/eng menu_p.php
2017.07.17 11:32 B C:\Users\redkey\Documents\Google Drive L\zodiac\eng\menu_f.php --> www.bluewolf.com.mx /public_html/zodiac/eng menu_f.php
2017.07.17 11:32 B C:\Users\redkey\Documents\Google Drive L\zodiac\eng\menu_p.php --> www.bluewolf.com.mx /public_html/zodiac/eng menu_p.php
2017.07.17 11:32 B C:\Users\redkey\Documents\Google Drive L\zodiac\eng\menu_p.php --> www.bluewolf.com.mx /public_html/zodiac/eng menu_p.php
2017.07.17 11:32 B C:\Users\redkey\Documents\Google Drive L\zodiac\eng\menu_f.php --> www.bluewolf.com.mx /public_html/zodiac/eng menu_f.php
2017.07.17 11:33 B C:\Users\redkey\Documents\Google Drive L\zodiac\eng\menu_f.php --> www.bluewolf.com.mx /public_html/zodiac/eng menu_f.php
2017.07.17 11:33 B C:\Users\redkey\Documents\Google Drive L\zodiac\eng\menu_p.php --> www.bluewolf.com.mx /public_html/zodiac/eng menu_p.php
2017.07.17 11:34 B C:\Users\redkey\Documents\Google Drive L\zodiac\eng\menu_f.php --> www.bluewolf.com.mx /public_html/zodiac/eng menu_f.php
2017.07.17 11:35 B C:\Users\redkey\Documents\Google Drive L\zodiac\eng\menu_f.php --> www.bluewolf.com.mx /public_html/zodiac/eng menu_f.php
2017.07.17 11:35 B C:\Users\redkey\Documents\Google Drive L\zodiac\eng\menu_p.php --> www.bluewolf.com.mx /public_html/zodiac/eng menu_p.php
2017.07.17 11:36 B C:\Users\redkey\Documents\Google Drive L\zodiac\eng\menu_p.php --> www.bluewolf.com.mx /public_html/zodiac/eng menu_p.php
2017.07.17 11:36 B C:\Users\redkey\Documents\Google Drive L\zodiac\eng\menu_f.php --> www.bluewolf.com.mx /public_html/zodiac/eng menu_f.php
2017.07.17 11:38 B C:\Users\redkey\Documents\Google Drive L\zodiac\eng\menu_f.php --> www.bluewolf.com.mx /public_html/zodiac/eng menu_f.php
2017.07.17 11:38 B C:\Users\redkey\Documents\Google Drive L\zodiac\eng\menu_p.php --> www.bluewolf.com.mx /public_html/zodiac/eng menu_p.php
2017.07.17 11:41 B C:\Users\redkey\Documents\Google Drive L\zodiac\eng\menu_p.php --> www.bluewolf.com.mx /public_html/zodiac/eng menu_p.php
2017.07.17 11:41 B C:\Users\redkey\Documents\Google Drive L\zodiac\eng\menu_f.php --> www.bluewolf.com.mx /public_html/zodiac/eng menu_f.php
2017.07.17 11:41 B C:\Users\redkey\Documents\Google Drive L\zodiac\eng\menu_f.php --> www.bluewolf.com.mx /public_html/zodiac/eng menu_f.php
2017.07.17 11:43 B C:\Users\redkey\Documents\Google Drive L\zodiac\eng\menu_f.php --> www.bluewolf.com.mx /public_html/zodiac/eng menu_f.php
2017.07.17 11:43 B C:\Users\redkey\Documents\Google Drive L\zodiac\eng\menu_f.php --> www.bluewolf.com.mx /public_html/zodiac/eng menu_f.php
2017.07.17 11:43 B C:\Users\redkey\Documents\Google Drive L\zodiac\eng\menu_f.php --> www.bluewolf.com.mx /public_html/zodiac/eng menu_f.php
2017.07.17 11:44 B C:\Users\redkey\Documents\Google Drive L\zodiac\eng\menu_f.php --> www.bluewolf.com.mx /public_html/zodiac/eng menu_f.php
2017.07.17 11:44 B C:\Users\redkey\Documents\Google Drive L\zodiac\eng\menu_p.php --> www.bluewolf.com.mx /public_html/zodiac/eng menu_p.php
2017.07.17 11:47 B C:\Users\redkey\Documents\Google Drive L\zodiac\eng\menu_f.php --> www.bluewolf.com.mx /public_html/zodiac/eng menu_f.php
2017.07.17 11:49 B C:\Users\redkey\Documents\Google Drive L\zodiac\eng\menu_f.php --> www.bluewolf.com.mx /public_html/zodiac/eng menu_f.php
2017.07.17 11:51 B C:\Users\redkey\Documents\Google Drive L\zodiac\eng\menu_f.php --> www.bluewolf.com.mx /public_html/zodiac/eng menu_f.php
2017.07.17 11:57 B C:\Users\redkey\Documents\Google Drive L\zodiac\eng\menu_f.php --> www.bluewolf.com.mx /public_html/zodiac/eng menu_f.php
2017.07.17 11:58 B C:\Users\redkey\Documents\Google Drive L\zodiac\eng\menu_f.php --> www.bluewolf.com.mx /public_html/zodiac/eng menu_f.php
2017.07.17 11:58 B C:\Users\redkey\Documents\Google Drive L\zodiac\eng\menu_f.php --> www.bluewolf.com.mx /public_html/zodiac/eng menu_f.php
2017.07.17 12:00 B C:\Users\redkey\Documents\Google Drive L\zodiac\eng\menu_f.php --> www.bluewolf.com.mx /public_html/zodiac/eng menu_f.php
2017.07.17 12:02 B C:\Users\redkey\Documents\Google Drive L\zodiac\eng\menu_p.php --> www.bluewolf.com.mx /public_html/zodiac/eng menu_p.php
2017.07.17 12:03 B C:\Users\redkey\Documents\Google Drive L\zodiac\eng\menu_p.php --> www.bluewolf.com.mx /public_html/zodiac/eng menu_p.php
2017.07.17 12:04 B C:\Users\redkey\Documents\Google Drive L\zodiac\eng\menu_f.php --> www.bluewolf.com.mx /public_html/zodiac/eng menu_f.php
2017.07.17 12:12 B C:\Users\redkey\Documents\Google Drive L\zodiac\eng\index.php --> www.bluewolf.com.mx /public_html/zodiac/eng index.php
2017.07.17 12:16 B C:\Users\redkey\Documents\Google Drive L\zodiac\eng\index.php --> www.bluewolf.com.mx /public_html/zodiac/eng index.php
2017.07.17 12:17 B C:\Users\redkey\Documents\Google Drive L\zodiac\eng\index.php --> www.bluewolf.com.mx /public_html/zodiac/eng index.php
2017.07.17 12:19 B C:\Users\redkey\Documents\Google Drive L\zodiac\eng\index.php --> www.bluewolf.com.mx /public_html/zodiac/eng index.php
2017.07.17 12:20 B C:\Users\redkey\Documents\Google Drive L\zodiac\eng\index.php --> www.bluewolf.com.mx /public_html/zodiac/eng index.php
2017.07.17 12:30 B C:\Users\redkey\Documents\Google Drive L\zodiac\eng\index.php --> www.bluewolf.com.mx /public_html/zodiac/eng index.php
2017.07.18 09:35 B C:\Users\redkey\Documents\Google Drive L\zodiac\eng\menu_p.php --> www.bluewolf.com.mx /public_html/zodiac/eng menu_p.php
2017.07.18 09:36 B C:\Users\redkey\Documents\Google Drive L\zodiac\eng\menu_f.php --> www.bluewolf.com.mx /public_html/zodiac/eng menu_f.php
2017.07.18 09:37 B C:\Users\redkey\Documents\Google Drive L\zodiac\eng\menu_f.php --> www.bluewolf.com.mx /public_html/zodiac/eng menu_f.php
2017.07.18 09:37 B C:\Users\redkey\Documents\Google Drive L\zodiac\eng\menu_p.php --> www.bluewolf.com.mx /public_html/zodiac/eng menu_p.php
2017.07.18 09:37 B C:\Users\redkey\Documents\Google Drive L\zodiac\eng\menu_f.php --> www.bluewolf.com.mx /public_html/zodiac/eng menu_f.php
2017.07.18 09:38 B C:\Users\redkey\Documents\Google Drive L\zodiac\eng\menu_f.php --> www.bluewolf.com.mx /public_html/zodiac/eng menu_f.php
2017.07.18 09:38 B C:\Users\redkey\Documents\Google Drive L\zodiac\eng\menu_p.php --> www.bluewolf.com.mx /public_html/zodiac/eng menu_p.php
2017.07.18 09:39 B C:\Users\redkey\Documents\Google Drive L\zodiac\eng\menu_p.php --> www.bluewolf.com.mx /public_html/zodiac/eng menu_p.php
2017.07.18 09:39 B C:\Users\redkey\Documents\Google Drive L\zodiac\eng\menu_f.php --> www.bluewolf.com.mx /public_html/zodiac/eng menu_f.php
2017.07.18 09:39 B C:\Users\redkey\Documents\Google Drive L\zodiac\eng\menu_f.php --> www.bluewolf.com.mx /public_html/zodiac/eng menu_f.php
2017.07.18 09:39 B C:\Users\redkey\Documents\Google Drive L\zodiac\eng\menu_p.php --> www.bluewolf.com.mx /public_html/zodiac/eng menu_p.php
2017.07.18 09:41 B C:\Users\redkey\Documents\Google Drive L\zodiac\eng\menu_p.php --> www.bluewolf.com.mx /public_html/zodiac/eng menu_p.php
2017.07.18 09:41 B C:\Users\redkey\Documents\Google Drive L\zodiac\eng\menu_f.php --> www.bluewolf.com.mx /public_html/zodiac/eng menu_f.php
2017.07.18 09:42 B C:\Users\redkey\Documents\Google Drive L\zodiac\eng\menu_f.php --> www.bluewolf.com.mx /public_html/zodiac/eng menu_f.php
2017.07.18 09:42 B C:\Users\redkey\Documents\Google Drive L\zodiac\eng\menu_p.php --> www.bluewolf.com.mx /public_html/zodiac/eng menu_p.php
2017.07.18 09:42 B C:\Users\redkey\Documents\Google Drive L\zodiac\eng\menu_p.php --> www.bluewolf.com.mx /public_html/zodiac/eng menu_p.php
2017.07.18 09:46 B C:\Users\redkey\Documents\Google Drive L\zodiac\eng\menu_p.php --> www.bluewolf.com.mx /public_html/zodiac/eng menu_p.php
2017.07.18 09:46 B C:\Users\redkey\Documents\Google Drive L\zodiac\eng\menu_f.php --> www.bluewolf.com.mx /public_html/zodiac/eng menu_f.php
2017.07.18 09:48 B C:\Users\redkey\Documents\Google Drive L\zodiac\eng\menu_f.php --> www.bluewolf.com.mx /public_html/zodiac/eng menu_f.php
2017.07.18 09:48 B C:\Users\redkey\Documents\Google Drive L\zodiac\eng\menu_p.php --> www.bluewolf.com.mx /public_html/zodiac/eng menu_p.php
2017.07.18 09:49 B C:\Users\redkey\Documents\Google Drive L\zodiac\eng\menu_p.php --> www.bluewolf.com.mx /public_html/zodiac/eng menu_p.php
2017.07.18 09:49 B C:\Users\redkey\Documents\Google Drive L\zodiac\eng\menu_f.php --> www.bluewolf.com.mx /public_html/zodiac/eng menu_f.php
2017.07.18 09:50 B C:\Users\redkey\Documents\Google Drive L\zodiac\eng\menu_f.php --> www.bluewolf.com.mx /public_html/zodiac/eng menu_f.php
2017.07.18 09:50 B C:\Users\redkey\Documents\Google Drive L\zodiac\eng\menu_p.php --> www.bluewolf.com.mx /public_html/zodiac/eng menu_p.php
2017.07.18 09:51 B C:\Users\redkey\Documents\Google Drive L\zodiac\eng\menu_p.php --> www.bluewolf.com.mx /public_html/zodiac/eng menu_p.php
2017.07.18 09:51 B C:\Users\redkey\Documents\Google Drive L\zodiac\eng\menu_f.php --> www.bluewolf.com.mx /public_html/zodiac/eng menu_f.php
2017.07.18 09:54 B C:\Users\redkey\Documents\Google Drive L\zodiac\eng\menu_f.php --> www.bluewolf.com.mx /public_html/zodiac/eng menu_f.php
2017.07.18 09:54 B C:\Users\redkey\Documents\Google Drive L\zodiac\eng\menu_p.php --> www.bluewolf.com.mx /public_html/zodiac/eng menu_p.php
2017.07.18 09:55 B C:\Users\redkey\Documents\Google Drive L\zodiac\eng\menu_p.php --> www.bluewolf.com.mx /public_html/zodiac/eng menu_p.php
2017.07.18 09:55 B C:\Users\redkey\Documents\Google Drive L\zodiac\eng\menu_f.php --> www.bluewolf.com.mx /public_html/zodiac/eng menu_f.php
2017.07.18 09:56 B C:\Users\redkey\Documents\Google Drive L\zodiac\eng\menu_f.php --> www.bluewolf.com.mx /public_html/zodiac/eng menu_f.php
2017.07.18 09:56 B C:\Users\redkey\Documents\Google Drive L\zodiac\eng\menu_p.php --> www.bluewolf.com.mx /public_html/zodiac/eng menu_p.php
2017.07.18 09:56 B C:\Users\redkey\Documents\Google Drive L\zodiac\eng\menu_p.php --> www.bluewolf.com.mx /public_html/zodiac/eng menu_p.php
2017.07.18 09:56 B C:\Users\redkey\Documents\Google Drive L\zodiac\eng\menu_f.php --> www.bluewolf.com.mx /public_html/zodiac/eng menu_f.php
2017.07.18 09:58 B C:\Users\redkey\Documents\Google Drive L\zodiac\eng\menu_p.php --> www.bluewolf.com.mx /public_html/zodiac/eng menu_p.php
2017.07.18 09:58 B C:\Users\redkey\Documents\Google Drive L\zodiac\eng\menu_f.php --> www.bluewolf.com.mx /public_html/zodiac/eng menu_f.php
2017.07.18 10:04 B C:\Users\redkey\Documents\Google Drive L\zodiac\eng\index.php --> www.bluewolf.com.mx /public_html/zodiac/eng index.php
2017.07.18 10:08 B C:\Users\redkey\Documents\Google Drive L\zodiac\eng\index.php --> www.bluewolf.com.mx /public_html/zodiac/eng index.php
2017.07.18 10:09 B C:\Users\redkey\Documents\Google Drive L\zodiac\eng\menu_f.php --> www.bluewolf.com.mx /public_html/zodiac/eng menu_f.php
2017.07.18 10:09 B C:\Users\redkey\Documents\Google Drive L\zodiac\eng\menu_p.php --> www.bluewolf.com.mx /public_html/zodiac/eng menu_p.php
2017.07.18 10:10 B C:\Users\redkey\Documents\Google Drive L\zodiac\eng\menu_p.php --> www.bluewolf.com.mx /public_html/zodiac/eng menu_p.php
2017.07.18 10:10 B C:\Users\redkey\Documents\Google Drive L\zodiac\eng\menu_f.php --> www.bluewolf.com.mx /public_html/zodiac/eng menu_f.php
2017.07.18 10:11 B C:\Users\redkey\Documents\Google Drive L\zodiac\eng\menu_f.php --> www.bluewolf.com.mx /public_html/zodiac/eng menu_f.php
2017.07.18 10:11 B C:\Users\redkey\Documents\Google Drive L\zodiac\eng\menu_p.php --> www.bluewolf.com.mx /public_html/zodiac/eng menu_p.php
2017.07.18 10:19 B C:\Users\redkey\Documents\Google Drive L\zodiac\eng\menu_p.php --> www.bluewolf.com.mx /public_html/zodiac/eng menu_p.php
2017.07.18 10:19 B C:\Users\redkey\Documents\Google Drive L\zodiac\eng\menu_f.php --> www.bluewolf.com.mx /public_html/zodiac/eng menu_f.php
2017.07.18 10:20 B C:\Users\redkey\Documents\Google Drive L\zodiac\eng\menu_f.php --> www.bluewolf.com.mx /public_html/zodiac/eng menu_f.php
2017.07.18 10:20 B C:\Users\redkey\Documents\Google Drive L\zodiac\eng\menu_p.php --> www.bluewolf.com.mx /public_html/zodiac/eng menu_p.php
2017.07.18 10:20 B C:\Users\redkey\Documents\Google Drive L\zodiac\eng\menu_p.php --> www.bluewolf.com.mx /public_html/zodiac/eng menu_p.php
2017.07.18 10:20 B C:\Users\redkey\Documents\Google Drive L\zodiac\eng\menu_f.php --> www.bluewolf.com.mx /public_html/zodiac/eng menu_f.php
2017.07.18 10:23 B C:\Users\redkey\Documents\Google Drive L\zodiac\eng\menu_f.php --> www.bluewolf.com.mx /public_html/zodiac/eng menu_f.php
2017.07.18 10:23 B C:\Users\redkey\Documents\Google Drive L\zodiac\eng\menu_p.php --> www.bluewolf.com.mx /public_html/zodiac/eng menu_p.php
2017.07.18 10:24 B C:\Users\redkey\Documents\Google Drive L\zodiac\eng\menu_p.php --> www.bluewolf.com.mx /public_html/zodiac/eng menu_p.php
2017.07.18 10:24 B C:\Users\redkey\Documents\Google Drive L\zodiac\eng\menu_f.php --> www.bluewolf.com.mx /public_html/zodiac/eng menu_f.php
2017.07.18 10:24 B C:\Users\redkey\Documents\Google Drive L\zodiac\eng\menu_f.php --> www.bluewolf.com.mx /public_html/zodiac/eng menu_f.php
2017.07.18 10:24 B C:\Users\redkey\Documents\Google Drive L\zodiac\eng\menu_p.php --> www.bluewolf.com.mx /public_html/zodiac/eng menu_p.php
2017.07.18 10:26 B C:\Users\redkey\Documents\Google Drive L\zodiac\eng\menu_p.php --> www.bluewolf.com.mx /public_html/zodiac/eng menu_p.php
2017.07.18 10:26 B C:\Users\redkey\Documents\Google Drive L\zodiac\eng\menu_f.php --> www.bluewolf.com.mx /public_html/zodiac/eng menu_f.php
2017.07.18 10:26 B C:\Users\redkey\Documents\Google Drive L\zodiac\eng\menu_f.php --> www.bluewolf.com.mx /public_html/zodiac/eng menu_f.php
2017.07.18 10:26 B C:\Users\redkey\Documents\Google Drive L\zodiac\eng\menu_p.php --> www.bluewolf.com.mx /public_html/zodiac/eng menu_p.php
2017.07.18 10:29 B C:\Users\redkey\Documents\Google Drive L\zodiac\eng\menu_p.php --> www.bluewolf.com.mx /public_html/zodiac/eng menu_p.php
2017.07.18 10:29 B C:\Users\redkey\Documents\Google Drive L\zodiac\eng\menu_f.php --> www.bluewolf.com.mx /public_html/zodiac/eng menu_f.php
2017.07.18 10:32 B C:\Users\redkey\Documents\Google Drive L\zodiac\eng\menu_f.php --> www.bluewolf.com.mx /public_html/zodiac/eng menu_f.php
2017.07.18 10:32 B C:\Users\redkey\Documents\Google Drive L\zodiac\eng\menu_p.php --> www.bluewolf.com.mx /public_html/zodiac/eng menu_p.php
2017.07.18 10:32 B C:\Users\redkey\Documents\Google Drive L\zodiac\eng\menu_p.php --> www.bluewolf.com.mx /public_html/zodiac/eng menu_p.php
2017.07.18 10:32 B C:\Users\redkey\Documents\Google Drive L\zodiac\eng\menu_f.php --> www.bluewolf.com.mx /public_html/zodiac/eng menu_f.php
2017.07.18 10:34 B C:\Users\redkey\Documents\Google Drive L\zodiac\eng\menu_f.php --> www.bluewolf.com.mx /public_html/zodiac/eng menu_f.php
2017.07.18 10:34 B C:\Users\redkey\Documents\Google Drive L\zodiac\eng\menu_p.php --> www.bluewolf.com.mx /public_html/zodiac/eng menu_p.php
2017.07.18 10:39 B C:\Users\redkey\Documents\Google Drive L\zodiac\eng\menu_p.php --> www.bluewolf.com.mx /public_html/zodiac/eng menu_p.php
2017.07.18 10:39 B C:\Users\redkey\Documents\Google Drive L\zodiac\eng\menu_f.php --> www.bluewolf.com.mx /public_html/zodiac/eng menu_f.php
2017.07.18 10:41 B C:\Users\redkey\Documents\Google Drive L\zodiac\eng\menu_f.php --> www.bluewolf.com.mx /public_html/zodiac/eng menu_f.php
2017.07.18 10:41 B C:\Users\redkey\Documents\Google Drive L\zodiac\eng\menu_p.php --> www.bluewolf.com.mx /public_html/zodiac/eng menu_p.php
2017.07.18 10:42 B C:\Users\redkey\Documents\Google Drive L\zodiac\eng\menu_p.php --> www.bluewolf.com.mx /public_html/zodiac/eng menu_p.php
2017.07.18 10:42 B C:\Users\redkey\Documents\Google Drive L\zodiac\eng\menu_f.php --> www.bluewolf.com.mx /public_html/zodiac/eng menu_f.php
2017.07.18 10:50 B C:\Users\redkey\Documents\Google Drive L\zodiac\eng\menu_f.php --> www.bluewolf.com.mx /public_html/zodiac/eng menu_f.php
2017.07.18 10:50 B C:\Users\redkey\Documents\Google Drive L\zodiac\eng\menu_p.php --> www.bluewolf.com.mx /public_html/zodiac/eng menu_p.php
2017.07.18 10:56 B C:\Users\redkey\Documents\Google Drive L\zodiac\eng\menu_p.php --> www.bluewolf.com.mx /public_html/zodiac/eng menu_p.php
2017.07.18 10:56 B C:\Users\redkey\Documents\Google Drive L\zodiac\eng\menu_f.php --> www.bluewolf.com.mx /public_html/zodiac/eng menu_f.php
2017.07.18 11:05 B C:\Users\redkey\Documents\Google Drive L\zodiac\eng\menu_f.php --> www.bluewolf.com.mx /public_html/zodiac/eng menu_f.php
2017.07.18 11:05 B C:\Users\redkey\Documents\Google Drive L\zodiac\eng\menu_p.php --> www.bluewolf.com.mx /public_html/zodiac/eng menu_p.php
2017.07.18 11:08 B C:\Users\redkey\Documents\Google Drive L\zodiac\eng\menu_f.php --> www.bluewolf.com.mx /public_html/zodiac/eng menu_f.php
2017.07.18 11:08 B C:\Users\redkey\Documents\Google Drive L\zodiac\eng\menu_p.php --> www.bluewolf.com.mx /public_html/zodiac/eng menu_p.php
2017.07.18 11:09 B C:\Users\redkey\Documents\Google Drive L\zodiac\eng\menu_p.php --> www.bluewolf.com.mx /public_html/zodiac/eng menu_p.php
2017.07.18 11:09 B C:\Users\redkey\Documents\Google Drive L\zodiac\eng\menu_f.php --> www.bluewolf.com.mx /public_html/zodiac/eng menu_f.php
2017.07.18 11:11 B C:\Users\redkey\Documents\Google Drive L\zodiac\eng\menu_f.php --> www.bluewolf.com.mx /public_html/zodiac/eng menu_f.php
2017.07.18 11:11 B C:\Users\redkey\Documents\Google Drive L\zodiac\eng\menu_p.php --> www.bluewolf.com.mx /public_html/zodiac/eng menu_p.php
2017.07.18 11:12 B C:\Users\redkey\Documents\Google Drive L\zodiac\eng\menu_f.php --> www.bluewolf.com.mx /public_html/zodiac/eng menu_f.php
2017.07.18 11:46 B C:\Users\redkey\Documents\Google Drive L\zodiac\eng\menu_p.php --> www.bluewolf.com.mx /public_html/zodiac/eng menu_p.php
2017.07.18 11:46 B C:\Users\redkey\Documents\Google Drive L\zodiac\eng\cambio_idioma.php --> www.bluewolf.com.mx /public_html/zodiac/eng cambio_idioma.php
2017.07.18 11:46 B C:\Users\redkey\Documents\Google Drive L\zodiac\eng\menu_f.php --> www.bluewolf.com.mx /public_html/zodiac/eng menu_f.php
2017.07.18 11:50 B C:\Users\redkey\Documents\Google Drive L\zodiac\eng\menu_f.php --> www.bluewolf.com.mx /public_html/zodiac/eng menu_f.php
2017.07.18 11:50 B C:\Users\redkey\Documents\Google Drive L\zodiac\eng\menu_p.php --> www.bluewolf.com.mx /public_html/zodiac/eng menu_p.php
2017.07.18 11:52 B C:\Users\redkey\Documents\Google Drive L\zodiac\eng\menu_p.php --> www.bluewolf.com.mx /public_html/zodiac/eng menu_p.php
2017.07.18 11:53 B C:\Users\redkey\Documents\Google Drive L\zodiac\eng\cambio_idioma.php --> www.bluewolf.com.mx /public_html/zodiac/eng cambio_idioma.php
2017.07.18 11:54 B C:\Users\redkey\Documents\Google Drive L\zodiac\eng\cambio_idioma.php --> www.bluewolf.com.mx /public_html/zodiac/eng cambio_idioma.php
2017.07.28 12:05 B C:\Users\marioalejandro\Google Drive\proyectos\zodiac\eng\rollos.php --> www.bluewolf.com.mx /public_html/zodiac/eng rollos.php
2017.07.28 12:05 B C:\Users\marioalejandro\Google Drive\proyectos\zodiac\eng\lectra_capacity.php --> www.bluewolf.com.mx /public_html/zodiac/eng lectra_capacity.php
2017.07.28 12:05 B C:\Users\marioalejandro\Google Drive\proyectos\zodiac\eng\historial.php --> www.bluewolf.com.mx /public_html/zodiac/eng historial.php
2017.08.15 15:18 B C:\Users\marioalejandro\Google Drive\proyectos\zodiac\eng\rollos.php --> www.bluewolf.com.mx /public_html/zodiac/eng rollos.php
2017.08.15 15:18 B C:\Users\marioalejandro\Google Drive\proyectos\zodiac\eng\parte_fibra.php --> www.bluewolf.com.mx /public_html/zodiac/eng parte_fibra.php
2017.08.15 15:18 B C:\Users\marioalejandro\Google Drive\proyectos\zodiac\eng\cortes_prod.php --> www.bluewolf.com.mx /public_html/zodiac/eng cortes_prod.php
2017.08.15 15:18 B C:\Users\marioalejandro\Google Drive\proyectos\zodiac\eng\buscar_activos.php --> www.bluewolf.com.mx /public_html/zodiac/eng buscar_activos.php
2017.08.15 15:18 B C:\Users\marioalejandro\Google Drive\proyectos\zodiac\eng\usuarios.php --> www.bluewolf.com.mx /public_html/zodiac/eng usuarios.php
2017.08.15 15:18 B C:\Users\marioalejandro\Google Drive\proyectos\zodiac\eng\exportar_lectra_capacity.php --> www.bluewolf.com.mx /public_html/zodiac/eng exportar_lectra_capacity.php
2017.08.15 15:18 B C:\Users\marioalejandro\Google Drive\proyectos\zodiac\eng\exportar_rolls.php --> www.bluewolf.com.mx /public_html/zodiac/eng exportar_rolls.php
2017.08.15 15:31 B C:\Users\marioalejandro\Google Drive\proyectos\zodiac\eng\rollos.php --> www.bluewolf.com.mx /public_html/zodiac/eng rollos.php
2017.08.15 15:32 B C:\Users\marioalejandro\Google Drive\proyectos\zodiac\eng\rollos.php --> www.bluewolf.com.mx /public_html/zodiac/eng rollos.php
2017.08.15 15:37 B C:\Users\marioalejandro\Google Drive\proyectos\zodiac\eng\rollos.php --> www.bluewolf.com.mx /public_html/zodiac/eng rollos.php
2017.08.15 15:44 B C:\Users\marioalejandro\Google Drive\proyectos\zodiac\eng\rollos.php --> www.bluewolf.com.mx /public_html/zodiac/eng rollos.php
2017.08.15 15:45 B C:\Users\marioalejandro\Google Drive\proyectos\zodiac\eng\rollos.php --> www.bluewolf.com.mx /public_html/zodiac/eng rollos.php
2017.08.18 15:03 B C:\Users\marioalejandro\Google Drive\proyectos\zodiac\eng\lectra_capacity.php --> www.bluewolf.com.mx /public_html/zodiac/eng lectra_capacity.php
2017.08.18 15:03 B C:\Users\marioalejandro\Google Drive\proyectos\zodiac\eng\detalle_pausa.php --> www.bluewolf.com.mx /public_html/zodiac/eng detalle_pausa.php
2017.08.18 15:03 B C:\Users\marioalejandro\Google Drive\proyectos\zodiac\eng\exportar_historial.php --> www.bluewolf.com.mx /public_html/zodiac/eng exportar_historial.php
2017.08.18 15:03 B C:\Users\marioalejandro\Google Drive\proyectos\zodiac\eng\historial.php --> www.bluewolf.com.mx /public_html/zodiac/eng historial.php
2017.08.22 12:14 B C:\Users\redkey\Documents\Google Drive L\zodiac\eng\partes.php --> www.bluewolf.com.mx /public_html/zodiac/eng partes.php
2017.08.22 14:28 B C:\Users\redkey\Documents\Google Drive L\zodiac\eng\rollos_terminados.php --> www.bluewolf.com.mx /public_html/zodiac/eng rollos_terminados.php
2017.08.23 13:04 B C:\Users\redkey\Documents\Google Drive L\zodiac\eng\lugares.php --> www.bluewolf.com.mx /public_html/zodiac/eng lugares.php
2017.08.23 13:08 B C:\Users\redkey\Documents\Google Drive L\zodiac\eng\rollos.php --> www.bluewolf.com.mx /public_html/zodiac/eng rollos.php
2017.08.23 13:12 B C:\Users\redkey\Documents\Google Drive L\zodiac\eng\rollos.php --> www.bluewolf.com.mx /public_html/zodiac/eng rollos.php
2017.08.23 13:12 B C:\Users\redkey\Documents\Google Drive L\zodiac\eng\lugares.php --> www.bluewolf.com.mx /public_html/zodiac/eng lugares.php
2017.09.01 11:20 B C:\Users\redkey\Documents\Google Drive L\zodiac\eng\lectra_capacity.php --> www.bluewolf.com.mx /public_html/zodiac/eng lectra_capacity.php
2017.09.01 11:21 B C:\Users\redkey\Documents\Google Drive L\zodiac\eng\lectra_capacity.php --> www.bluewolf.com.mx /public_html/zodiac/eng lectra_capacity.php
2017.09.01 11:21 B C:\Users\redkey\Documents\Google Drive L\zodiac\eng\lectra_capacity.php --> www.bluewolf.com.mx /public_html/zodiac/eng lectra_capacity.php
2017.09.01 11:22 B C:\Users\redkey\Documents\Google Drive L\zodiac\eng\lectra_capacity.php --> www.bluewolf.com.mx /public_html/zodiac/eng lectra_capacity.php
2017.09.01 11:24 B C:\Users\redkey\Documents\Google Drive L\zodiac\eng\lectra_capacity.php --> www.bluewolf.com.mx /public_html/zodiac/eng lectra_capacity.php
2017.09.01 11:38 B C:\Users\redkey\Documents\Google Drive L\zodiac\eng\cortes.php --> www.bluewolf.com.mx /public_html/zodiac/eng cortes.php
2017.09.01 12:19 B C:\Users\redkey\Documents\Google Drive L\zodiac\eng\rollos.php --> www.bluewolf.com.mx /public_html/zodiac/eng rollos.php
2017.09.01 12:23 B C:\Users\redkey\Documents\Google Drive L\zodiac\eng\rollos.php --> www.bluewolf.com.mx /public_html/zodiac/eng rollos.php
2017.09.01 12:24 B C:\Users\redkey\Documents\Google Drive L\zodiac\eng\rollos.php --> www.bluewolf.com.mx /public_html/zodiac/eng rollos.php
2017.09.01 12:44 B C:\Users\redkey\Documents\Google Drive L\zodiac\eng\rollos.php --> www.bluewolf.com.mx /public_html/zodiac/eng rollos.php
2017.09.01 12:54 B C:\Users\redkey\Documents\Google Drive L\zodiac\eng\rollos.php --> www.bluewolf.com.mx /public_html/zodiac/eng rollos.php
2017.09.01 12:57 B C:\Users\redkey\Documents\Google Drive L\zodiac\eng\rollos.php --> www.bluewolf.com.mx /public_html/zodiac/eng rollos.php
2017.09.01 12:58 B C:\Users\redkey\Documents\Google Drive L\zodiac\eng\rollos.php --> www.bluewolf.com.mx /public_html/zodiac/eng rollos.php
2017.09.01 12:59 B C:\Users\redkey\Documents\Google Drive L\zodiac\eng\rollos.php --> www.bluewolf.com.mx /public_html/zodiac/eng rollos.php
2017.09.01 13:08 B C:\Users\redkey\Documents\Google Drive L\zodiac\eng\rollos.php --> www.bluewolf.com.mx /public_html/zodiac/eng rollos.php
2017.09.01 13:10 B C:\Users\redkey\Documents\Google Drive L\zodiac\eng\rollos.php --> www.bluewolf.com.mx /public_html/zodiac/eng rollos.php
2017.09.01 13:14 B C:\Users\redkey\Documents\Google Drive L\zodiac\eng\rollos.php --> www.bluewolf.com.mx /public_html/zodiac/eng rollos.php
2017.09.01 13:22 B C:\Users\redkey\Documents\Google Drive L\zodiac\eng\programas.php --> www.bluewolf.com.mx /public_html/zodiac/eng programas.php
2017.09.01 13:23 B C:\Users\redkey\Documents\Google Drive L\zodiac\eng\programas.php --> www.bluewolf.com.mx /public_html/zodiac/eng programas.php
2017.09.01 13:25 B C:\Users\redkey\Documents\Google Drive L\zodiac\eng\fibras.php --> www.bluewolf.com.mx /public_html/zodiac/eng fibras.php
2017.09.01 13:25 B C:\Users\redkey\Documents\Google Drive L\zodiac\eng\bodegas.php --> www.bluewolf.com.mx /public_html/zodiac/eng bodegas.php
2017.09.01 13:25 B C:\Users\redkey\Documents\Google Drive L\zodiac\eng\cortes.php --> www.bluewolf.com.mx /public_html/zodiac/eng cortes.php
2017.09.01 13:25 B C:\Users\redkey\Documents\Google Drive L\zodiac\eng\lectra_capacity.php --> www.bluewolf.com.mx /public_html/zodiac/eng lectra_capacity.php
2017.09.01 13:25 B C:\Users\redkey\Documents\Google Drive L\zodiac\eng\lugares.php --> www.bluewolf.com.mx /public_html/zodiac/eng lugares.php
2017.09.01 13:27 B C:\Users\redkey\Documents\Google Drive L\zodiac\eng\programas.php --> www.bluewolf.com.mx /public_html/zodiac/eng programas.php
2017.09.01 13:29 B C:\Users\redkey\Documents\Google Drive L\zodiac\eng\programas.php --> www.bluewolf.com.mx /public_html/zodiac/eng programas.php
2017.09.01 13:49 B C:\Users\redkey\Documents\Google Drive L\zodiac\eng\partes.php --> www.bluewolf.com.mx /public_html/zodiac/eng partes.php
2017.09.01 13:54 B C:\Users\redkey\Documents\Google Drive L\zodiac\eng\partes.php --> www.bluewolf.com.mx /public_html/zodiac/eng partes.php
2017.09.01 13:54 B C:\Users\redkey\Documents\Google Drive L\zodiac\eng\partes.php --> www.bluewolf.com.mx /public_html/zodiac/eng partes.php
2017.09.01 13:58 B C:\Users\redkey\Documents\Google Drive L\zodiac\eng\partes.php --> www.bluewolf.com.mx /public_html/zodiac/eng partes.php
2017.09.01 14:00 B C:\Users\redkey\Documents\Google Drive L\zodiac\eng\partes.php --> www.bluewolf.com.mx /public_html/zodiac/eng partes.php
2017.09.01 14:01 B C:\Users\redkey\Documents\Google Drive L\zodiac\eng\partes.php --> www.bluewolf.com.mx /public_html/zodiac/eng partes.php
2017.09.01 14:02 B C:\Users\redkey\Documents\Google Drive L\zodiac\eng\partes.php --> www.bluewolf.com.mx /public_html/zodiac/eng partes.php
2017.09.01 14:07 B C:\Users\redkey\Documents\Google Drive L\zodiac\eng\cortes.php --> www.bluewolf.com.mx /public_html/zodiac/eng cortes.php
2017.09.01 14:12 B C:\Users\redkey\Documents\Google Drive L\zodiac\eng\usuarios.php --> www.bluewolf.com.mx /public_html/zodiac/eng usuarios.php
2017.09.01 14:14 B C:\Users\redkey\Documents\Google Drive L\zodiac\eng\usuarios.php --> www.bluewolf.com.mx /public_html/zodiac/eng usuarios.php
2017.09.01 14:15 B C:\Users\redkey\Documents\Google Drive L\zodiac\eng\usuarios.php --> www.bluewolf.com.mx /public_html/zodiac/eng usuarios.php
2017.09.01 14:19 B C:\Users\redkey\Documents\Google Drive L\zodiac\eng\usuarios.php --> www.bluewolf.com.mx /public_html/zodiac/eng usuarios.php
2017.09.05 11:41 B C:\Users\redkey\Documents\Google Drive L\zodiac\eng\rollos.php --> www.bluewolf.com.mx /public_html/zodiac/eng rollos.php
2017.09.05 11:44 B C:\Users\redkey\Documents\Google Drive L\zodiac\eng\rollos.php --> www.bluewolf.com.mx /public_html/zodiac/eng rollos.php
2017.09.05 11:59 B C:\Users\redkey\Documents\Google Drive L\zodiac\eng\rollos.php --> www.bluewolf.com.mx /public_html/zodiac/eng rollos.php
2017.09.05 12:05 B C:\Users\redkey\Documents\Google Drive L\zodiac\eng\rollos.php --> www.bluewolf.com.mx /public_html/zodiac/eng rollos.php
2017.09.05 14:07 B C:\Users\redkey\Documents\Google Drive L\zodiac\eng\lectra_capacity.php --> www.bluewolf.com.mx /public_html/zodiac/eng lectra_capacity.php
2017.09.05 14:28 B C:\Users\redkey\Documents\Google Drive L\zodiac\eng\lectra_capacity.php --> www.bluewolf.com.mx /public_html/zodiac/eng lectra_capacity.php
2017.09.11 14:49 B C:\Users\redkey\Documents\Google Drive L\zodiac\eng\cortes.php --> www.bluewolf.com.mx /public_html/zodiac/eng cortes.php
2017.09.11 14:52 B C:\Users\redkey\Documents\Google Drive L\zodiac\eng\cortes.php --> www.bluewolf.com.mx /public_html/zodiac/eng cortes.php
2017.09.12 10:32 B C:\Users\redkey\Documents\Google Drive L\zodiac\eng\exportar_rolls.php --> www.bluewolf.com.mx /public_html/zodiac/eng exportar_rolls.php
2017.09.12 11:23 B C:\Users\redkey\Documents\Google Drive L\zodiac\eng\rollos.php --> www.bluewolf.com.mx /public_html/zodiac/eng rollos.php
2017.09.12 11:39 B C:\Users\redkey\Documents\Google Drive L\zodiac\eng\rollos_terminados.php --> www.bluewolf.com.mx /public_html/zodiac/eng rollos_terminados.php
2017.09.12 13:16 B C:\Users\redkey\Documents\Google Drive L\zodiac\eng\rollos.php --> www.bluewolf.com.mx /public_html/zodiac/eng rollos.php
2017.09.12 13:17 B C:\Users\redkey\Documents\Google Drive L\zodiac\eng\rollos.php --> www.bluewolf.com.mx /public_html/zodiac/eng rollos.php
2017.09.12 13:19 B C:\Users\redkey\Documents\Google Drive L\zodiac\eng\rollos.php --> www.bluewolf.com.mx /public_html/zodiac/eng rollos.php
2017.09.14 13:06 B C:\Users\redkey\Documents\Google Drive L\zodiac\eng\cortes.php --> www.bluewolf.com.mx /public_html/zodiac/eng cortes.php
2017.09.14 13:06 B C:\Users\redkey\Documents\Google Drive L\zodiac\eng\buscaParte.php --> www.bluewolf.com.mx /public_html/zodiac/eng buscaParte.php
2017.09.14 13:06 B C:\Users\redkey\Documents\Google Drive L\zodiac\eng\buscaPrograma.php --> www.bluewolf.com.mx /public_html/zodiac/eng buscaPrograma.php
2017.09.14 13:07 B C:\Users\redkey\Documents\Google Drive L\zodiac\eng\cortes.php --> www.bluewolf.com.mx /public_html/zodiac/eng cortes.php
2017.09.15 11:16 B C:\Users\redkey\Documents\Google Drive L\zodiac\eng\rollos.php --> www.bluewolf.com.mx /public_html/zodiac/eng rollos.php
2017.09.15 11:17 B C:\Users\redkey\Documents\Google Drive L\zodiac\eng\cortes_prod.php --> www.bluewolf.com.mx /public_html/zodiac/eng cortes_prod.php
2017.09.19 13:38 B C:\Users\redkey\Documents\Google Drive L\zodiac\eng\rollos.php --> www.bluewolf.com.mx /public_html/zodiac/eng rollos.php
2017.09.19 13:40 B C:\Users\redkey\Documents\Google Drive L\zodiac\eng\exportar_rolls_suma.php --> www.bluewolf.com.mx /public_html/zodiac/eng exportar_rolls_suma.php
2017.09.19 13:41 B C:\Users\redkey\Documents\Google Drive L\zodiac\eng\exportar_rolls.php --> www.bluewolf.com.mx /public_html/zodiac/eng exportar_rolls.php
2017.09.19 13:41 B C:\Users\redkey\Documents\Google Drive L\zodiac\eng\exportar_rolls.php --> www.bluewolf.com.mx /public_html/zodiac/eng exportar_rolls.php
2017.09.20 13:47 B C:\Users\redkey\Documents\Google Drive L\zodiac\eng\buscaParte.php --> www.bluewolf.com.mx /public_html/zodiac/eng buscaParte.php
2017.09.20 14:30 B C:\Users\redkey\Documents\Google Drive L\zodiac\eng\rollos.php --> www.bluewolf.com.mx /public_html/zodiac/eng rollos.php
2017.09.20 14:32 B C:\Users\redkey\Documents\Google Drive L\zodiac\eng\rollos.php --> www.bluewolf.com.mx /public_html/zodiac/eng rollos.php
2017.09.20 15:39 B C:\Users\redkey\Documents\Google Drive L\zodiac\eng\lugares.php --> www.bluewolf.com.mx /public_html/zodiac/eng lugares.php
2017.10.31 15:57 B C:\Users\marioalejandro\Google Drive\proyectos\zodiac\eng\bodegas.php --> www.bluewolf.com.mx /public_html/iotdemo/eng bodegas.php
2017.10.31 15:57 B C:\Users\marioalejandro\Google Drive\proyectos\zodiac\eng\buscaFibra.php --> www.bluewolf.com.mx /public_html/iotdemo/eng buscaFibra.php
2017.10.31 15:57 B C:\Users\marioalejandro\Google Drive\proyectos\zodiac\eng\buscaLugar.php --> www.bluewolf.com.mx /public_html/iotdemo/eng buscaLugar.php
2017.10.31 15:57 B C:\Users\marioalejandro\Google Drive\proyectos\zodiac\eng\buscaParte.php --> www.bluewolf.com.mx /public_html/iotdemo/eng buscaParte.php
2017.10.31 15:57 B C:\Users\marioalejandro\Google Drive\proyectos\zodiac\eng\buscaPos.php --> www.bluewolf.com.mx /public_html/iotdemo/eng buscaPos.php
2017.10.31 15:57 B C:\Users\marioalejandro\Google Drive\proyectos\zodiac\eng\buscaPrograma.php --> www.bluewolf.com.mx /public_html/iotdemo/eng buscaPrograma.php
2017.10.31 15:57 B C:\Users\marioalejandro\Google Drive\proyectos\zodiac\eng\buscar_activos.php --> www.bluewolf.com.mx /public_html/iotdemo/eng buscar_activos.php
2017.10.31 15:57 B C:\Users\marioalejandro\Google Drive\proyectos\zodiac\eng\buscar_pendientes.php --> www.bluewolf.com.mx /public_html/iotdemo/eng buscar_pendientes.php
2017.10.31 15:57 B C:\Users\marioalejandro\Google Drive\proyectos\zodiac\eng\buscar_terminadas.php --> www.bluewolf.com.mx /public_html/iotdemo/eng buscar_terminadas.php
2017.10.31 15:57 B C:\Users\marioalejandro\Google Drive\proyectos\zodiac\eng\buscaRollo.php --> www.bluewolf.com.mx /public_html/iotdemo/eng buscaRollo.php
2017.10.31 15:57 B C:\Users\marioalejandro\Google Drive\proyectos\zodiac\eng\cambiar_orden.php --> www.bluewolf.com.mx /public_html/iotdemo/eng cambiar_orden.php
2017.10.31 15:57 B C:\Users\marioalejandro\Google Drive\proyectos\zodiac\eng\cambio_idioma.php --> www.bluewolf.com.mx /public_html/iotdemo/eng cambio_idioma.php
2017.10.31 15:57 B C:\Users\marioalejandro\Google Drive\proyectos\zodiac\eng\catchNewCut.php --> www.bluewolf.com.mx /public_html/iotdemo/eng catchNewCut.php
2017.10.31 15:57 B C:\Users\marioalejandro\Google Drive\proyectos\zodiac\eng\checar_sesion_admin.php --> www.bluewolf.com.mx /public_html/iotdemo/eng checar_sesion_admin.php
2017.10.31 15:57 B C:\Users\marioalejandro\Google Drive\proyectos\zodiac\eng\checar_sesion_prod.php --> www.bluewolf.com.mx /public_html/iotdemo/eng checar_sesion_prod.php
2017.10.31 15:57 B C:\Users\marioalejandro\Google Drive\proyectos\zodiac\eng\coneccion.php --> www.bluewolf.com.mx /public_html/iotdemo/eng coneccion.php
2017.10.31 15:57 B C:\Users\marioalejandro\Google Drive\proyectos\zodiac\eng\cortes.php --> www.bluewolf.com.mx /public_html/iotdemo/eng cortes.php
2017.10.31 15:57 B C:\Users\marioalejandro\Google Drive\proyectos\zodiac\eng\cortes_prod.php --> www.bluewolf.com.mx /public_html/iotdemo/eng cortes_prod.php
2017.10.31 15:57 B C:\Users\marioalejandro\Google Drive\proyectos\zodiac\eng\defectos.php --> www.bluewolf.com.mx /public_html/iotdemo/eng defectos.php
2017.10.31 15:57 B C:\Users\marioalejandro\Google Drive\proyectos\zodiac\eng\desktop.ini --> www.bluewolf.com.mx /public_html/iotdemo/eng desktop.ini
2017.10.31 15:57 B C:\Users\marioalejandro\Google Drive\proyectos\zodiac\eng\detalle_pausa.php --> www.bluewolf.com.mx /public_html/iotdemo/eng detalle_pausa.php
2017.10.31 15:57 B C:\Users\marioalejandro\Google Drive\proyectos\zodiac\eng\editar_corte.php --> www.bluewolf.com.mx /public_html/iotdemo/eng editar_corte.php
2017.10.31 15:57 B C:\Users\marioalejandro\Google Drive\proyectos\zodiac\eng\editar_corte_prod.php --> www.bluewolf.com.mx /public_html/iotdemo/eng editar_corte_prod.php
2017.10.31 15:57 B C:\Users\marioalejandro\Google Drive\proyectos\zodiac\eng\editar_pausa_prod.php --> www.bluewolf.com.mx /public_html/iotdemo/eng editar_pausa_prod.php
2017.10.31 15:57 B C:\Users\marioalejandro\Google Drive\proyectos\zodiac\eng\exportar_historial.php --> www.bluewolf.com.mx /public_html/iotdemo/eng exportar_historial.php
2017.10.31 15:57 B C:\Users\marioalejandro\Google Drive\proyectos\zodiac\eng\exportar_lectra_capacity.php --> www.bluewolf.com.mx /public_html/iotdemo/eng exportar_lectra_capacity.php
2017.10.31 15:57 B C:\Users\marioalejandro\Google Drive\proyectos\zodiac\eng\exportar_rolls.php --> www.bluewolf.com.mx /public_html/iotdemo/eng exportar_rolls.php
2017.10.31 15:57 B C:\Users\marioalejandro\Google Drive\proyectos\zodiac\eng\exportar_rolls_suma.php --> www.bluewolf.com.mx /public_html/iotdemo/eng exportar_rolls_suma.php
2017.10.31 15:57 B C:\Users\marioalejandro\Google Drive\proyectos\zodiac\eng\fibras.php --> www.bluewolf.com.mx /public_html/iotdemo/eng fibras.php
2017.10.31 15:57 B C:\Users\marioalejandro\Google Drive\proyectos\zodiac\eng\Files (1).zip --> www.bluewolf.com.mx /public_html/iotdemo/eng Files (1).zip
2017.10.31 15:57 B C:\Users\marioalejandro\Google Drive\proyectos\zodiac\eng\getLang.php --> www.bluewolf.com.mx /public_html/iotdemo/eng getLang.php
2017.10.31 15:57 B C:\Users\marioalejandro\Google Drive\proyectos\zodiac\eng\getTime.php --> www.bluewolf.com.mx /public_html/iotdemo/eng getTime.php
2017.10.31 15:57 B C:\Users\marioalejandro\Google Drive\proyectos\zodiac\eng\historial.php --> www.bluewolf.com.mx /public_html/iotdemo/eng historial.php
2017.10.31 15:57 B C:\Users\marioalejandro\Google Drive\proyectos\zodiac\eng\index.php --> www.bluewolf.com.mx /public_html/iotdemo/eng index.php
2017.10.31 15:57 B C:\Users\marioalejandro\Google Drive\proyectos\zodiac\eng\iniciar.html --> www.bluewolf.com.mx /public_html/iotdemo/eng iniciar.html
2017.10.31 15:57 B C:\Users\marioalejandro\Google Drive\proyectos\zodiac\eng\iniciar.php --> www.bluewolf.com.mx /public_html/iotdemo/eng iniciar.php
2017.10.31 15:57 B C:\Users\marioalejandro\Google Drive\proyectos\zodiac\eng\lectra_capacity.php --> www.bluewolf.com.mx /public_html/iotdemo/eng lectra_capacity.php
2017.10.31 15:57 B C:\Users\marioalejandro\Google Drive\proyectos\zodiac\eng\logout.php --> www.bluewolf.com.mx /public_html/iotdemo/eng logout.php
2017.10.31 15:57 B C:\Users\marioalejandro\Google Drive\proyectos\zodiac\eng\lugares.php --> www.bluewolf.com.mx /public_html/iotdemo/eng lugares.php
2017.10.31 15:57 B C:\Users\marioalejandro\Google Drive\proyectos\zodiac\eng\menu.php --> www.bluewolf.com.mx /public_html/iotdemo/eng menu.php
2017.10.31 15:57 B C:\Users\marioalejandro\Google Drive\proyectos\zodiac\eng\menu1.php --> www.bluewolf.com.mx /public_html/iotdemo/eng menu1.php
2017.10.31 15:57 B C:\Users\marioalejandro\Google Drive\proyectos\zodiac\eng\menu_f.php --> www.bluewolf.com.mx /public_html/iotdemo/eng menu_f.php
2017.10.31 15:57 B C:\Users\marioalejandro\Google Drive\proyectos\zodiac\eng\menu_p.php --> www.bluewolf.com.mx /public_html/iotdemo/eng menu_p.php
2017.10.31 15:57 B C:\Users\marioalejandro\Google Drive\proyectos\zodiac\eng\monitor_sesiones.php --> www.bluewolf.com.mx /public_html/iotdemo/eng monitor_sesiones.php
2017.10.31 15:57 B C:\Users\marioalejandro\Google Drive\proyectos\zodiac\eng\mostrarLectra.php --> www.bluewolf.com.mx /public_html/iotdemo/eng mostrarLectra.php
2017.10.31 15:57 B C:\Users\marioalejandro\Google Drive\proyectos\zodiac\eng\parte_fibra.php --> www.bluewolf.com.mx /public_html/iotdemo/eng parte_fibra.php
2017.10.31 15:57 B C:\Users\marioalejandro\Google Drive\proyectos\zodiac\eng\partes.php --> www.bluewolf.com.mx /public_html/iotdemo/eng partes.php
2017.10.31 15:57 B C:\Users\marioalejandro\Google Drive\proyectos\zodiac\eng\pauseCut.php --> www.bluewolf.com.mx /public_html/iotdemo/eng pauseCut.php
2017.10.31 15:57 B C:\Users\marioalejandro\Google Drive\proyectos\zodiac\eng\posiciones.php --> www.bluewolf.com.mx /public_html/iotdemo/eng posiciones.php
2017.10.31 15:57 B C:\Users\marioalejandro\Google Drive\proyectos\zodiac\eng\pre_menu1.php --> www.bluewolf.com.mx /public_html/iotdemo/eng pre_menu1.php
2017.10.31 15:57 B C:\Users\marioalejandro\Google Drive\proyectos\zodiac\eng\programa_parte.php --> www.bluewolf.com.mx /public_html/iotdemo/eng programa_parte.php
2017.10.31 15:57 B C:\Users\marioalejandro\Google Drive\proyectos\zodiac\eng\programas.php --> www.bluewolf.com.mx /public_html/iotdemo/eng programas.php
2017.10.31 15:57 B C:\Users\marioalejandro\Google Drive\proyectos\zodiac\eng\proveedores.php --> www.bluewolf.com.mx /public_html/iotdemo/eng proveedores.php
2017.10.31 15:57 B C:\Users\marioalejandro\Google Drive\proyectos\zodiac\eng\prueba.php --> www.bluewolf.com.mx /public_html/iotdemo/eng prueba.php
2017.10.31 15:57 B C:\Users\marioalejandro\Google Drive\proyectos\zodiac\eng\razones.php --> www.bluewolf.com.mx /public_html/iotdemo/eng razones.php
2017.10.31 15:57 B C:\Users\marioalejandro\Google Drive\proyectos\zodiac\eng\refreshCut.php --> www.bluewolf.com.mx /public_html/iotdemo/eng refreshCut.php
2017.10.31 15:57 B C:\Users\marioalejandro\Google Drive\proyectos\zodiac\eng\rollos.php --> www.bluewolf.com.mx /public_html/iotdemo/eng rollos.php
2017.10.31 15:57 B C:\Users\marioalejandro\Google Drive\proyectos\zodiac\eng\rollos_terminados.php --> www.bluewolf.com.mx /public_html/iotdemo/eng rollos_terminados.php
2017.10.31 15:57 B C:\Users\marioalejandro\Google Drive\proyectos\zodiac\eng\sesionActiva.php --> www.bluewolf.com.mx /public_html/iotdemo/eng sesionActiva.php
2017.10.31 15:57 B C:\Users\marioalejandro\Google Drive\proyectos\zodiac\eng\terminadas.php --> www.bluewolf.com.mx /public_html/iotdemo/eng terminadas.php
2017.10.31 15:57 B C:\Users\marioalejandro\Google Drive\proyectos\zodiac\eng\thickbox.css --> www.bluewolf.com.mx /public_html/iotdemo/eng thickbox.css
2017.10.31 15:57 B C:\Users\marioalejandro\Google Drive\proyectos\zodiac\eng\thickbox.js --> www.bluewolf.com.mx /public_html/iotdemo/eng thickbox.js
2017.10.31 15:57 B C:\Users\marioalejandro\Google Drive\proyectos\zodiac\eng\updateCut.php --> www.bluewolf.com.mx /public_html/iotdemo/eng updateCut.php
2017.10.31 15:57 B C:\Users\marioalejandro\Google Drive\proyectos\zodiac\eng\usuarios.php --> www.bluewolf.com.mx /public_html/iotdemo/eng usuarios.php
2017.10.31 15:57 B C:\Users\marioalejandro\Google Drive\proyectos\zodiac\eng\WS_FTP.LOG --> www.bluewolf.com.mx /public_html/iotdemo/eng WS_FTP.LOG
2017.10.31 15:57 B C:\Users\marioalejandro\Google Drive\proyectos\zodiac\eng\WS_FTP[Conflicto].LOG --> www.bluewolf.com.mx /public_html/iotdemo/eng WS_FTP[Conflicto].LOG
2017.11.29 09:36 B C:\Users\marioalejandro\Google Drive\proyectos\zodiac\eng\menu_f.php --> www.bluewolf.com.mx /public_html/zodiac/eng menu_f.php
2017.11.29 09:36 B C:\Users\marioalejandro\Google Drive\proyectos\zodiac\eng\defectos.php --> www.bluewolf.com.mx /public_html/zodiac/eng defectos.php
2017.11.29 09:36 B C:\Users\marioalejandro\Google Drive\proyectos\zodiac\eng\partes.php --> www.bluewolf.com.mx /public_html/zodiac/eng partes.php
2018.03.06 15:49 B C:\Users\marioalejandro\Google Drive\proyectos\zodiac\eng\fibras.php --> www.bluewolf.com.mx /public_html/zodiac/eng fibras.php
2018.03.06 15:49 B C:\Users\marioalejandro\Google Drive\proyectos\zodiac\eng\rollos_terminados.php --> www.bluewolf.com.mx /public_html/zodiac/eng rollos_terminados.php
2018.03.06 15:49 B C:\Users\marioalejandro\Google Drive\proyectos\zodiac\eng\lugares.php --> www.bluewolf.com.mx /public_html/zodiac/eng lugares.php
2018.03.06 15:49 B C:\Users\marioalejandro\Google Drive\proyectos\zodiac\eng\pre_menu1.php --> www.bluewolf.com.mx /public_html/zodiac/eng pre_menu1.php
2018.03.06 15:49 B C:\Users\marioalejandro\Google Drive\proyectos\zodiac\eng\rollos.php --> www.bluewolf.com.mx /public_html/zodiac/eng rollos.php
2018.03.06 15:49 B C:\Users\marioalejandro\Google Drive\proyectos\zodiac\eng\posiciones.php --> www.bluewolf.com.mx /public_html/zodiac/eng posiciones.php
2018.03.06 15:49 B C:\Users\marioalejandro\Google Drive\proyectos\zodiac\eng\cortes_prod.php --> www.bluewolf.com.mx /public_html/zodiac/eng cortes_prod.php
2018.03.06 15:50 B C:\Users\marioalejandro\Google Drive\proyectos\zodiac\eng\fibras.php --> www.bluewolf.com.mx /public_html/zodiac/eng fibras.php
2018.03.06 17:54 B C:\Users\marioalejandro\Google Drive\proyectos\zodiac\eng\fibras.php --> www.bluewolf.com.mx /public_html/zodiac/eng fibras.php
2018.03.06 17:57 B C:\Users\marioalejandro\Google Drive\proyectos\zodiac\eng\fibras.php --> www.bluewolf.com.mx /public_html/zodiac/eng fibras.php
2018.03.06 21:09 B C:\Users\marioalejandro\Google Drive\proyectos\zodiac\eng\rollos.php --> www.bluewolf.com.mx /public_html/zodiac/eng rollos.php
2018.03.06 21:27 B C:\Users\marioalejandro\Google Drive\proyectos\zodiac\eng\partes.php --> www.bluewolf.com.mx /public_html/zodiac/eng partes.php
2018.03.06 21:27 B C:\Users\marioalejandro\Google Drive\proyectos\zodiac\eng\rollos.php --> www.bluewolf.com.mx /public_html/zodiac/eng rollos.php
2018.04.02 13:04 B C:\Users\marioalejandro\Google Drive\proyectos\zodiac\eng\lugares.php --> www.bluewolf.com.mx /public_html/zodiac/eng lugares.php
2018.04.02 13:04 B C:\Users\marioalejandro\Google Drive\proyectos\zodiac\eng\rollos.php --> www.bluewolf.com.mx /public_html/zodiac/eng rollos.php
2018.04.02 13:04 B C:\Users\marioalejandro\Google Drive\proyectos\zodiac\eng\menu_f.php --> www.bluewolf.com.mx /public_html/zodiac/eng menu_f.php
2018.04.03 09:18 B C:\Users\marioalejandro\Google Drive\proyectos\zodiac\eng\index.php --> www.bluewolf.com.mx /public_html/zodiac/eng index.php
2018.04.03 09:18 B C:\Users\marioalejandro\Google Drive\proyectos\zodiac\eng\pre_menu1.php --> www.bluewolf.com.mx /public_html/zodiac/eng pre_menu1.php
2018.04.12 08:41 B C:\Users\marioalejandro\Google Drive\proyectos\zodiac\eng\rollos.php --> www.bluewolf.com.mx /public_html/zodiac/eng rollos.php
2018.04.12 08:42 B C:\Users\marioalejandro\Google Drive\proyectos\zodiac\eng\rollos.php --> www.bluewolf.com.mx /public_html/zodiac/eng rollos.php
2018.04.12 08:47 B C:\Users\marioalejandro\Google Drive\proyectos\zodiac\eng\rollos.php --> www.bluewolf.com.mx /public_html/zodiac/eng rollos.php
2018.05.21 12:04 B C:\Users\marioalejandro\Google Drive\proyectos\zodiac\eng\rollos.php --> www.bluewolf.com.mx /public_html/zodiac/eng rollos.php
2018.05.21 12:04 B C:\Users\marioalejandro\Google Drive\proyectos\zodiac\eng\cortes.php --> www.bluewolf.com.mx /public_html/zodiac/eng cortes.php
2018.05.21 12:04 B C:\Users\marioalejandro\Google Drive\proyectos\zodiac\eng\sesionActiva.php --> www.bluewolf.com.mx /public_html/zodiac/eng sesionActiva.php
2018.05.21 12:04 B C:\Users\marioalejandro\Google Drive\proyectos\zodiac\eng\cortes_prod.php --> www.bluewolf.com.mx /public_html/zodiac/eng cortes_prod.php
2018.05.21 12:04 B C:\Users\marioalejandro\Google Drive\proyectos\zodiac\eng\buscaRollo_n.php --> www.bluewolf.com.mx /public_html/zodiac/eng buscaRollo_n.php
2018.05.21 12:04 B C:\Users\marioalejandro\Google Drive\proyectos\zodiac\eng\lugares.php --> www.bluewolf.com.mx /public_html/zodiac/eng lugares.php
2018.06.18 16:46 B C:\Users\marioalejandro\Google Drive\proyectos\zodiac\eng\lugares.php --> www.bluewolf.com.mx /public_html/zodiac/eng lugares.php
2018.06.18 16:47 B C:\Users\marioalejandro\Google Drive\proyectos\zodiac\eng\lugares.php --> www.bluewolf.com.mx /public_html/zodiac/eng lugares.php
2018.06.18 16:48 B C:\Users\marioalejandro\Google Drive\proyectos\zodiac\eng\lugares.php --> www.bluewolf.com.mx /public_html/zodiac/eng lugares.php
2018.06.18 16:48 B C:\Users\marioalejandro\Google Drive\proyectos\zodiac\eng\lugares.php --> www.bluewolf.com.mx /public_html/zodiac/eng lugares.php
2018.06.18 16:48 B C:\Users\marioalejandro\Google Drive\proyectos\zodiac\eng\lugares.php --> www.bluewolf.com.mx /public_html/zodiac/eng lugares.php
2018.06.18 16:49 B C:\Users\marioalejandro\Google Drive\proyectos\zodiac\eng\lugares.php --> www.bluewolf.com.mx /public_html/zodiac/eng lugares.php
2018.06.26 14:31 B C:\Users\redkey\Documents\Google Drive L\zodiac\eng\rollos_p.php --> www.bluewolf.com.mx /public_html/zodiac/eng rollos_p.php
2018.06.26 14:41 B C:\Users\redkey\Documents\Google Drive L\zodiac\eng\rollos_p.php --> www.bluewolf.com.mx /public_html/zodiac/eng rollos_p.php
2018.06.27 14:17 B C:\Users\redkey\Documents\Google Drive L\zodiac\eng\rollos_p.php --> www.bluewolf.com.mx /public_html/zodiac/eng rollos_p.php
2018.06.27 14:24 B C:\Users\redkey\Documents\Google Drive L\zodiac\eng\rollos_p.php --> www.bluewolf.com.mx /public_html/zodiac/eng rollos_p.php
2018.06.27 14:26 B C:\Users\redkey\Documents\Google Drive L\zodiac\eng\rollos_p.php --> www.bluewolf.com.mx /public_html/zodiac/eng rollos_p.php
2018.06.27 14:28 B C:\Users\redkey\Documents\Google Drive L\zodiac\eng\rollos_p.php --> www.bluewolf.com.mx /public_html/zodiac/eng rollos_p.php
2018.06.27 14:29 B C:\Users\redkey\Documents\Google Drive L\zodiac\eng\rollos_p.php --> www.bluewolf.com.mx /public_html/zodiac/eng rollos_p.php
2018.06.27 14:29 B C:\Users\redkey\Documents\Google Drive L\zodiac\eng\rollos_p.php --> www.bluewolf.com.mx /public_html/zodiac/eng rollos_p.php
2018.06.29 08:58 B C:\Users\redkey\Documents\Google Drive L\zodiac\eng\cortes_p.php --> www.bluewolf.com.mx /public_html/zodiac/eng cortes_p.php
2018.06.29 08:59 B C:\Users\redkey\Documents\Google Drive L\zodiac\eng\cortes_p.php --> www.bluewolf.com.mx /public_html/zodiac/eng cortes_p.php
2018.06.29 09:01 B C:\Users\redkey\Documents\Google Drive L\zodiac\eng\cortes_p.php --> www.bluewolf.com.mx /public_html/zodiac/eng cortes_p.php
2018.06.29 09:03 B C:\Users\redkey\Documents\Google Drive L\zodiac\eng\cortes_p.php --> www.bluewolf.com.mx /public_html/zodiac/eng cortes_p.php
2018.06.29 09:06 B C:\Users\redkey\Documents\Google Drive L\zodiac\eng\cortes_p.php --> www.bluewolf.com.mx /public_html/zodiac/eng cortes_p.php
2018.06.29 09:06 B C:\Users\redkey\Documents\Google Drive L\zodiac\eng\cortes_p.php --> www.bluewolf.com.mx /public_html/zodiac/eng cortes_p.php
2018.06.29 09:09 B C:\Users\redkey\Documents\Google Drive L\zodiac\eng\editar_corte.php --> www.bluewolf.com.mx /public_html/zodiac/eng editar_corte.php
2018.06.29 09:10 B C:\Users\redkey\Documents\Google Drive L\zodiac\eng\cortes_p.php --> www.bluewolf.com.mx /public_html/zodiac/eng cortes_p.php
2018.06.29 09:12 B C:\Users\redkey\Documents\Google Drive L\zodiac\eng\cortes_p.php --> www.bluewolf.com.mx /public_html/zodiac/eng cortes_p.php
2018.06.29 09:13 B C:\Users\redkey\Documents\Google Drive L\zodiac\eng\cortes_p.php --> www.bluewolf.com.mx /public_html/zodiac/eng cortes_p.php
2018.06.29 09:17 B C:\Users\redkey\Documents\Google Drive L\zodiac\eng\cortes_p.php --> www.bluewolf.com.mx /public_html/zodiac/eng cortes_p.php
2018.06.29 09:18 B C:\Users\redkey\Documents\Google Drive L\zodiac\eng\cortes_p.php --> www.bluewolf.com.mx /public_html/zodiac/eng cortes_p.php
2018.06.29 09:20 B C:\Users\redkey\Documents\Google Drive L\zodiac\eng\cortes_p.php --> www.bluewolf.com.mx /public_html/zodiac/eng cortes_p.php
2018.06.29 09:22 B C:\Users\redkey\Documents\Google Drive L\zodiac\eng\cortes_p.php --> www.bluewolf.com.mx /public_html/zodiac/eng cortes_p.php
2018.06.29 09:27 B C:\Users\redkey\Documents\Google Drive L\zodiac\eng\cortes_p.php --> www.bluewolf.com.mx /public_html/zodiac/eng cortes_p.php
2018.06.29 09:34 B C:\Users\redkey\Documents\Google Drive L\zodiac\eng\buscaParte.php --> www.bluewolf.com.mx /public_html/zodiac/eng buscaParte.php
2018.06.29 09:34 B C:\Users\redkey\Documents\Google Drive L\zodiac\eng\mostrarLectra.php --> www.bluewolf.com.mx /public_html/zodiac/eng mostrarLectra.php
2018.06.29 09:34 B C:\Users\redkey\Documents\Google Drive L\zodiac\eng\buscaPrograma.php --> www.bluewolf.com.mx /public_html/zodiac/eng buscaPrograma.php
2018.07.04 16:01 B C:\Users\marioalejandro\Google Drive\proyectos\zodiac\eng\index.php --> www.bluewolf.com.mx /public_html/zodiac/eng index.php
2018.07.10 15:32 B C:\Users\marioalejandro\Google Drive\proyectos\zodiac\eng\index.php <-- bluewolf Godaddy /public_html/zodiac/eng index.php
2018.07.10 15:32 B C:\Users\marioalejandro\Google Drive\proyectos\zodiac\eng\mostrarLectra.php <-- bluewolf Godaddy /public_html/zodiac/eng mostrarLectra.php
2018.07.10 15:32 B C:\Users\marioalejandro\Google Drive\proyectos\zodiac\eng\buscaPrograma.php <-- bluewolf Godaddy /public_html/zodiac/eng buscaPrograma.php
2018.07.10 15:32 B C:\Users\marioalejandro\Google Drive\proyectos\zodiac\eng\buscaParte.php <-- bluewolf Godaddy /public_html/zodiac/eng buscaParte.php
2018.07.10 15:32 B C:\Users\marioalejandro\Google Drive\proyectos\zodiac\eng\cortes.php <-- bluewolf Godaddy /public_html/zodiac/eng cortes.php
2018.07.10 15:32 B C:\Users\marioalejandro\Google Drive\proyectos\zodiac\eng\editar_corte.php <-- bluewolf Godaddy /public_html/zodiac/eng editar_corte.php
2018.07.10 15:32 B C:\Users\marioalejandro\Google Drive\proyectos\zodiac\eng\rollos.php <-- bluewolf Godaddy /public_html/zodiac/eng rollos.php
2018.07.10 15:32 B C:\Users\marioalejandro\Google Drive\proyectos\zodiac\eng\lugares.php <-- bluewolf Godaddy /public_html/zodiac/eng lugares.php
2018.07.10 15:39 B C:\Users\marioalejandro\Google Drive\proyectos\zodiac\eng\C:\Users\marioalejandro\Google Drive\proyectos\zodiac\zodiac10jul2018.zip --> www.bluewolf.com.mx /public_html/archivos zodiac10jul2018.zip
2018.07.11 07:42 B C:\Users\marioalejandro\Google Drive\proyectos\zodiac\eng\C:\Users\marioalejandro\Downloads\cortes_y.php --> www.bluewolf.com.mx /public_html/zodiac cortes_y.php
2018.07.11 07:45 B C:\Users\marioalejandro\Google Drive\proyectos\zodiac\eng\C:\Users\marioalejandro\Downloads\cortes_z.php --> www.bluewolf.com.mx /public_html/zodiac cortes_z.php
2018.07.12 16:55 B C:\Users\marioalejandro\Google Drive\proyectos\zodiac\eng\rollos.php --> www.bluewolf.com.mx /public_html/zodiac/eng rollos.php
2018.07.12 16:55 B C:\Users\marioalejandro\Google Drive\proyectos\zodiac\eng\usuarios.php --> www.bluewolf.com.mx /public_html/zodiac/eng usuarios.php
2018.07.12 16:55 B C:\Users\marioalejandro\Google Drive\proyectos\zodiac\eng\cortes_prod.php --> www.bluewolf.com.mx /public_html/zodiac/eng cortes_prod.php
2018.07.12 16:55 B C:\Users\marioalejandro\Google Drive\proyectos\zodiac\eng\menu_f.php --> www.bluewolf.com.mx /public_html/zodiac/eng menu_f.php
2018.07.17 09:33 B C:\Users\redkey\Documents\Google Drive L\zodiac\eng\buscaPrograma.php --> www.bluewolf.com.mx /public_html/zodiac/eng buscaPrograma.php
2018.07.17 09:35 B C:\Users\marioalejandro\Google Drive\proyectos\zodiac\eng\buscaPrograma.php <-- bluewolf Godaddy /public_html/zodiac/eng buscaPrograma.php
2018.07.17 09:39 B C:\Users\redkey\Documents\Google Drive L\zodiac\eng\buscaPrograma.php --> www.bluewolf.com.mx /public_html/zodiac/eng buscaPrograma.php
2018.07.17 09:40 B C:\Users\redkey\Documents\Google Drive L\zodiac\eng\buscaPrograma.php --> www.bluewolf.com.mx /public_html/zodiac/eng buscaPrograma.php
2018.07.17 09:40 B C:\Users\marioalejandro\Google Drive\proyectos\zodiac\eng\buscaPrograma.php <-- bluewolf Godaddy /public_html/zodiac/eng buscaPrograma.php
2018.07.17 09:40 B C:\Users\marioalejandro\Google Drive\proyectos\zodiac\eng\buscaPrograma.php <-- bluewolf Godaddy /public_html/zodiac/eng buscaPrograma.php
2018.07.19 09:55 B C:\Users\marioalejandro\Google Drive\proyectos\zodiac\eng\cortes.php --> www.bluewolf.com.mx /public_html/zodiac/eng cortes.php
2018.07.19 11:46 B C:\Users\marioalejandro\Google Drive\proyectos\zodiac\eng\cortes.php --> www.bluewolf.com.mx /public_html/zodiac cortes.php
2018.07.19 11:48 B C:\Users\marioalejandro\Google Drive\proyectos\zodiac\eng\cortes.php --> www.bluewolf.com.mx /public_html/zodiac/eng cortes.php
2018.07.19 13:24 B C:\Users\marioalejandro\Google Drive\proyectos\zodiac\eng\cortes.php <-- bluewolf Godaddy /public_html/zodiac/eng cortes.php
2018.08.24 10:50 B C:\Users\marioalejandro\Google Drive\proyectos\zodiac\eng\screen.php --> www.bluewolf.com.mx /public_html/zodiac/eng screen.php
2018.08.24 11:50 B C:\Users\marioalejandro\Google Drive\proyectos\zodiac\eng\menu_s.php --> www.bluewolf.com.mx /public_html/zodiac/eng menu_s.php
2018.08.24 11:50 B C:\Users\marioalejandro\Google Drive\proyectos\zodiac\eng\screen.php --> www.bluewolf.com.mx /public_html/zodiac/eng screen.php
2018.08.24 12:00 B C:\Users\marioalejandro\Google Drive\proyectos\zodiac\eng\screen.php --> www.bluewolf.com.mx /public_html/zodiac/eng screen.php
2018.08.24 12:02 B C:\Users\marioalejandro\Google Drive\proyectos\zodiac\eng\screen.php --> www.bluewolf.com.mx /public_html/zodiac/eng screen.php
2018.08.27 08:04 B C:\Users\marioalejandro\Google Drive\proyectos\zodiac\eng\screen.php --> www.bluewolf.com.mx /public_html/zodiac/eng screen.php
2018.08.27 08:04 B C:\Users\marioalejandro\Google Drive\proyectos\zodiac\eng\lugares.php --> www.bluewolf.com.mx /public_html/zodiac/eng lugares.php
2018.08.27 08:05 B C:\Users\marioalejandro\Google Drive\proyectos\zodiac\eng\screen.php --> www.bluewolf.com.mx /public_html/zodiac/eng screen.php
2018.08.27 08:05 B C:\Users\marioalejandro\Google Drive\proyectos\zodiac\eng\lugares.php --> www.bluewolf.com.mx /public_html/zodiac/eng lugares.php
2018.08.27 12:49 B C:\Users\marioalejandro\Google Drive\proyectos\zodiac\eng\screen.php --> www.bluewolf.com.mx /public_html/zodiac/eng screen.php
2018.08.27 12:52 B C:\Users\marioalejandro\Google Drive\proyectos\zodiac\eng\screen.php --> www.bluewolf.com.mx /public_html/zodiac/eng screen.php
2018.08.27 12:54 B C:\Users\marioalejandro\Google Drive\proyectos\zodiac\eng\screen.php --> www.bluewolf.com.mx /public_html/zodiac/eng screen.php
2018.08.27 12:54 B C:\Users\marioalejandro\Google Drive\proyectos\zodiac\eng\screen.php --> www.bluewolf.com.mx /public_html/zodiac/eng screen.php
2018.08.28 12:06 B C:\Users\marioalejandro\Google Drive\proyectos\zodiac\eng\razones.php --> www.bluewolf.com.mx /public_html/zodiac/eng razones.php
2018.08.28 12:09 B C:\Users\marioalejandro\Google Drive\proyectos\zodiac\eng\razones.php --> www.bluewolf.com.mx /public_html/zodiac/eng razones.php
2018.08.28 12:11 B C:\Users\marioalejandro\Google Drive\proyectos\zodiac\eng\razones.php --> www.bluewolf.com.mx /public_html/zodiac/eng razones.php
2018.08.28 12:12 B C:\Users\marioalejandro\Google Drive\proyectos\zodiac\eng\razones.php --> www.bluewolf.com.mx /public_html/zodiac/eng razones.php
2018.08.28 12:12 B C:\Users\marioalejandro\Google Drive\proyectos\zodiac\eng\razones.php --> www.bluewolf.com.mx /public_html/zodiac/eng razones.php
