2016.11.17 10:02 B C:\Users\marioalejandro\Desktop\Zodiac\public\pictures\products\4080690.JPG --> www.bluewolf.com.mx /public_html/Zodiac/public/pictures/products 4080690.JPG
2016.11.17 10:02 B C:\Users\marioalejandro\Desktop\Zodiac\public\pictures\products\A28.JPG --> www.bluewolf.com.mx /public_html/Zodiac/public/pictures/products A28.JPG
2016.11.17 10:02 B C:\Users\marioalejandro\Desktop\Zodiac\public\pictures\products\ACE-JD.png --> www.bluewolf.com.mx /public_html/Zodiac/public/pictures/products ACE-JD.png
2016.11.17 10:02 B C:\Users\marioalejandro\Desktop\Zodiac\public\pictures\products\ALAM-00.jpg --> www.bluewolf.com.mx /public_html/Zodiac/public/pictures/products ALAM-00.jpg
2016.11.17 10:02 B C:\Users\marioalejandro\Desktop\Zodiac\public\pictures\products\ALM-16.jpg --> www.bluewolf.com.mx /public_html/Zodiac/public/pictures/products ALM-16.jpg
2016.11.17 10:02 B C:\Users\marioalejandro\Desktop\Zodiac\public\pictures\products\BIR-01.jpg --> www.bluewolf.com.mx /public_html/Zodiac/public/pictures/products BIR-01.jpg
2016.11.17 10:02 B C:\Users\marioalejandro\Desktop\Zodiac\public\pictures\products\BOMB-01.jpg --> www.bluewolf.com.mx /public_html/Zodiac/public/pictures/products BOMB-01.jpg
2016.11.17 10:02 B C:\Users\marioalejandro\Desktop\Zodiac\public\pictures\products\BOT-02.jpg --> www.bluewolf.com.mx /public_html/Zodiac/public/pictures/products BOT-02.jpg
2016.11.17 10:02 B C:\Users\marioalejandro\Desktop\Zodiac\public\pictures\products\BOT-06.jpg --> www.bluewolf.com.mx /public_html/Zodiac/public/pictures/products BOT-06.jpg
2016.11.17 10:02 B C:\Users\marioalejandro\Desktop\Zodiac\public\pictures\products\BOT-07.jpg --> www.bluewolf.com.mx /public_html/Zodiac/public/pictures/products BOT-07.jpg
2016.11.17 10:02 B C:\Users\marioalejandro\Desktop\Zodiac\public\pictures\products\BOT-08.jpg --> www.bluewolf.com.mx /public_html/Zodiac/public/pictures/products BOT-08.jpg
2016.11.17 10:02 B C:\Users\marioalejandro\Desktop\Zodiac\public\pictures\products\BOT-09.jpg --> www.bluewolf.com.mx /public_html/Zodiac/public/pictures/products BOT-09.jpg
2016.11.17 10:02 B C:\Users\marioalejandro\Desktop\Zodiac\public\pictures\products\BOT-10.jpg --> www.bluewolf.com.mx /public_html/Zodiac/public/pictures/products BOT-10.jpg
2016.11.17 10:02 B C:\Users\marioalejandro\Desktop\Zodiac\public\pictures\products\BOT-11.jpg --> www.bluewolf.com.mx /public_html/Zodiac/public/pictures/products BOT-11.jpg
2016.11.17 10:02 B C:\Users\marioalejandro\Desktop\Zodiac\public\pictures\products\BOT-12.jpg --> www.bluewolf.com.mx /public_html/Zodiac/public/pictures/products BOT-12.jpg
2016.11.17 10:02 B C:\Users\marioalejandro\Desktop\Zodiac\public\pictures\products\BOT-13.jpg --> www.bluewolf.com.mx /public_html/Zodiac/public/pictures/products BOT-13.jpg
2016.11.17 10:02 B C:\Users\marioalejandro\Desktop\Zodiac\public\pictures\products\CAND-06.jpg --> www.bluewolf.com.mx /public_html/Zodiac/public/pictures/products CAND-06.jpg
2016.11.17 10:02 B C:\Users\marioalejandro\Desktop\Zodiac\public\pictures\products\CAR-01.jpg --> www.bluewolf.com.mx /public_html/Zodiac/public/pictures/products CAR-01.jpg
2016.11.17 10:02 B C:\Users\marioalejandro\Desktop\Zodiac\public\pictures\products\CEM-01.jpg --> www.bluewolf.com.mx /public_html/Zodiac/public/pictures/products CEM-01.jpg
2016.11.17 10:02 B C:\Users\marioalejandro\Desktop\Zodiac\public\pictures\products\CINT-AIS.jpg --> www.bluewolf.com.mx /public_html/Zodiac/public/pictures/products CINT-AIS.jpg
2016.11.17 10:02 B C:\Users\marioalejandro\Desktop\Zodiac\public\pictures\products\CINT-XG.jpg --> www.bluewolf.com.mx /public_html/Zodiac/public/pictures/products CINT-XG.jpg
2016.11.17 10:02 B C:\Users\marioalejandro\Desktop\Zodiac\public\pictures\products\CONO_SEG01.jpg --> www.bluewolf.com.mx /public_html/Zodiac/public/pictures/products CONO_SEG01.jpg
2016.11.17 10:02 B C:\Users\marioalejandro\Desktop\Zodiac\public\pictures\products\CRU-01.png --> www.bluewolf.com.mx /public_html/Zodiac/public/pictures/products CRU-01.png
2016.11.17 10:02 B C:\Users\marioalejandro\Desktop\Zodiac\public\pictures\products\default.png --> www.bluewolf.com.mx /public_html/Zodiac/public/pictures/products default.png
2016.11.17 10:02 B C:\Users\marioalejandro\Desktop\Zodiac\public\pictures\products\FIL-02.jpg --> www.bluewolf.com.mx /public_html/Zodiac/public/pictures/products FIL-02.jpg
2016.11.17 10:02 B C:\Users\marioalejandro\Desktop\Zodiac\public\pictures\products\FIL-04.jpg --> www.bluewolf.com.mx /public_html/Zodiac/public/pictures/products FIL-04.jpg
2016.11.17 10:02 B C:\Users\marioalejandro\Desktop\Zodiac\public\pictures\products\FIL-580L.jpg --> www.bluewolf.com.mx /public_html/Zodiac/public/pictures/products FIL-580L.jpg
2016.11.17 10:02 B C:\Users\marioalejandro\Desktop\Zodiac\public\pictures\products\FO-01.jpg --> www.bluewolf.com.mx /public_html/Zodiac/public/pictures/products FO-01.jpg
2016.11.17 10:03 B C:\Users\marioalejandro\Desktop\Zodiac\public\pictures\products\FORD_BOTE.JPG --> www.bluewolf.com.mx /public_html/Zodiac/public/pictures/products FORD_BOTE.JPG
2016.11.17 10:03 B C:\Users\marioalejandro\Desktop\Zodiac\public\pictures\products\FORD_CHAL01.jpg --> www.bluewolf.com.mx /public_html/Zodiac/public/pictures/products FORD_CHAL01.jpg
2016.11.17 10:03 B C:\Users\marioalejandro\Desktop\Zodiac\public\pictures\products\FORD_CHAL02.jpg --> www.bluewolf.com.mx /public_html/Zodiac/public/pictures/products FORD_CHAL02.jpg
2016.11.17 10:03 B C:\Users\marioalejandro\Desktop\Zodiac\public\pictures\products\FORD_G_IMP.jpg --> www.bluewolf.com.mx /public_html/Zodiac/public/pictures/products FORD_G_IMP.jpg
2016.11.17 10:03 B C:\Users\marioalejandro\Desktop\Zodiac\public\pictures\products\FORD_GUA_IMPA.jpg --> www.bluewolf.com.mx /public_html/Zodiac/public/pictures/products FORD_GUA_IMPA.jpg
2016.11.17 10:03 B C:\Users\marioalejandro\Desktop\Zodiac\public\pictures\products\FORD_GUANTE_IMP.png --> www.bluewolf.com.mx /public_html/Zodiac/public/pictures/products FORD_GUANTE_IMP.png
2016.11.17 10:03 B C:\Users\marioalejandro\Desktop\Zodiac\public\pictures\products\FORD_GUANTE_IMPACTO.jpg --> www.bluewolf.com.mx /public_html/Zodiac/public/pictures/products FORD_GUANTE_IMPACTO.jpg
2016.11.17 10:03 B C:\Users\marioalejandro\Desktop\Zodiac\public\pictures\products\FORD_GUANTE_IMPACTO.png --> www.bluewolf.com.mx /public_html/Zodiac/public/pictures/products FORD_GUANTE_IMPACTO.png
2016.11.17 10:03 B C:\Users\marioalejandro\Desktop\Zodiac\public\pictures\products\FORD_JALON .jpg --> www.bluewolf.com.mx /public_html/Zodiac/public/pictures/products FORD_JALON .jpg
2016.11.17 10:03 B C:\Users\marioalejandro\Desktop\Zodiac\public\pictures\products\FORD_JALON .png --> www.bluewolf.com.mx /public_html/Zodiac/public/pictures/products FORD_JALON .png
2016.11.17 10:03 B C:\Users\marioalejandro\Desktop\Zodiac\public\pictures\products\FORD_MANG1.jpeg --> www.bluewolf.com.mx /public_html/Zodiac/public/pictures/products FORD_MANG1.jpeg
2016.11.17 10:03 B C:\Users\marioalejandro\Desktop\Zodiac\public\pictures\products\FORD_PINT.JPG --> www.bluewolf.com.mx /public_html/Zodiac/public/pictures/products FORD_PINT.JPG
2016.11.17 10:03 B C:\Users\marioalejandro\Desktop\Zodiac\public\pictures\products\FORD_ZAPATO.jpg --> www.bluewolf.com.mx /public_html/Zodiac/public/pictures/products FORD_ZAPATO.jpg
2016.11.17 10:03 B C:\Users\marioalejandro\Desktop\Zodiac\public\pictures\products\GUA-01.jpg --> www.bluewolf.com.mx /public_html/Zodiac/public/pictures/products GUA-01.jpg
2016.11.17 10:03 B C:\Users\marioalejandro\Desktop\Zodiac\public\pictures\products\GUA-02.jpg --> www.bluewolf.com.mx /public_html/Zodiac/public/pictures/products GUA-02.jpg
2016.11.17 10:03 B C:\Users\marioalejandro\Desktop\Zodiac\public\pictures\products\GUA-06.jpg --> www.bluewolf.com.mx /public_html/Zodiac/public/pictures/products GUA-06.jpg
2016.11.17 10:03 B C:\Users\marioalejandro\Desktop\Zodiac\public\pictures\products\HIL-01.jpg --> www.bluewolf.com.mx /public_html/Zodiac/public/pictures/products HIL-01.jpg
2016.11.17 10:03 B C:\Users\marioalejandro\Desktop\Zodiac\public\pictures\products\LIB-TRAN. TRANSITO --> www.bluewolf.com.mx /public_html/Zodiac/public/pictures/products LIB-TRAN. TRANSITO
2016.11.17 10:03 B C:\Users\marioalejandro\Desktop\Zodiac\public\pictures\products\MALE_01.jpg --> www.bluewolf.com.mx /public_html/Zodiac/public/pictures/products MALE_01.jpg
2016.11.17 10:03 B C:\Users\marioalejandro\Desktop\Zodiac\public\pictures\products\MAN-1.jpg --> www.bluewolf.com.mx /public_html/Zodiac/public/pictures/products MAN-1.jpg
2016.11.17 10:04 B C:\Users\marioalejandro\Desktop\Zodiac\public\pictures\products\MAQ-MARCADORA.JPG --> www.bluewolf.com.mx /public_html/Zodiac/public/pictures/products MAQ-MARCADORA.JPG
2016.11.17 10:04 B C:\Users\marioalejandro\Desktop\Zodiac\public\pictures\products\MART-01.jpg --> www.bluewolf.com.mx /public_html/Zodiac/public/pictures/products MART-01.jpg
2016.11.17 10:04 B C:\Users\marioalejandro\Desktop\Zodiac\public\pictures\products\MIC-01.jpg --> www.bluewolf.com.mx /public_html/Zodiac/public/pictures/products MIC-01.jpg
2016.11.17 10:04 B C:\Users\marioalejandro\Desktop\Zodiac\public\pictures\products\Multi contacto.jpg --> www.bluewolf.com.mx /public_html/Zodiac/public/pictures/products Multi contacto.jpg
2016.11.17 10:04 B C:\Users\marioalejandro\Desktop\Zodiac\public\pictures\products\OVE-36.jpg --> www.bluewolf.com.mx /public_html/Zodiac/public/pictures/products OVE-36.jpg
2016.11.17 10:04 B C:\Users\marioalejandro\Desktop\Zodiac\public\pictures\products\OVE-38.jpg --> www.bluewolf.com.mx /public_html/Zodiac/public/pictures/products OVE-38.jpg
2016.11.17 10:04 B C:\Users\marioalejandro\Desktop\Zodiac\public\pictures\products\OVE-40.jpg --> www.bluewolf.com.mx /public_html/Zodiac/public/pictures/products OVE-40.jpg
2016.11.17 10:04 B C:\Users\marioalejandro\Desktop\Zodiac\public\pictures\products\OVE-44.jpg --> www.bluewolf.com.mx /public_html/Zodiac/public/pictures/products OVE-44.jpg
2016.11.17 10:04 B C:\Users\marioalejandro\Desktop\Zodiac\public\pictures\products\OVE-46.jpg --> www.bluewolf.com.mx /public_html/Zodiac/public/pictures/products OVE-46.jpg
2016.11.17 10:04 B C:\Users\marioalejandro\Desktop\Zodiac\public\pictures\products\OVE-48.jpg --> www.bluewolf.com.mx /public_html/Zodiac/public/pictures/products OVE-48.jpg
2016.11.17 10:04 B C:\Users\marioalejandro\Desktop\Zodiac\public\pictures\products\OVE-50.jpg --> www.bluewolf.com.mx /public_html/Zodiac/public/pictures/products OVE-50.jpg
2016.11.17 10:04 B C:\Users\marioalejandro\Desktop\Zodiac\public\pictures\products\OVE-52.jpg --> www.bluewolf.com.mx /public_html/Zodiac/public/pictures/products OVE-52.jpg
2016.11.17 10:04 B C:\Users\marioalejandro\Desktop\Zodiac\public\pictures\products\OVE-XG.jpg --> www.bluewolf.com.mx /public_html/Zodiac/public/pictures/products OVE-XG.jpg
2016.11.17 10:04 B C:\Users\marioalejandro\Desktop\Zodiac\public\pictures\products\P 119373.jpg --> www.bluewolf.com.mx /public_html/Zodiac/public/pictures/products P 119373.jpg
2016.11.17 10:04 B C:\Users\marioalejandro\Desktop\Zodiac\public\pictures\products\P182046.jpg --> www.bluewolf.com.mx /public_html/Zodiac/public/pictures/products P182046.jpg
2016.11.17 10:04 B C:\Users\marioalejandro\Desktop\Zodiac\public\pictures\products\P182095.jpg --> www.bluewolf.com.mx /public_html/Zodiac/public/pictures/products P182095.jpg
2016.11.17 10:04 B C:\Users\marioalejandro\Desktop\Zodiac\public\pictures\products\P550367.jpg --> www.bluewolf.com.mx /public_html/Zodiac/public/pictures/products P550367.jpg
2016.11.17 10:04 B C:\Users\marioalejandro\Desktop\Zodiac\public\pictures\products\P551318.jpg --> www.bluewolf.com.mx /public_html/Zodiac/public/pictures/products P551318.jpg
2016.11.17 10:04 B C:\Users\marioalejandro\Desktop\Zodiac\public\pictures\products\P552071.jpg --> www.bluewolf.com.mx /public_html/Zodiac/public/pictures/products P552071.jpg
2016.11.17 10:04 B C:\Users\marioalejandro\Desktop\Zodiac\public\pictures\products\PAL-01.jpg --> www.bluewolf.com.mx /public_html/Zodiac/public/pictures/products PAL-01.jpg
2016.11.17 10:04 B C:\Users\marioalejandro\Desktop\Zodiac\public\pictures\products\PAR-01.jpg --> www.bluewolf.com.mx /public_html/Zodiac/public/pictures/products PAR-01.jpg
2016.11.17 10:04 B C:\Users\marioalejandro\Desktop\Zodiac\public\pictures\products\PIC-01.jpg --> www.bluewolf.com.mx /public_html/Zodiac/public/pictures/products PIC-01.jpg
2016.11.17 10:04 B C:\Users\marioalejandro\Desktop\Zodiac\public\pictures\products\RAD-01.jpg --> www.bluewolf.com.mx /public_html/Zodiac/public/pictures/products RAD-01.jpg
2016.11.17 10:04 B C:\Users\marioalejandro\Desktop\Zodiac\public\pictures\products\REL-24.JPG --> www.bluewolf.com.mx /public_html/Zodiac/public/pictures/products REL-24.JPG
2016.11.17 10:04 B C:\Users\marioalejandro\Desktop\Zodiac\public\pictures\products\REL-5.JPG --> www.bluewolf.com.mx /public_html/Zodiac/public/pictures/products REL-5.JPG
2016.11.17 10:04 B C:\Users\marioalejandro\Desktop\Zodiac\public\pictures\products\RESC-01.jpg --> www.bluewolf.com.mx /public_html/Zodiac/public/pictures/products RESC-01.jpg
2016.11.17 10:04 B C:\Users\marioalejandro\Desktop\Zodiac\public\pictures\products\RN-S83FX. PIERNA --> www.bluewolf.com.mx /public_html/Zodiac/public/pictures/products RN-S83FX. PIERNA
2016.11.17 10:04 B C:\Users\marioalejandro\Desktop\Zodiac\public\pictures\products\RN-S83FX. PIERNA1 --> www.bluewolf.com.mx /public_html/Zodiac/public/pictures/products RN-S83FX. PIERNA1
2016.11.17 10:04 B C:\Users\marioalejandro\Desktop\Zodiac\public\pictures\products\Soldadura Punto Naranja.jpg --> www.bluewolf.com.mx /public_html/Zodiac/public/pictures/products Soldadura Punto Naranja.jpg
2016.11.17 10:04 B C:\Users\marioalejandro\Desktop\Zodiac\public\pictures\products\SOR-01.jpg --> www.bluewolf.com.mx /public_html/Zodiac/public/pictures/products SOR-01.jpg
2016.11.17 10:04 B C:\Users\marioalejandro\Desktop\Zodiac\public\pictures\products\SURT-53.jpg --> www.bluewolf.com.mx /public_html/Zodiac/public/pictures/products SURT-53.jpg
2016.11.17 10:04 B C:\Users\marioalejandro\Desktop\Zodiac\public\pictures\products\SUSP-01.jpg --> www.bluewolf.com.mx /public_html/Zodiac/public/pictures/products SUSP-01.jpg
2016.11.17 10:04 B C:\Users\marioalejandro\Desktop\Zodiac\public\pictures\products\TEL_01.png --> www.bluewolf.com.mx /public_html/Zodiac/public/pictures/products TEL_01.png
2016.11.17 10:04 B C:\Users\marioalejandro\Desktop\Zodiac\public\pictures\products\Thumbs.db --> www.bluewolf.com.mx /public_html/Zodiac/public/pictures/products Thumbs.db
2016.11.17 10:04 B C:\Users\marioalejandro\Desktop\Zodiac\public\pictures\products\Tornillo de cadena.jpg --> www.bluewolf.com.mx /public_html/Zodiac/public/pictures/products Tornillo de cadena.jpg
2016.11.17 10:04 B C:\Users\marioalejandro\Desktop\Zodiac\public\pictures\products\X-AM 5000.jpg --> www.bluewolf.com.mx /public_html/Zodiac/public/pictures/products X-AM 5000.jpg
2016.11.17 10:04 B C:\Users\marioalejandro\Desktop\Zodiac\public\pictures\products\ZAP-01.jpg --> www.bluewolf.com.mx /public_html/Zodiac/public/pictures/products ZAP-01.jpg
2016.11.17 10:04 B C:\Users\marioalejandro\Desktop\Zodiac\public\pictures\products\ZAP-07.jpg --> www.bluewolf.com.mx /public_html/Zodiac/public/pictures/products ZAP-07.jpg
2016.11.17 10:04 B C:\Users\marioalejandro\Desktop\Zodiac\public\pictures\products\ZM-CO.jpg --> www.bluewolf.com.mx /public_html/Zodiac/public/pictures/products ZM-CO.jpg
2016.12.26 13:39 B C:\Users\marioalejandro\Google Drive\proyectos\zodiac\public\pictures\products\4080690.JPG --> www.bluewolf.com.mx /public_html/zodiac/public/pictures/products 4080690.JPG
2016.12.26 13:39 B C:\Users\marioalejandro\Google Drive\proyectos\zodiac\public\pictures\products\A28.JPG --> www.bluewolf.com.mx /public_html/zodiac/public/pictures/products A28.JPG
2016.12.26 13:39 B C:\Users\marioalejandro\Google Drive\proyectos\zodiac\public\pictures\products\ACE-JD.png --> www.bluewolf.com.mx /public_html/zodiac/public/pictures/products ACE-JD.png
2016.12.26 13:39 B C:\Users\marioalejandro\Google Drive\proyectos\zodiac\public\pictures\products\ALAM-00.jpg --> www.bluewolf.com.mx /public_html/zodiac/public/pictures/products ALAM-00.jpg
2016.12.26 13:39 B C:\Users\marioalejandro\Google Drive\proyectos\zodiac\public\pictures\products\ALM-16.jpg --> www.bluewolf.com.mx /public_html/zodiac/public/pictures/products ALM-16.jpg
2016.12.26 13:39 B C:\Users\marioalejandro\Google Drive\proyectos\zodiac\public\pictures\products\BIR-01.jpg --> www.bluewolf.com.mx /public_html/zodiac/public/pictures/products BIR-01.jpg
2016.12.26 13:39 B C:\Users\marioalejandro\Google Drive\proyectos\zodiac\public\pictures\products\BOMB-01.jpg --> www.bluewolf.com.mx /public_html/zodiac/public/pictures/products BOMB-01.jpg
2016.12.26 13:39 B C:\Users\marioalejandro\Google Drive\proyectos\zodiac\public\pictures\products\BOT-02.jpg --> www.bluewolf.com.mx /public_html/zodiac/public/pictures/products BOT-02.jpg
2016.12.26 13:39 B C:\Users\marioalejandro\Google Drive\proyectos\zodiac\public\pictures\products\BOT-06.jpg --> www.bluewolf.com.mx /public_html/zodiac/public/pictures/products BOT-06.jpg
2016.12.26 13:39 B C:\Users\marioalejandro\Google Drive\proyectos\zodiac\public\pictures\products\BOT-07.jpg --> www.bluewolf.com.mx /public_html/zodiac/public/pictures/products BOT-07.jpg
2016.12.26 13:39 B C:\Users\marioalejandro\Google Drive\proyectos\zodiac\public\pictures\products\BOT-08.jpg --> www.bluewolf.com.mx /public_html/zodiac/public/pictures/products BOT-08.jpg
2016.12.26 13:39 B C:\Users\marioalejandro\Google Drive\proyectos\zodiac\public\pictures\products\BOT-09.jpg --> www.bluewolf.com.mx /public_html/zodiac/public/pictures/products BOT-09.jpg
2016.12.26 13:39 B C:\Users\marioalejandro\Google Drive\proyectos\zodiac\public\pictures\products\BOT-10.jpg --> www.bluewolf.com.mx /public_html/zodiac/public/pictures/products BOT-10.jpg
2016.12.26 13:39 B C:\Users\marioalejandro\Google Drive\proyectos\zodiac\public\pictures\products\BOT-11.jpg --> www.bluewolf.com.mx /public_html/zodiac/public/pictures/products BOT-11.jpg
2016.12.26 13:39 B C:\Users\marioalejandro\Google Drive\proyectos\zodiac\public\pictures\products\BOT-12.jpg --> www.bluewolf.com.mx /public_html/zodiac/public/pictures/products BOT-12.jpg
2016.12.26 13:40 B C:\Users\marioalejandro\Google Drive\proyectos\zodiac\public\pictures\products\BOT-13.jpg --> www.bluewolf.com.mx /public_html/zodiac/public/pictures/products BOT-13.jpg
2016.12.26 13:40 B C:\Users\marioalejandro\Google Drive\proyectos\zodiac\public\pictures\products\CAND-06.jpg --> www.bluewolf.com.mx /public_html/zodiac/public/pictures/products CAND-06.jpg
2016.12.26 13:40 B C:\Users\marioalejandro\Google Drive\proyectos\zodiac\public\pictures\products\CAR-01.jpg --> www.bluewolf.com.mx /public_html/zodiac/public/pictures/products CAR-01.jpg
2016.12.26 13:40 B C:\Users\marioalejandro\Google Drive\proyectos\zodiac\public\pictures\products\CEM-01.jpg --> www.bluewolf.com.mx /public_html/zodiac/public/pictures/products CEM-01.jpg
2016.12.26 13:40 B C:\Users\marioalejandro\Google Drive\proyectos\zodiac\public\pictures\products\CINT-AIS.jpg --> www.bluewolf.com.mx /public_html/zodiac/public/pictures/products CINT-AIS.jpg
2016.12.26 13:40 B C:\Users\marioalejandro\Google Drive\proyectos\zodiac\public\pictures\products\CINT-XG.jpg --> www.bluewolf.com.mx /public_html/zodiac/public/pictures/products CINT-XG.jpg
2016.12.26 13:40 B C:\Users\marioalejandro\Google Drive\proyectos\zodiac\public\pictures\products\CONO_SEG01.jpg --> www.bluewolf.com.mx /public_html/zodiac/public/pictures/products CONO_SEG01.jpg
2016.12.26 13:40 B C:\Users\marioalejandro\Google Drive\proyectos\zodiac\public\pictures\products\CRU-01.png --> www.bluewolf.com.mx /public_html/zodiac/public/pictures/products CRU-01.png
2016.12.26 13:40 B C:\Users\marioalejandro\Google Drive\proyectos\zodiac\public\pictures\products\default.png --> www.bluewolf.com.mx /public_html/zodiac/public/pictures/products default.png
2016.12.26 13:40 B C:\Users\marioalejandro\Google Drive\proyectos\zodiac\public\pictures\products\FIL-02.jpg --> www.bluewolf.com.mx /public_html/zodiac/public/pictures/products FIL-02.jpg
2016.12.26 13:40 B C:\Users\marioalejandro\Google Drive\proyectos\zodiac\public\pictures\products\FIL-04.jpg --> www.bluewolf.com.mx /public_html/zodiac/public/pictures/products FIL-04.jpg
2016.12.26 13:40 B C:\Users\marioalejandro\Google Drive\proyectos\zodiac\public\pictures\products\FIL-580L.jpg --> www.bluewolf.com.mx /public_html/zodiac/public/pictures/products FIL-580L.jpg
2016.12.26 13:40 B C:\Users\marioalejandro\Google Drive\proyectos\zodiac\public\pictures\products\FO-01.jpg --> www.bluewolf.com.mx /public_html/zodiac/public/pictures/products FO-01.jpg
2016.12.26 13:40 B C:\Users\marioalejandro\Google Drive\proyectos\zodiac\public\pictures\products\FORD_BOTE.JPG --> www.bluewolf.com.mx /public_html/zodiac/public/pictures/products FORD_BOTE.JPG
2016.12.26 13:40 B C:\Users\marioalejandro\Google Drive\proyectos\zodiac\public\pictures\products\FORD_CHAL01.jpg --> www.bluewolf.com.mx /public_html/zodiac/public/pictures/products FORD_CHAL01.jpg
2016.12.26 13:40 B C:\Users\marioalejandro\Google Drive\proyectos\zodiac\public\pictures\products\FORD_CHAL02.jpg --> www.bluewolf.com.mx /public_html/zodiac/public/pictures/products FORD_CHAL02.jpg
2016.12.26 13:40 B C:\Users\marioalejandro\Google Drive\proyectos\zodiac\public\pictures\products\FORD_G_IMP.jpg --> www.bluewolf.com.mx /public_html/zodiac/public/pictures/products FORD_G_IMP.jpg
2016.12.26 13:40 B C:\Users\marioalejandro\Google Drive\proyectos\zodiac\public\pictures\products\FORD_GUA_IMPA.jpg --> www.bluewolf.com.mx /public_html/zodiac/public/pictures/products FORD_GUA_IMPA.jpg
2016.12.26 13:40 B C:\Users\marioalejandro\Google Drive\proyectos\zodiac\public\pictures\products\FORD_GUANTE_IMP.png --> www.bluewolf.com.mx /public_html/zodiac/public/pictures/products FORD_GUANTE_IMP.png
2016.12.26 13:40 B C:\Users\marioalejandro\Google Drive\proyectos\zodiac\public\pictures\products\FORD_GUANTE_IMPACTO.jpg --> www.bluewolf.com.mx /public_html/zodiac/public/pictures/products FORD_GUANTE_IMPACTO.jpg
2016.12.26 13:40 B C:\Users\marioalejandro\Google Drive\proyectos\zodiac\public\pictures\products\FORD_GUANTE_IMPACTO.png --> www.bluewolf.com.mx /public_html/zodiac/public/pictures/products FORD_GUANTE_IMPACTO.png
2016.12.26 13:40 B C:\Users\marioalejandro\Google Drive\proyectos\zodiac\public\pictures\products\FORD_JALON .jpg --> www.bluewolf.com.mx /public_html/zodiac/public/pictures/products FORD_JALON .jpg
2016.12.26 13:40 B C:\Users\marioalejandro\Google Drive\proyectos\zodiac\public\pictures\products\FORD_JALON .png --> www.bluewolf.com.mx /public_html/zodiac/public/pictures/products FORD_JALON .png
2016.12.26 13:40 B C:\Users\marioalejandro\Google Drive\proyectos\zodiac\public\pictures\products\FORD_MANG1.jpeg --> www.bluewolf.com.mx /public_html/zodiac/public/pictures/products FORD_MANG1.jpeg
2016.12.26 13:40 B C:\Users\marioalejandro\Google Drive\proyectos\zodiac\public\pictures\products\FORD_PINT.JPG --> www.bluewolf.com.mx /public_html/zodiac/public/pictures/products FORD_PINT.JPG
2016.12.26 13:40 B C:\Users\marioalejandro\Google Drive\proyectos\zodiac\public\pictures\products\FORD_ZAPATO.jpg --> www.bluewolf.com.mx /public_html/zodiac/public/pictures/products FORD_ZAPATO.jpg
2016.12.26 13:40 B C:\Users\marioalejandro\Google Drive\proyectos\zodiac\public\pictures\products\GUA-01.jpg --> www.bluewolf.com.mx /public_html/zodiac/public/pictures/products GUA-01.jpg
2016.12.26 13:40 B C:\Users\marioalejandro\Google Drive\proyectos\zodiac\public\pictures\products\GUA-02.jpg --> www.bluewolf.com.mx /public_html/zodiac/public/pictures/products GUA-02.jpg
2016.12.26 13:40 B C:\Users\marioalejandro\Google Drive\proyectos\zodiac\public\pictures\products\GUA-06.jpg --> www.bluewolf.com.mx /public_html/zodiac/public/pictures/products GUA-06.jpg
2016.12.26 13:40 B C:\Users\marioalejandro\Google Drive\proyectos\zodiac\public\pictures\products\HIL-01.jpg --> www.bluewolf.com.mx /public_html/zodiac/public/pictures/products HIL-01.jpg
2016.12.26 13:40 B C:\Users\marioalejandro\Google Drive\proyectos\zodiac\public\pictures\products\LIB-TRAN. TRANSITO --> www.bluewolf.com.mx /public_html/zodiac/public/pictures/products LIB-TRAN. TRANSITO
2016.12.26 13:40 B C:\Users\marioalejandro\Google Drive\proyectos\zodiac\public\pictures\products\MALE_01.jpg --> www.bluewolf.com.mx /public_html/zodiac/public/pictures/products MALE_01.jpg
2016.12.26 13:40 B C:\Users\marioalejandro\Google Drive\proyectos\zodiac\public\pictures\products\MAN-1.jpg --> www.bluewolf.com.mx /public_html/zodiac/public/pictures/products MAN-1.jpg
2016.12.26 13:40 B C:\Users\marioalejandro\Google Drive\proyectos\zodiac\public\pictures\products\MAQ-MARCADORA.JPG --> www.bluewolf.com.mx /public_html/zodiac/public/pictures/products MAQ-MARCADORA.JPG
2016.12.26 13:40 B C:\Users\marioalejandro\Google Drive\proyectos\zodiac\public\pictures\products\MART-01.jpg --> www.bluewolf.com.mx /public_html/zodiac/public/pictures/products MART-01.jpg
2016.12.26 13:40 B C:\Users\marioalejandro\Google Drive\proyectos\zodiac\public\pictures\products\MIC-01.jpg --> www.bluewolf.com.mx /public_html/zodiac/public/pictures/products MIC-01.jpg
2016.12.26 13:40 B C:\Users\marioalejandro\Google Drive\proyectos\zodiac\public\pictures\products\Multi contacto.jpg --> www.bluewolf.com.mx /public_html/zodiac/public/pictures/products Multi contacto.jpg
2016.12.26 13:40 B C:\Users\marioalejandro\Google Drive\proyectos\zodiac\public\pictures\products\OVE-36.jpg --> www.bluewolf.com.mx /public_html/zodiac/public/pictures/products OVE-36.jpg
2016.12.26 13:40 B C:\Users\marioalejandro\Google Drive\proyectos\zodiac\public\pictures\products\OVE-38.jpg --> www.bluewolf.com.mx /public_html/zodiac/public/pictures/products OVE-38.jpg
2016.12.26 13:40 B C:\Users\marioalejandro\Google Drive\proyectos\zodiac\public\pictures\products\OVE-40.jpg --> www.bluewolf.com.mx /public_html/zodiac/public/pictures/products OVE-40.jpg
2016.12.26 13:40 B C:\Users\marioalejandro\Google Drive\proyectos\zodiac\public\pictures\products\OVE-44.jpg --> www.bluewolf.com.mx /public_html/zodiac/public/pictures/products OVE-44.jpg
2016.12.26 13:40 B C:\Users\marioalejandro\Google Drive\proyectos\zodiac\public\pictures\products\OVE-46.jpg --> www.bluewolf.com.mx /public_html/zodiac/public/pictures/products OVE-46.jpg
2016.12.26 13:40 B C:\Users\marioalejandro\Google Drive\proyectos\zodiac\public\pictures\products\OVE-48.jpg --> www.bluewolf.com.mx /public_html/zodiac/public/pictures/products OVE-48.jpg
2016.12.26 13:40 B C:\Users\marioalejandro\Google Drive\proyectos\zodiac\public\pictures\products\OVE-50.jpg --> www.bluewolf.com.mx /public_html/zodiac/public/pictures/products OVE-50.jpg
2016.12.26 13:40 B C:\Users\marioalejandro\Google Drive\proyectos\zodiac\public\pictures\products\OVE-52.jpg --> www.bluewolf.com.mx /public_html/zodiac/public/pictures/products OVE-52.jpg
2016.12.26 13:40 B C:\Users\marioalejandro\Google Drive\proyectos\zodiac\public\pictures\products\OVE-XG.jpg --> www.bluewolf.com.mx /public_html/zodiac/public/pictures/products OVE-XG.jpg
2016.12.26 13:40 B C:\Users\marioalejandro\Google Drive\proyectos\zodiac\public\pictures\products\P 119373.jpg --> www.bluewolf.com.mx /public_html/zodiac/public/pictures/products P 119373.jpg
2016.12.26 13:40 B C:\Users\marioalejandro\Google Drive\proyectos\zodiac\public\pictures\products\P182046.jpg --> www.bluewolf.com.mx /public_html/zodiac/public/pictures/products P182046.jpg
2016.12.26 13:40 B C:\Users\marioalejandro\Google Drive\proyectos\zodiac\public\pictures\products\P182095.jpg --> www.bluewolf.com.mx /public_html/zodiac/public/pictures/products P182095.jpg
2016.12.26 13:40 B C:\Users\marioalejandro\Google Drive\proyectos\zodiac\public\pictures\products\P550367.jpg --> www.bluewolf.com.mx /public_html/zodiac/public/pictures/products P550367.jpg
2016.12.26 13:40 B C:\Users\marioalejandro\Google Drive\proyectos\zodiac\public\pictures\products\P551318.jpg --> www.bluewolf.com.mx /public_html/zodiac/public/pictures/products P551318.jpg
2016.12.26 13:40 B C:\Users\marioalejandro\Google Drive\proyectos\zodiac\public\pictures\products\P552071.jpg --> www.bluewolf.com.mx /public_html/zodiac/public/pictures/products P552071.jpg
2016.12.26 13:40 B C:\Users\marioalejandro\Google Drive\proyectos\zodiac\public\pictures\products\PAL-01.jpg --> www.bluewolf.com.mx /public_html/zodiac/public/pictures/products PAL-01.jpg
2016.12.26 13:40 B C:\Users\marioalejandro\Google Drive\proyectos\zodiac\public\pictures\products\PAR-01.jpg --> www.bluewolf.com.mx /public_html/zodiac/public/pictures/products PAR-01.jpg
2016.12.26 13:40 B C:\Users\marioalejandro\Google Drive\proyectos\zodiac\public\pictures\products\PIC-01.jpg --> www.bluewolf.com.mx /public_html/zodiac/public/pictures/products PIC-01.jpg
2016.12.26 13:40 B C:\Users\marioalejandro\Google Drive\proyectos\zodiac\public\pictures\products\RAD-01.jpg --> www.bluewolf.com.mx /public_html/zodiac/public/pictures/products RAD-01.jpg
2016.12.26 13:41 B C:\Users\marioalejandro\Google Drive\proyectos\zodiac\public\pictures\products\REL-24.JPG --> www.bluewolf.com.mx /public_html/zodiac/public/pictures/products REL-24.JPG
2016.12.26 13:41 B C:\Users\marioalejandro\Google Drive\proyectos\zodiac\public\pictures\products\REL-5.JPG --> www.bluewolf.com.mx /public_html/zodiac/public/pictures/products REL-5.JPG
2016.12.26 13:41 B C:\Users\marioalejandro\Google Drive\proyectos\zodiac\public\pictures\products\RESC-01.jpg --> www.bluewolf.com.mx /public_html/zodiac/public/pictures/products RESC-01.jpg
2016.12.26 13:41 B C:\Users\marioalejandro\Google Drive\proyectos\zodiac\public\pictures\products\RN-S83FX. PIERNA --> www.bluewolf.com.mx /public_html/zodiac/public/pictures/products RN-S83FX. PIERNA
2016.12.26 13:41 B C:\Users\marioalejandro\Google Drive\proyectos\zodiac\public\pictures\products\RN-S83FX. PIERNA1 --> www.bluewolf.com.mx /public_html/zodiac/public/pictures/products RN-S83FX. PIERNA1
2016.12.26 13:41 B C:\Users\marioalejandro\Google Drive\proyectos\zodiac\public\pictures\products\Soldadura Punto Naranja.jpg --> www.bluewolf.com.mx /public_html/zodiac/public/pictures/products Soldadura Punto Naranja.jpg
2016.12.26 13:41 B C:\Users\marioalejandro\Google Drive\proyectos\zodiac\public\pictures\products\SOR-01.jpg --> www.bluewolf.com.mx /public_html/zodiac/public/pictures/products SOR-01.jpg
2016.12.26 13:41 B C:\Users\marioalejandro\Google Drive\proyectos\zodiac\public\pictures\products\SURT-53.jpg --> www.bluewolf.com.mx /public_html/zodiac/public/pictures/products SURT-53.jpg
2016.12.26 13:41 B C:\Users\marioalejandro\Google Drive\proyectos\zodiac\public\pictures\products\SUSP-01.jpg --> www.bluewolf.com.mx /public_html/zodiac/public/pictures/products SUSP-01.jpg
2016.12.26 13:41 B C:\Users\marioalejandro\Google Drive\proyectos\zodiac\public\pictures\products\TEL_01.png --> www.bluewolf.com.mx /public_html/zodiac/public/pictures/products TEL_01.png
2016.12.26 13:41 B C:\Users\marioalejandro\Google Drive\proyectos\zodiac\public\pictures\products\Thumbs.db --> www.bluewolf.com.mx /public_html/zodiac/public/pictures/products Thumbs.db
2016.12.26 13:41 B C:\Users\marioalejandro\Google Drive\proyectos\zodiac\public\pictures\products\Tornillo de cadena.jpg --> www.bluewolf.com.mx /public_html/zodiac/public/pictures/products Tornillo de cadena.jpg
2017.02.12 16:46 B C:\Users\marioalejandro\Google Drive\proyectos\zodiac\public\pictures\products\WS_FTP.LOG <-- bluewolf Godaddy /public_html/zodiac/public/pictures/products WS_FTP.LOG
2017.02.12 16:46 B C:\Users\marioalejandro\Google Drive\proyectos\zodiac\public\pictures\products\X-AM 5000.jpg <-- bluewolf Godaddy /public_html/zodiac/public/pictures/products X-AM 5000.jpg
2017.02.12 16:46 B C:\Users\marioalejandro\Google Drive\proyectos\zodiac\public\pictures\products\ZAP-01.jpg <-- bluewolf Godaddy /public_html/zodiac/public/pictures/products ZAP-01.jpg
2017.02.12 16:46 B C:\Users\marioalejandro\Google Drive\proyectos\zodiac\public\pictures\products\ZAP-07.jpg <-- bluewolf Godaddy /public_html/zodiac/public/pictures/products ZAP-07.jpg
2017.02.12 16:46 B C:\Users\marioalejandro\Google Drive\proyectos\zodiac\public\pictures\products\ZM-CO.jpg <-- bluewolf Godaddy /public_html/zodiac/public/pictures/products ZM-CO.jpg
2017.07.13 13:35 B C:\Users\marioalejandro\Google Drive\proyectos\zodiac\public\pictures\products\WS_FTP.LOG --> www.bluewolf.com.mx /public_html/zodiac/eng/public/pictures/products WS_FTP.LOG
2017.07.13 13:35 B C:\Users\marioalejandro\Google Drive\proyectos\zodiac\public\pictures\products\desktop.ini --> www.bluewolf.com.mx /public_html/zodiac/eng/public/pictures/products desktop.ini
2017.07.13 13:35 B C:\Users\marioalejandro\Google Drive\proyectos\zodiac\public\pictures\products\ZM-CO.jpg --> www.bluewolf.com.mx /public_html/zodiac/eng/public/pictures/products ZM-CO.jpg
2017.07.13 13:35 B C:\Users\marioalejandro\Google Drive\proyectos\zodiac\public\pictures\products\ZAP-07.jpg --> www.bluewolf.com.mx /public_html/zodiac/eng/public/pictures/products ZAP-07.jpg
2017.07.13 13:35 B C:\Users\marioalejandro\Google Drive\proyectos\zodiac\public\pictures\products\ZAP-01.jpg --> www.bluewolf.com.mx /public_html/zodiac/eng/public/pictures/products ZAP-01.jpg
2017.07.13 13:35 B C:\Users\marioalejandro\Google Drive\proyectos\zodiac\public\pictures\products\X-AM 5000.jpg --> www.bluewolf.com.mx /public_html/zodiac/eng/public/pictures/products X-AM 5000.jpg
2017.07.13 13:35 B C:\Users\marioalejandro\Google Drive\proyectos\zodiac\public\pictures\products\Tornillo de cadena.jpg --> www.bluewolf.com.mx /public_html/zodiac/eng/public/pictures/products Tornillo de cadena.jpg
2017.07.13 13:35 B C:\Users\marioalejandro\Google Drive\proyectos\zodiac\public\pictures\products\Thumbs.db --> www.bluewolf.com.mx /public_html/zodiac/eng/public/pictures/products Thumbs.db
2017.07.13 13:35 B C:\Users\marioalejandro\Google Drive\proyectos\zodiac\public\pictures\products\TEL_01.png --> www.bluewolf.com.mx /public_html/zodiac/eng/public/pictures/products TEL_01.png
2017.07.13 13:35 B C:\Users\marioalejandro\Google Drive\proyectos\zodiac\public\pictures\products\SUSP-01.jpg --> www.bluewolf.com.mx /public_html/zodiac/eng/public/pictures/products SUSP-01.jpg
2017.07.13 13:35 B C:\Users\marioalejandro\Google Drive\proyectos\zodiac\public\pictures\products\SURT-53.jpg --> www.bluewolf.com.mx /public_html/zodiac/eng/public/pictures/products SURT-53.jpg
2017.07.13 13:35 B C:\Users\marioalejandro\Google Drive\proyectos\zodiac\public\pictures\products\SOR-01.jpg --> www.bluewolf.com.mx /public_html/zodiac/eng/public/pictures/products SOR-01.jpg
2017.07.13 13:35 B C:\Users\marioalejandro\Google Drive\proyectos\zodiac\public\pictures\products\Soldadura Punto Naranja.jpg --> www.bluewolf.com.mx /public_html/zodiac/eng/public/pictures/products Soldadura Punto Naranja.jpg
2017.07.13 13:35 B C:\Users\marioalejandro\Google Drive\proyectos\zodiac\public\pictures\products\RN-S83FX. PIERNA1 --> www.bluewolf.com.mx /public_html/zodiac/eng/public/pictures/products RN-S83FX. PIERNA1
2017.07.13 13:35 B C:\Users\marioalejandro\Google Drive\proyectos\zodiac\public\pictures\products\RN-S83FX. PIERNA --> www.bluewolf.com.mx /public_html/zodiac/eng/public/pictures/products RN-S83FX. PIERNA
2017.07.13 13:35 B C:\Users\marioalejandro\Google Drive\proyectos\zodiac\public\pictures\products\RESC-01.jpg --> www.bluewolf.com.mx /public_html/zodiac/eng/public/pictures/products RESC-01.jpg
2017.07.13 13:35 B C:\Users\marioalejandro\Google Drive\proyectos\zodiac\public\pictures\products\REL-5.JPG --> www.bluewolf.com.mx /public_html/zodiac/eng/public/pictures/products REL-5.JPG
2017.07.13 13:35 B C:\Users\marioalejandro\Google Drive\proyectos\zodiac\public\pictures\products\REL-24.JPG --> www.bluewolf.com.mx /public_html/zodiac/eng/public/pictures/products REL-24.JPG
2017.07.13 13:35 B C:\Users\marioalejandro\Google Drive\proyectos\zodiac\public\pictures\products\RAD-01.jpg --> www.bluewolf.com.mx /public_html/zodiac/eng/public/pictures/products RAD-01.jpg
2017.07.13 13:35 B C:\Users\marioalejandro\Google Drive\proyectos\zodiac\public\pictures\products\PIC-01.jpg --> www.bluewolf.com.mx /public_html/zodiac/eng/public/pictures/products PIC-01.jpg
2017.07.13 13:35 B C:\Users\marioalejandro\Google Drive\proyectos\zodiac\public\pictures\products\PAR-01.jpg --> www.bluewolf.com.mx /public_html/zodiac/eng/public/pictures/products PAR-01.jpg
2017.07.13 13:35 B C:\Users\marioalejandro\Google Drive\proyectos\zodiac\public\pictures\products\PAL-01.jpg --> www.bluewolf.com.mx /public_html/zodiac/eng/public/pictures/products PAL-01.jpg
2017.07.13 13:35 B C:\Users\marioalejandro\Google Drive\proyectos\zodiac\public\pictures\products\P552071.jpg --> www.bluewolf.com.mx /public_html/zodiac/eng/public/pictures/products P552071.jpg
2017.07.13 13:35 B C:\Users\marioalejandro\Google Drive\proyectos\zodiac\public\pictures\products\P551318.jpg --> www.bluewolf.com.mx /public_html/zodiac/eng/public/pictures/products P551318.jpg
2017.07.13 13:35 B C:\Users\marioalejandro\Google Drive\proyectos\zodiac\public\pictures\products\P550367.jpg --> www.bluewolf.com.mx /public_html/zodiac/eng/public/pictures/products P550367.jpg
2017.07.13 13:35 B C:\Users\marioalejandro\Google Drive\proyectos\zodiac\public\pictures\products\P182095.jpg --> www.bluewolf.com.mx /public_html/zodiac/eng/public/pictures/products P182095.jpg
2017.07.13 13:35 B C:\Users\marioalejandro\Google Drive\proyectos\zodiac\public\pictures\products\P182046.jpg --> www.bluewolf.com.mx /public_html/zodiac/eng/public/pictures/products P182046.jpg
2017.07.13 13:35 B C:\Users\marioalejandro\Google Drive\proyectos\zodiac\public\pictures\products\P 119373.jpg --> www.bluewolf.com.mx /public_html/zodiac/eng/public/pictures/products P 119373.jpg
2017.07.13 13:35 B C:\Users\marioalejandro\Google Drive\proyectos\zodiac\public\pictures\products\OVE-XG.jpg --> www.bluewolf.com.mx /public_html/zodiac/eng/public/pictures/products OVE-XG.jpg
2017.07.13 13:35 B C:\Users\marioalejandro\Google Drive\proyectos\zodiac\public\pictures\products\OVE-52.jpg --> www.bluewolf.com.mx /public_html/zodiac/eng/public/pictures/products OVE-52.jpg
2017.07.13 13:35 B C:\Users\marioalejandro\Google Drive\proyectos\zodiac\public\pictures\products\OVE-50.jpg --> www.bluewolf.com.mx /public_html/zodiac/eng/public/pictures/products OVE-50.jpg
2017.07.13 13:35 B C:\Users\marioalejandro\Google Drive\proyectos\zodiac\public\pictures\products\OVE-48.jpg --> www.bluewolf.com.mx /public_html/zodiac/eng/public/pictures/products OVE-48.jpg
2017.07.13 13:35 B C:\Users\marioalejandro\Google Drive\proyectos\zodiac\public\pictures\products\OVE-46.jpg --> www.bluewolf.com.mx /public_html/zodiac/eng/public/pictures/products OVE-46.jpg
2017.07.13 13:35 B C:\Users\marioalejandro\Google Drive\proyectos\zodiac\public\pictures\products\OVE-44.jpg --> www.bluewolf.com.mx /public_html/zodiac/eng/public/pictures/products OVE-44.jpg
2017.07.13 13:35 B C:\Users\marioalejandro\Google Drive\proyectos\zodiac\public\pictures\products\OVE-40.jpg --> www.bluewolf.com.mx /public_html/zodiac/eng/public/pictures/products OVE-40.jpg
2017.07.13 13:35 B C:\Users\marioalejandro\Google Drive\proyectos\zodiac\public\pictures\products\OVE-38.jpg --> www.bluewolf.com.mx /public_html/zodiac/eng/public/pictures/products OVE-38.jpg
2017.07.13 13:35 B C:\Users\marioalejandro\Google Drive\proyectos\zodiac\public\pictures\products\OVE-36.jpg --> www.bluewolf.com.mx /public_html/zodiac/eng/public/pictures/products OVE-36.jpg
2017.07.13 13:35 B C:\Users\marioalejandro\Google Drive\proyectos\zodiac\public\pictures\products\Multi contacto.jpg --> www.bluewolf.com.mx /public_html/zodiac/eng/public/pictures/products Multi contacto.jpg
2017.07.13 13:35 B C:\Users\marioalejandro\Google Drive\proyectos\zodiac\public\pictures\products\MIC-01.jpg --> www.bluewolf.com.mx /public_html/zodiac/eng/public/pictures/products MIC-01.jpg
2017.07.13 13:35 B C:\Users\marioalejandro\Google Drive\proyectos\zodiac\public\pictures\products\MART-01.jpg --> www.bluewolf.com.mx /public_html/zodiac/eng/public/pictures/products MART-01.jpg
2017.07.13 13:35 B C:\Users\marioalejandro\Google Drive\proyectos\zodiac\public\pictures\products\MAQ-MARCADORA.JPG --> www.bluewolf.com.mx /public_html/zodiac/eng/public/pictures/products MAQ-MARCADORA.JPG
2017.07.13 13:35 B C:\Users\marioalejandro\Google Drive\proyectos\zodiac\public\pictures\products\MAN-1.jpg --> www.bluewolf.com.mx /public_html/zodiac/eng/public/pictures/products MAN-1.jpg
2017.07.13 13:35 B C:\Users\marioalejandro\Google Drive\proyectos\zodiac\public\pictures\products\MALE_01.jpg --> www.bluewolf.com.mx /public_html/zodiac/eng/public/pictures/products MALE_01.jpg
2017.07.13 13:35 B C:\Users\marioalejandro\Google Drive\proyectos\zodiac\public\pictures\products\LIB-TRAN. TRANSITO --> www.bluewolf.com.mx /public_html/zodiac/eng/public/pictures/products LIB-TRAN. TRANSITO
2017.07.13 13:35 B C:\Users\marioalejandro\Google Drive\proyectos\zodiac\public\pictures\products\HIL-01.jpg --> www.bluewolf.com.mx /public_html/zodiac/eng/public/pictures/products HIL-01.jpg
2017.07.13 13:35 B C:\Users\marioalejandro\Google Drive\proyectos\zodiac\public\pictures\products\GUA-06.jpg --> www.bluewolf.com.mx /public_html/zodiac/eng/public/pictures/products GUA-06.jpg
2017.07.13 13:35 B C:\Users\marioalejandro\Google Drive\proyectos\zodiac\public\pictures\products\GUA-02.jpg --> www.bluewolf.com.mx /public_html/zodiac/eng/public/pictures/products GUA-02.jpg
2017.07.13 13:35 B C:\Users\marioalejandro\Google Drive\proyectos\zodiac\public\pictures\products\GUA-01.jpg --> www.bluewolf.com.mx /public_html/zodiac/eng/public/pictures/products GUA-01.jpg
2017.07.13 13:36 B C:\Users\marioalejandro\Google Drive\proyectos\zodiac\public\pictures\products\FORD_ZAPATO.jpg --> www.bluewolf.com.mx /public_html/zodiac/eng/public/pictures/products FORD_ZAPATO.jpg
2017.07.13 13:36 B C:\Users\marioalejandro\Google Drive\proyectos\zodiac\public\pictures\products\FORD_PINT.JPG --> www.bluewolf.com.mx /public_html/zodiac/eng/public/pictures/products FORD_PINT.JPG
2017.07.13 13:36 B C:\Users\marioalejandro\Google Drive\proyectos\zodiac\public\pictures\products\FORD_MANG1.jpeg --> www.bluewolf.com.mx /public_html/zodiac/eng/public/pictures/products FORD_MANG1.jpeg
2017.07.13 13:36 B C:\Users\marioalejandro\Google Drive\proyectos\zodiac\public\pictures\products\FORD_JALON .png --> www.bluewolf.com.mx /public_html/zodiac/eng/public/pictures/products FORD_JALON .png
2017.07.13 13:36 B C:\Users\marioalejandro\Google Drive\proyectos\zodiac\public\pictures\products\FORD_JALON .jpg --> www.bluewolf.com.mx /public_html/zodiac/eng/public/pictures/products FORD_JALON .jpg
2017.07.13 13:36 B C:\Users\marioalejandro\Google Drive\proyectos\zodiac\public\pictures\products\FORD_GUANTE_IMPACTO.png --> www.bluewolf.com.mx /public_html/zodiac/eng/public/pictures/products FORD_GUANTE_IMPACTO.png
2017.07.13 13:36 B C:\Users\marioalejandro\Google Drive\proyectos\zodiac\public\pictures\products\FORD_GUANTE_IMPACTO.jpg --> www.bluewolf.com.mx /public_html/zodiac/eng/public/pictures/products FORD_GUANTE_IMPACTO.jpg
2017.07.13 13:36 B C:\Users\marioalejandro\Google Drive\proyectos\zodiac\public\pictures\products\FORD_GUANTE_IMP.png --> www.bluewolf.com.mx /public_html/zodiac/eng/public/pictures/products FORD_GUANTE_IMP.png
2017.07.13 13:36 B C:\Users\marioalejandro\Google Drive\proyectos\zodiac\public\pictures\products\FORD_GUA_IMPA.jpg --> www.bluewolf.com.mx /public_html/zodiac/eng/public/pictures/products FORD_GUA_IMPA.jpg
2017.07.13 13:36 B C:\Users\marioalejandro\Google Drive\proyectos\zodiac\public\pictures\products\FORD_G_IMP.jpg --> www.bluewolf.com.mx /public_html/zodiac/eng/public/pictures/products FORD_G_IMP.jpg
2017.07.13 13:36 B C:\Users\marioalejandro\Google Drive\proyectos\zodiac\public\pictures\products\FORD_CHAL02.jpg --> www.bluewolf.com.mx /public_html/zodiac/eng/public/pictures/products FORD_CHAL02.jpg
2017.07.13 13:36 B C:\Users\marioalejandro\Google Drive\proyectos\zodiac\public\pictures\products\FORD_CHAL01.jpg --> www.bluewolf.com.mx /public_html/zodiac/eng/public/pictures/products FORD_CHAL01.jpg
2017.07.13 13:36 B C:\Users\marioalejandro\Google Drive\proyectos\zodiac\public\pictures\products\FORD_BOTE.JPG --> www.bluewolf.com.mx /public_html/zodiac/eng/public/pictures/products FORD_BOTE.JPG
2017.07.13 13:36 B C:\Users\marioalejandro\Google Drive\proyectos\zodiac\public\pictures\products\FO-01.jpg --> www.bluewolf.com.mx /public_html/zodiac/eng/public/pictures/products FO-01.jpg
2017.07.13 13:36 B C:\Users\marioalejandro\Google Drive\proyectos\zodiac\public\pictures\products\FIL-580L.jpg --> www.bluewolf.com.mx /public_html/zodiac/eng/public/pictures/products FIL-580L.jpg
2017.07.13 13:36 B C:\Users\marioalejandro\Google Drive\proyectos\zodiac\public\pictures\products\FIL-04.jpg --> www.bluewolf.com.mx /public_html/zodiac/eng/public/pictures/products FIL-04.jpg
2017.07.13 13:36 B C:\Users\marioalejandro\Google Drive\proyectos\zodiac\public\pictures\products\FIL-02.jpg --> www.bluewolf.com.mx /public_html/zodiac/eng/public/pictures/products FIL-02.jpg
2017.07.13 13:36 B C:\Users\marioalejandro\Google Drive\proyectos\zodiac\public\pictures\products\default.png --> www.bluewolf.com.mx /public_html/zodiac/eng/public/pictures/products default.png
2017.07.13 13:36 B C:\Users\marioalejandro\Google Drive\proyectos\zodiac\public\pictures\products\CRU-01.png --> www.bluewolf.com.mx /public_html/zodiac/eng/public/pictures/products CRU-01.png
2017.07.13 13:36 B C:\Users\marioalejandro\Google Drive\proyectos\zodiac\public\pictures\products\CONO_SEG01.jpg --> www.bluewolf.com.mx /public_html/zodiac/eng/public/pictures/products CONO_SEG01.jpg
2017.07.13 13:36 B C:\Users\marioalejandro\Google Drive\proyectos\zodiac\public\pictures\products\CINT-XG.jpg --> www.bluewolf.com.mx /public_html/zodiac/eng/public/pictures/products CINT-XG.jpg
2017.07.13 13:36 B C:\Users\marioalejandro\Google Drive\proyectos\zodiac\public\pictures\products\CINT-AIS.jpg --> www.bluewolf.com.mx /public_html/zodiac/eng/public/pictures/products CINT-AIS.jpg
2017.07.13 13:36 B C:\Users\marioalejandro\Google Drive\proyectos\zodiac\public\pictures\products\CEM-01.jpg --> www.bluewolf.com.mx /public_html/zodiac/eng/public/pictures/products CEM-01.jpg
2017.07.13 13:36 B C:\Users\marioalejandro\Google Drive\proyectos\zodiac\public\pictures\products\CAR-01.jpg --> www.bluewolf.com.mx /public_html/zodiac/eng/public/pictures/products CAR-01.jpg
2017.07.13 13:36 B C:\Users\marioalejandro\Google Drive\proyectos\zodiac\public\pictures\products\CAND-06.jpg --> www.bluewolf.com.mx /public_html/zodiac/eng/public/pictures/products CAND-06.jpg
2017.07.13 13:36 B C:\Users\marioalejandro\Google Drive\proyectos\zodiac\public\pictures\products\BOT-13.jpg --> www.bluewolf.com.mx /public_html/zodiac/eng/public/pictures/products BOT-13.jpg
2017.07.13 13:36 B C:\Users\marioalejandro\Google Drive\proyectos\zodiac\public\pictures\products\BOT-12.jpg --> www.bluewolf.com.mx /public_html/zodiac/eng/public/pictures/products BOT-12.jpg
2017.07.13 13:36 B C:\Users\marioalejandro\Google Drive\proyectos\zodiac\public\pictures\products\BOT-11.jpg --> www.bluewolf.com.mx /public_html/zodiac/eng/public/pictures/products BOT-11.jpg
2017.07.13 13:36 B C:\Users\marioalejandro\Google Drive\proyectos\zodiac\public\pictures\products\BOT-10.jpg --> www.bluewolf.com.mx /public_html/zodiac/eng/public/pictures/products BOT-10.jpg
2017.07.13 13:36 B C:\Users\marioalejandro\Google Drive\proyectos\zodiac\public\pictures\products\BOT-09.jpg --> www.bluewolf.com.mx /public_html/zodiac/eng/public/pictures/products BOT-09.jpg
2017.07.13 13:36 B C:\Users\marioalejandro\Google Drive\proyectos\zodiac\public\pictures\products\BOT-08.jpg --> www.bluewolf.com.mx /public_html/zodiac/eng/public/pictures/products BOT-08.jpg
2017.07.13 13:36 B C:\Users\marioalejandro\Google Drive\proyectos\zodiac\public\pictures\products\BOT-07.jpg --> www.bluewolf.com.mx /public_html/zodiac/eng/public/pictures/products BOT-07.jpg
2017.07.13 13:36 B C:\Users\marioalejandro\Google Drive\proyectos\zodiac\public\pictures\products\BOT-06.jpg --> www.bluewolf.com.mx /public_html/zodiac/eng/public/pictures/products BOT-06.jpg
2017.07.13 13:36 B C:\Users\marioalejandro\Google Drive\proyectos\zodiac\public\pictures\products\BOT-02.jpg --> www.bluewolf.com.mx /public_html/zodiac/eng/public/pictures/products BOT-02.jpg
2017.07.13 13:36 B C:\Users\marioalejandro\Google Drive\proyectos\zodiac\public\pictures\products\BOMB-01.jpg --> www.bluewolf.com.mx /public_html/zodiac/eng/public/pictures/products BOMB-01.jpg
2017.07.13 13:37 B C:\Users\marioalejandro\Google Drive\proyectos\zodiac\public\pictures\products\BIR-01.jpg --> www.bluewolf.com.mx /public_html/zodiac/eng/public/pictures/products BIR-01.jpg
2017.07.13 13:37 B C:\Users\marioalejandro\Google Drive\proyectos\zodiac\public\pictures\products\ALM-16.jpg --> www.bluewolf.com.mx /public_html/zodiac/eng/public/pictures/products ALM-16.jpg
2017.07.13 13:37 B C:\Users\marioalejandro\Google Drive\proyectos\zodiac\public\pictures\products\ALAM-00.jpg --> www.bluewolf.com.mx /public_html/zodiac/eng/public/pictures/products ALAM-00.jpg
2017.07.13 13:37 B C:\Users\marioalejandro\Google Drive\proyectos\zodiac\public\pictures\products\ACE-JD.png --> www.bluewolf.com.mx /public_html/zodiac/eng/public/pictures/products ACE-JD.png
2017.07.13 13:37 B C:\Users\marioalejandro\Google Drive\proyectos\zodiac\public\pictures\products\A28.JPG --> www.bluewolf.com.mx /public_html/zodiac/eng/public/pictures/products A28.JPG
2017.07.13 13:37 B C:\Users\marioalejandro\Google Drive\proyectos\zodiac\public\pictures\products\4080690.JPG --> www.bluewolf.com.mx /public_html/zodiac/eng/public/pictures/products 4080690.JPG
2017.10.31 15:58 B C:\Users\marioalejandro\Google Drive\proyectos\zodiac\public\pictures\products\4080690.JPG --> www.bluewolf.com.mx /public_html/iotdemo/public/pictures/products 4080690.JPG
2017.10.31 15:58 B C:\Users\marioalejandro\Google Drive\proyectos\zodiac\public\pictures\products\A28.JPG --> www.bluewolf.com.mx /public_html/iotdemo/public/pictures/products A28.JPG
2017.10.31 15:58 B C:\Users\marioalejandro\Google Drive\proyectos\zodiac\public\pictures\products\ACE-JD.png --> www.bluewolf.com.mx /public_html/iotdemo/public/pictures/products ACE-JD.png
2017.10.31 15:58 B C:\Users\marioalejandro\Google Drive\proyectos\zodiac\public\pictures\products\ALAM-00.jpg --> www.bluewolf.com.mx /public_html/iotdemo/public/pictures/products ALAM-00.jpg
2017.10.31 15:58 B C:\Users\marioalejandro\Google Drive\proyectos\zodiac\public\pictures\products\ALM-16.jpg --> www.bluewolf.com.mx /public_html/iotdemo/public/pictures/products ALM-16.jpg
2017.10.31 15:59 B C:\Users\marioalejandro\Google Drive\proyectos\zodiac\public\pictures\products\BIR-01.jpg --> www.bluewolf.com.mx /public_html/iotdemo/public/pictures/products BIR-01.jpg
2017.10.31 15:59 B C:\Users\marioalejandro\Google Drive\proyectos\zodiac\public\pictures\products\BOMB-01.jpg --> www.bluewolf.com.mx /public_html/iotdemo/public/pictures/products BOMB-01.jpg
2017.10.31 15:59 B C:\Users\marioalejandro\Google Drive\proyectos\zodiac\public\pictures\products\BOT-02.jpg --> www.bluewolf.com.mx /public_html/iotdemo/public/pictures/products BOT-02.jpg
2017.10.31 15:59 B C:\Users\marioalejandro\Google Drive\proyectos\zodiac\public\pictures\products\BOT-06.jpg --> www.bluewolf.com.mx /public_html/iotdemo/public/pictures/products BOT-06.jpg
2017.10.31 15:59 B C:\Users\marioalejandro\Google Drive\proyectos\zodiac\public\pictures\products\BOT-07.jpg --> www.bluewolf.com.mx /public_html/iotdemo/public/pictures/products BOT-07.jpg
2017.10.31 15:59 B C:\Users\marioalejandro\Google Drive\proyectos\zodiac\public\pictures\products\BOT-08.jpg --> www.bluewolf.com.mx /public_html/iotdemo/public/pictures/products BOT-08.jpg
2017.10.31 15:59 B C:\Users\marioalejandro\Google Drive\proyectos\zodiac\public\pictures\products\BOT-09.jpg --> www.bluewolf.com.mx /public_html/iotdemo/public/pictures/products BOT-09.jpg
2017.10.31 15:59 B C:\Users\marioalejandro\Google Drive\proyectos\zodiac\public\pictures\products\BOT-10.jpg --> www.bluewolf.com.mx /public_html/iotdemo/public/pictures/products BOT-10.jpg
2017.10.31 15:59 B C:\Users\marioalejandro\Google Drive\proyectos\zodiac\public\pictures\products\BOT-11.jpg --> www.bluewolf.com.mx /public_html/iotdemo/public/pictures/products BOT-11.jpg
2017.10.31 15:59 B C:\Users\marioalejandro\Google Drive\proyectos\zodiac\public\pictures\products\BOT-12.jpg --> www.bluewolf.com.mx /public_html/iotdemo/public/pictures/products BOT-12.jpg
2017.10.31 15:59 B C:\Users\marioalejandro\Google Drive\proyectos\zodiac\public\pictures\products\BOT-13.jpg --> www.bluewolf.com.mx /public_html/iotdemo/public/pictures/products BOT-13.jpg
2017.10.31 15:59 B C:\Users\marioalejandro\Google Drive\proyectos\zodiac\public\pictures\products\CAND-06.jpg --> www.bluewolf.com.mx /public_html/iotdemo/public/pictures/products CAND-06.jpg
2017.10.31 15:59 B C:\Users\marioalejandro\Google Drive\proyectos\zodiac\public\pictures\products\CAR-01.jpg --> www.bluewolf.com.mx /public_html/iotdemo/public/pictures/products CAR-01.jpg
2017.10.31 15:59 B C:\Users\marioalejandro\Google Drive\proyectos\zodiac\public\pictures\products\CEM-01.jpg --> www.bluewolf.com.mx /public_html/iotdemo/public/pictures/products CEM-01.jpg
2017.10.31 15:59 B C:\Users\marioalejandro\Google Drive\proyectos\zodiac\public\pictures\products\CINT-AIS.jpg --> www.bluewolf.com.mx /public_html/iotdemo/public/pictures/products CINT-AIS.jpg
2017.10.31 15:59 B C:\Users\marioalejandro\Google Drive\proyectos\zodiac\public\pictures\products\CINT-XG.jpg --> www.bluewolf.com.mx /public_html/iotdemo/public/pictures/products CINT-XG.jpg
2017.10.31 15:59 B C:\Users\marioalejandro\Google Drive\proyectos\zodiac\public\pictures\products\CONO_SEG01.jpg --> www.bluewolf.com.mx /public_html/iotdemo/public/pictures/products CONO_SEG01.jpg
2017.10.31 15:59 B C:\Users\marioalejandro\Google Drive\proyectos\zodiac\public\pictures\products\CRU-01.png --> www.bluewolf.com.mx /public_html/iotdemo/public/pictures/products CRU-01.png
2017.10.31 15:59 B C:\Users\marioalejandro\Google Drive\proyectos\zodiac\public\pictures\products\default.png --> www.bluewolf.com.mx /public_html/iotdemo/public/pictures/products default.png
2017.10.31 15:59 B C:\Users\marioalejandro\Google Drive\proyectos\zodiac\public\pictures\products\desktop.ini --> www.bluewolf.com.mx /public_html/iotdemo/public/pictures/products desktop.ini
2017.10.31 15:59 B C:\Users\marioalejandro\Google Drive\proyectos\zodiac\public\pictures\products\FIL-02.jpg --> www.bluewolf.com.mx /public_html/iotdemo/public/pictures/products FIL-02.jpg
2017.10.31 15:59 B C:\Users\marioalejandro\Google Drive\proyectos\zodiac\public\pictures\products\FIL-04.jpg --> www.bluewolf.com.mx /public_html/iotdemo/public/pictures/products FIL-04.jpg
2017.10.31 15:59 B C:\Users\marioalejandro\Google Drive\proyectos\zodiac\public\pictures\products\FIL-580L.jpg --> www.bluewolf.com.mx /public_html/iotdemo/public/pictures/products FIL-580L.jpg
2017.10.31 15:59 B C:\Users\marioalejandro\Google Drive\proyectos\zodiac\public\pictures\products\FO-01.jpg --> www.bluewolf.com.mx /public_html/iotdemo/public/pictures/products FO-01.jpg
2017.10.31 15:59 B C:\Users\marioalejandro\Google Drive\proyectos\zodiac\public\pictures\products\FORD_BOTE.JPG --> www.bluewolf.com.mx /public_html/iotdemo/public/pictures/products FORD_BOTE.JPG
2017.10.31 15:59 B C:\Users\marioalejandro\Google Drive\proyectos\zodiac\public\pictures\products\FORD_CHAL01.jpg --> www.bluewolf.com.mx /public_html/iotdemo/public/pictures/products FORD_CHAL01.jpg
2017.10.31 15:59 B C:\Users\marioalejandro\Google Drive\proyectos\zodiac\public\pictures\products\FORD_CHAL02.jpg --> www.bluewolf.com.mx /public_html/iotdemo/public/pictures/products FORD_CHAL02.jpg
2017.10.31 15:59 B C:\Users\marioalejandro\Google Drive\proyectos\zodiac\public\pictures\products\FORD_G_IMP.jpg --> www.bluewolf.com.mx /public_html/iotdemo/public/pictures/products FORD_G_IMP.jpg
2017.10.31 15:59 B C:\Users\marioalejandro\Google Drive\proyectos\zodiac\public\pictures\products\FORD_GUA_IMPA.jpg --> www.bluewolf.com.mx /public_html/iotdemo/public/pictures/products FORD_GUA_IMPA.jpg
2017.10.31 15:59 B C:\Users\marioalejandro\Google Drive\proyectos\zodiac\public\pictures\products\FORD_GUANTE_IMP.png --> www.bluewolf.com.mx /public_html/iotdemo/public/pictures/products FORD_GUANTE_IMP.png
2017.10.31 15:59 B C:\Users\marioalejandro\Google Drive\proyectos\zodiac\public\pictures\products\FORD_GUANTE_IMPACTO.jpg --> www.bluewolf.com.mx /public_html/iotdemo/public/pictures/products FORD_GUANTE_IMPACTO.jpg
2017.10.31 15:59 B C:\Users\marioalejandro\Google Drive\proyectos\zodiac\public\pictures\products\FORD_GUANTE_IMPACTO.png --> www.bluewolf.com.mx /public_html/iotdemo/public/pictures/products FORD_GUANTE_IMPACTO.png
2017.10.31 15:59 B C:\Users\marioalejandro\Google Drive\proyectos\zodiac\public\pictures\products\FORD_JALON .jpg --> www.bluewolf.com.mx /public_html/iotdemo/public/pictures/products FORD_JALON .jpg
2017.10.31 15:59 B C:\Users\marioalejandro\Google Drive\proyectos\zodiac\public\pictures\products\FORD_JALON .png --> www.bluewolf.com.mx /public_html/iotdemo/public/pictures/products FORD_JALON .png
2017.10.31 15:59 B C:\Users\marioalejandro\Google Drive\proyectos\zodiac\public\pictures\products\FORD_MANG1.jpeg --> www.bluewolf.com.mx /public_html/iotdemo/public/pictures/products FORD_MANG1.jpeg
2017.10.31 16:00 B C:\Users\marioalejandro\Google Drive\proyectos\zodiac\public\pictures\products\FORD_PINT.JPG --> www.bluewolf.com.mx /public_html/iotdemo/public/pictures/products FORD_PINT.JPG
2017.10.31 16:00 B C:\Users\marioalejandro\Google Drive\proyectos\zodiac\public\pictures\products\FORD_ZAPATO.jpg --> www.bluewolf.com.mx /public_html/iotdemo/public/pictures/products FORD_ZAPATO.jpg
2017.10.31 16:00 B C:\Users\marioalejandro\Google Drive\proyectos\zodiac\public\pictures\products\GUA-01.jpg --> www.bluewolf.com.mx /public_html/iotdemo/public/pictures/products GUA-01.jpg
2017.10.31 16:00 B C:\Users\marioalejandro\Google Drive\proyectos\zodiac\public\pictures\products\GUA-02.jpg --> www.bluewolf.com.mx /public_html/iotdemo/public/pictures/products GUA-02.jpg
2017.10.31 16:00 B C:\Users\marioalejandro\Google Drive\proyectos\zodiac\public\pictures\products\GUA-06.jpg --> www.bluewolf.com.mx /public_html/iotdemo/public/pictures/products GUA-06.jpg
2017.10.31 16:00 B C:\Users\marioalejandro\Google Drive\proyectos\zodiac\public\pictures\products\HIL-01.jpg --> www.bluewolf.com.mx /public_html/iotdemo/public/pictures/products HIL-01.jpg
2017.10.31 16:00 B C:\Users\marioalejandro\Google Drive\proyectos\zodiac\public\pictures\products\LIB-TRAN. TRANSITO --> www.bluewolf.com.mx /public_html/iotdemo/public/pictures/products LIB-TRAN. TRANSITO
2017.10.31 16:00 B C:\Users\marioalejandro\Google Drive\proyectos\zodiac\public\pictures\products\MALE_01.jpg --> www.bluewolf.com.mx /public_html/iotdemo/public/pictures/products MALE_01.jpg
2017.10.31 16:00 B C:\Users\marioalejandro\Google Drive\proyectos\zodiac\public\pictures\products\MAN-1.jpg --> www.bluewolf.com.mx /public_html/iotdemo/public/pictures/products MAN-1.jpg
2017.10.31 16:00 B C:\Users\marioalejandro\Google Drive\proyectos\zodiac\public\pictures\products\MAQ-MARCADORA.JPG --> www.bluewolf.com.mx /public_html/iotdemo/public/pictures/products MAQ-MARCADORA.JPG
2017.10.31 16:00 B C:\Users\marioalejandro\Google Drive\proyectos\zodiac\public\pictures\products\MART-01.jpg --> www.bluewolf.com.mx /public_html/iotdemo/public/pictures/products MART-01.jpg
2017.10.31 16:00 B C:\Users\marioalejandro\Google Drive\proyectos\zodiac\public\pictures\products\MIC-01.jpg --> www.bluewolf.com.mx /public_html/iotdemo/public/pictures/products MIC-01.jpg
2017.10.31 16:00 B C:\Users\marioalejandro\Google Drive\proyectos\zodiac\public\pictures\products\Multi contacto.jpg --> www.bluewolf.com.mx /public_html/iotdemo/public/pictures/products Multi contacto.jpg
2017.10.31 16:00 B C:\Users\marioalejandro\Google Drive\proyectos\zodiac\public\pictures\products\OVE-36.jpg --> www.bluewolf.com.mx /public_html/iotdemo/public/pictures/products OVE-36.jpg
2017.10.31 16:00 B C:\Users\marioalejandro\Google Drive\proyectos\zodiac\public\pictures\products\OVE-38.jpg --> www.bluewolf.com.mx /public_html/iotdemo/public/pictures/products OVE-38.jpg
2017.10.31 16:00 B C:\Users\marioalejandro\Google Drive\proyectos\zodiac\public\pictures\products\OVE-40.jpg --> www.bluewolf.com.mx /public_html/iotdemo/public/pictures/products OVE-40.jpg
2017.10.31 16:00 B C:\Users\marioalejandro\Google Drive\proyectos\zodiac\public\pictures\products\OVE-44.jpg --> www.bluewolf.com.mx /public_html/iotdemo/public/pictures/products OVE-44.jpg
2017.10.31 16:00 B C:\Users\marioalejandro\Google Drive\proyectos\zodiac\public\pictures\products\OVE-46.jpg --> www.bluewolf.com.mx /public_html/iotdemo/public/pictures/products OVE-46.jpg
2017.10.31 16:00 B C:\Users\marioalejandro\Google Drive\proyectos\zodiac\public\pictures\products\OVE-48.jpg --> www.bluewolf.com.mx /public_html/iotdemo/public/pictures/products OVE-48.jpg
2017.10.31 16:00 B C:\Users\marioalejandro\Google Drive\proyectos\zodiac\public\pictures\products\OVE-50.jpg --> www.bluewolf.com.mx /public_html/iotdemo/public/pictures/products OVE-50.jpg
2017.10.31 16:00 B C:\Users\marioalejandro\Google Drive\proyectos\zodiac\public\pictures\products\OVE-52.jpg --> www.bluewolf.com.mx /public_html/iotdemo/public/pictures/products OVE-52.jpg
2017.10.31 16:00 B C:\Users\marioalejandro\Google Drive\proyectos\zodiac\public\pictures\products\OVE-XG.jpg --> www.bluewolf.com.mx /public_html/iotdemo/public/pictures/products OVE-XG.jpg
2017.10.31 16:00 B C:\Users\marioalejandro\Google Drive\proyectos\zodiac\public\pictures\products\P 119373.jpg --> www.bluewolf.com.mx /public_html/iotdemo/public/pictures/products P 119373.jpg
2017.10.31 16:00 B C:\Users\marioalejandro\Google Drive\proyectos\zodiac\public\pictures\products\P182046.jpg --> www.bluewolf.com.mx /public_html/iotdemo/public/pictures/products P182046.jpg
2017.10.31 16:00 B C:\Users\marioalejandro\Google Drive\proyectos\zodiac\public\pictures\products\P182095.jpg --> www.bluewolf.com.mx /public_html/iotdemo/public/pictures/products P182095.jpg
2017.10.31 16:00 B C:\Users\marioalejandro\Google Drive\proyectos\zodiac\public\pictures\products\P550367.jpg --> www.bluewolf.com.mx /public_html/iotdemo/public/pictures/products P550367.jpg
2017.10.31 16:00 B C:\Users\marioalejandro\Google Drive\proyectos\zodiac\public\pictures\products\P551318.jpg --> www.bluewolf.com.mx /public_html/iotdemo/public/pictures/products P551318.jpg
2017.10.31 16:00 B C:\Users\marioalejandro\Google Drive\proyectos\zodiac\public\pictures\products\P552071.jpg --> www.bluewolf.com.mx /public_html/iotdemo/public/pictures/products P552071.jpg
2017.10.31 16:00 B C:\Users\marioalejandro\Google Drive\proyectos\zodiac\public\pictures\products\PAL-01.jpg --> www.bluewolf.com.mx /public_html/iotdemo/public/pictures/products PAL-01.jpg
2017.10.31 16:00 B C:\Users\marioalejandro\Google Drive\proyectos\zodiac\public\pictures\products\PAR-01.jpg --> www.bluewolf.com.mx /public_html/iotdemo/public/pictures/products PAR-01.jpg
2017.10.31 16:00 B C:\Users\marioalejandro\Google Drive\proyectos\zodiac\public\pictures\products\PIC-01.jpg --> www.bluewolf.com.mx /public_html/iotdemo/public/pictures/products PIC-01.jpg
2017.10.31 16:00 B C:\Users\marioalejandro\Google Drive\proyectos\zodiac\public\pictures\products\RAD-01.jpg --> www.bluewolf.com.mx /public_html/iotdemo/public/pictures/products RAD-01.jpg
2017.10.31 16:00 B C:\Users\marioalejandro\Google Drive\proyectos\zodiac\public\pictures\products\REL-24.JPG --> www.bluewolf.com.mx /public_html/iotdemo/public/pictures/products REL-24.JPG
2017.10.31 16:00 B C:\Users\marioalejandro\Google Drive\proyectos\zodiac\public\pictures\products\REL-5.JPG --> www.bluewolf.com.mx /public_html/iotdemo/public/pictures/products REL-5.JPG
2017.10.31 16:00 B C:\Users\marioalejandro\Google Drive\proyectos\zodiac\public\pictures\products\RESC-01.jpg --> www.bluewolf.com.mx /public_html/iotdemo/public/pictures/products RESC-01.jpg
2017.10.31 16:00 B C:\Users\marioalejandro\Google Drive\proyectos\zodiac\public\pictures\products\RN-S83FX. PIERNA --> www.bluewolf.com.mx /public_html/iotdemo/public/pictures/products RN-S83FX. PIERNA
2017.10.31 16:00 B C:\Users\marioalejandro\Google Drive\proyectos\zodiac\public\pictures\products\RN-S83FX. PIERNA1 --> www.bluewolf.com.mx /public_html/iotdemo/public/pictures/products RN-S83FX. PIERNA1
2017.10.31 16:00 B C:\Users\marioalejandro\Google Drive\proyectos\zodiac\public\pictures\products\Soldadura Punto Naranja.jpg --> www.bluewolf.com.mx /public_html/iotdemo/public/pictures/products Soldadura Punto Naranja.jpg
2017.10.31 16:00 B C:\Users\marioalejandro\Google Drive\proyectos\zodiac\public\pictures\products\SOR-01.jpg --> www.bluewolf.com.mx /public_html/iotdemo/public/pictures/products SOR-01.jpg
2017.10.31 16:00 B C:\Users\marioalejandro\Google Drive\proyectos\zodiac\public\pictures\products\SURT-53.jpg --> www.bluewolf.com.mx /public_html/iotdemo/public/pictures/products SURT-53.jpg
2017.10.31 16:00 B C:\Users\marioalejandro\Google Drive\proyectos\zodiac\public\pictures\products\SUSP-01.jpg --> www.bluewolf.com.mx /public_html/iotdemo/public/pictures/products SUSP-01.jpg
2017.10.31 16:00 B C:\Users\marioalejandro\Google Drive\proyectos\zodiac\public\pictures\products\TEL_01.png --> www.bluewolf.com.mx /public_html/iotdemo/public/pictures/products TEL_01.png
2017.10.31 16:00 B C:\Users\marioalejandro\Google Drive\proyectos\zodiac\public\pictures\products\Thumbs.db --> www.bluewolf.com.mx /public_html/iotdemo/public/pictures/products Thumbs.db
2017.10.31 16:00 B C:\Users\marioalejandro\Google Drive\proyectos\zodiac\public\pictures\products\Tornillo de cadena.jpg --> www.bluewolf.com.mx /public_html/iotdemo/public/pictures/products Tornillo de cadena.jpg
2017.10.31 16:00 B C:\Users\marioalejandro\Google Drive\proyectos\zodiac\public\pictures\products\WS_FTP.LOG --> www.bluewolf.com.mx /public_html/iotdemo/public/pictures/products WS_FTP.LOG
2017.10.31 16:00 B C:\Users\marioalejandro\Google Drive\proyectos\zodiac\public\pictures\products\X-AM 5000.jpg --> www.bluewolf.com.mx /public_html/iotdemo/public/pictures/products X-AM 5000.jpg
2017.10.31 16:00 B C:\Users\marioalejandro\Google Drive\proyectos\zodiac\public\pictures\products\ZAP-01.jpg --> www.bluewolf.com.mx /public_html/iotdemo/public/pictures/products ZAP-01.jpg
2017.10.31 16:00 B C:\Users\marioalejandro\Google Drive\proyectos\zodiac\public\pictures\products\ZAP-07.jpg --> www.bluewolf.com.mx /public_html/iotdemo/public/pictures/products ZAP-07.jpg
2017.10.31 16:00 B C:\Users\marioalejandro\Google Drive\proyectos\zodiac\public\pictures\products\ZM-CO.jpg --> www.bluewolf.com.mx /public_html/iotdemo/public/pictures/products ZM-CO.jpg
