2017.07.13 12:33 B C:\Users\redkey\Documents\Google Drive L\zodiac\eng\Final FSA\Cuts.jpg --> www.bluewolf.com.mx /public_html/zodiac/eng/Final FSA Cuts.jpg
2017.07.13 12:33 B C:\Users\redkey\Documents\Google Drive L\zodiac\eng\Final FSA\desktop.ini --> www.bluewolf.com.mx /public_html/zodiac/eng/Final FSA desktop.ini
2017.07.13 12:33 B C:\Users\redkey\Documents\Google Drive L\zodiac\eng\Final FSA\fabric.jpg --> www.bluewolf.com.mx /public_html/zodiac/eng/Final FSA fabric.jpg
2017.07.13 12:33 B C:\Users\redkey\Documents\Google Drive L\zodiac\eng\Final FSA\Finished MOs.jpg --> www.bluewolf.com.mx /public_html/zodiac/eng/Final FSA Finished MOs.jpg
2017.07.13 12:33 B C:\Users\redkey\Documents\Google Drive L\zodiac\eng\Final FSA\Finished rolls.jpg --> www.bluewolf.com.mx /public_html/zodiac/eng/Final FSA Finished rolls.jpg
2017.07.13 12:33 B C:\Users\redkey\Documents\Google Drive L\zodiac\eng\Final FSA\Lectra Capacity.jpg --> www.bluewolf.com.mx /public_html/zodiac/eng/Final FSA Lectra Capacity.jpg
2017.07.13 12:33 B C:\Users\redkey\Documents\Google Drive L\zodiac\eng\Final FSA\location.jpg --> www.bluewolf.com.mx /public_html/zodiac/eng/Final FSA location.jpg
2017.07.13 12:33 B C:\Users\redkey\Documents\Google Drive L\zodiac\eng\Final FSA\Menu operador.jpg --> www.bluewolf.com.mx /public_html/zodiac/eng/Final FSA Menu operador.jpg
2017.07.13 12:33 B C:\Users\redkey\Documents\Google Drive L\zodiac\eng\Final FSA\Menu.jpg --> www.bluewolf.com.mx /public_html/zodiac/eng/Final FSA Menu.jpg
2017.07.13 12:33 B C:\Users\redkey\Documents\Google Drive L\zodiac\eng\Final FSA\part number.jpg --> www.bluewolf.com.mx /public_html/zodiac/eng/Final FSA part number.jpg
2017.07.13 12:33 B C:\Users\redkey\Documents\Google Drive L\zodiac\eng\Final FSA\program.jpg --> www.bluewolf.com.mx /public_html/zodiac/eng/Final FSA program.jpg
2017.07.13 12:33 B C:\Users\redkey\Documents\Google Drive L\zodiac\eng\Final FSA\reason.jpg --> www.bluewolf.com.mx /public_html/zodiac/eng/Final FSA reason.jpg
2017.07.13 12:33 B C:\Users\redkey\Documents\Google Drive L\zodiac\eng\Final FSA\record rolls.jpg --> www.bluewolf.com.mx /public_html/zodiac/eng/Final FSA record rolls.jpg
2017.07.13 12:33 B C:\Users\redkey\Documents\Google Drive L\zodiac\eng\Final FSA\rolls.jpg --> www.bluewolf.com.mx /public_html/zodiac/eng/Final FSA rolls.jpg
2017.07.13 12:33 B C:\Users\redkey\Documents\Google Drive L\zodiac\eng\Final FSA\suppliers.jpg --> www.bluewolf.com.mx /public_html/zodiac/eng/Final FSA suppliers.jpg
2017.07.13 12:33 B C:\Users\redkey\Documents\Google Drive L\zodiac\eng\Final FSA\Tube.jpg --> www.bluewolf.com.mx /public_html/zodiac/eng/Final FSA Tube.jpg
2017.07.13 12:33 B C:\Users\redkey\Documents\Google Drive L\zodiac\eng\Final FSA\user.jpg --> www.bluewolf.com.mx /public_html/zodiac/eng/Final FSA user.jpg
2017.07.13 12:33 B C:\Users\redkey\Documents\Google Drive L\zodiac\eng\Final FSA\warehouse.jpg --> www.bluewolf.com.mx /public_html/zodiac/eng/Final FSA warehouse.jpg
2017.10.31 15:56 B C:\Users\marioalejandro\Google Drive\proyectos\zodiac\eng\Final FSA\Cuts.jpg --> www.bluewolf.com.mx /public_html/iotdemo/eng/Final FSA Cuts.jpg
2017.10.31 15:56 B C:\Users\marioalejandro\Google Drive\proyectos\zodiac\eng\Final FSA\desktop.ini --> www.bluewolf.com.mx /public_html/iotdemo/eng/Final FSA desktop.ini
2017.10.31 15:56 B C:\Users\marioalejandro\Google Drive\proyectos\zodiac\eng\Final FSA\fabric.jpg --> www.bluewolf.com.mx /public_html/iotdemo/eng/Final FSA fabric.jpg
2017.10.31 15:56 B C:\Users\marioalejandro\Google Drive\proyectos\zodiac\eng\Final FSA\Finished MOs.jpg --> www.bluewolf.com.mx /public_html/iotdemo/eng/Final FSA Finished MOs.jpg
2017.10.31 15:56 B C:\Users\marioalejandro\Google Drive\proyectos\zodiac\eng\Final FSA\Finished rolls.jpg --> www.bluewolf.com.mx /public_html/iotdemo/eng/Final FSA Finished rolls.jpg
2017.10.31 15:56 B C:\Users\marioalejandro\Google Drive\proyectos\zodiac\eng\Final FSA\Lectra Capacity.jpg --> www.bluewolf.com.mx /public_html/iotdemo/eng/Final FSA Lectra Capacity.jpg
2017.10.31 15:56 B C:\Users\marioalejandro\Google Drive\proyectos\zodiac\eng\Final FSA\location.jpg --> www.bluewolf.com.mx /public_html/iotdemo/eng/Final FSA location.jpg
2017.10.31 15:56 B C:\Users\marioalejandro\Google Drive\proyectos\zodiac\eng\Final FSA\Menu operador.jpg --> www.bluewolf.com.mx /public_html/iotdemo/eng/Final FSA Menu operador.jpg
2017.10.31 15:56 B C:\Users\marioalejandro\Google Drive\proyectos\zodiac\eng\Final FSA\Menu.jpg --> www.bluewolf.com.mx /public_html/iotdemo/eng/Final FSA Menu.jpg
2017.10.31 15:56 B C:\Users\marioalejandro\Google Drive\proyectos\zodiac\eng\Final FSA\part number.jpg --> www.bluewolf.com.mx /public_html/iotdemo/eng/Final FSA part number.jpg
2017.10.31 15:56 B C:\Users\marioalejandro\Google Drive\proyectos\zodiac\eng\Final FSA\program.jpg --> www.bluewolf.com.mx /public_html/iotdemo/eng/Final FSA program.jpg
2017.10.31 15:56 B C:\Users\marioalejandro\Google Drive\proyectos\zodiac\eng\Final FSA\reason.jpg --> www.bluewolf.com.mx /public_html/iotdemo/eng/Final FSA reason.jpg
2017.10.31 15:56 B C:\Users\marioalejandro\Google Drive\proyectos\zodiac\eng\Final FSA\record rolls.jpg --> www.bluewolf.com.mx /public_html/iotdemo/eng/Final FSA record rolls.jpg
2017.10.31 15:56 B C:\Users\marioalejandro\Google Drive\proyectos\zodiac\eng\Final FSA\rolls.jpg --> www.bluewolf.com.mx /public_html/iotdemo/eng/Final FSA rolls.jpg
2017.10.31 15:56 B C:\Users\marioalejandro\Google Drive\proyectos\zodiac\eng\Final FSA\suppliers.jpg --> www.bluewolf.com.mx /public_html/iotdemo/eng/Final FSA suppliers.jpg
2017.10.31 15:56 B C:\Users\marioalejandro\Google Drive\proyectos\zodiac\eng\Final FSA\Tube.jpg --> www.bluewolf.com.mx /public_html/iotdemo/eng/Final FSA Tube.jpg
2017.10.31 15:56 B C:\Users\marioalejandro\Google Drive\proyectos\zodiac\eng\Final FSA\user.jpg --> www.bluewolf.com.mx /public_html/iotdemo/eng/Final FSA user.jpg
2017.10.31 15:56 B C:\Users\marioalejandro\Google Drive\proyectos\zodiac\eng\Final FSA\warehouse.jpg --> www.bluewolf.com.mx /public_html/iotdemo/eng/Final FSA warehouse.jpg
2017.10.31 15:56 B C:\Users\marioalejandro\Google Drive\proyectos\zodiac\eng\Final FSA\WS_FTP.LOG --> www.bluewolf.com.mx /public_html/iotdemo/eng/Final FSA WS_FTP.LOG
