2017.02.12 16:48 B C:\Users\marioalejandro\Google Drive\proyectos\zodiac\images\border.png <-- bluewolf Godaddy /public_html/zodiac/images border.png
2017.02.12 16:48 B C:\Users\marioalejandro\Google Drive\proyectos\zodiac\images\border1.png <-- bluewolf Godaddy /public_html/zodiac/images border1.png
2017.02.12 16:48 B C:\Users\marioalejandro\Google Drive\proyectos\zodiac\images\border2.png <-- bluewolf Godaddy /public_html/zodiac/images border2.png
2017.02.12 16:48 B C:\Users\marioalejandro\Google Drive\proyectos\zodiac\images\closelabel.gif <-- bluewolf Godaddy /public_html/zodiac/images closelabel.gif
2017.02.12 16:48 B C:\Users\marioalejandro\Google Drive\proyectos\zodiac\images\closelabel2.gif <-- bluewolf Godaddy /public_html/zodiac/images closelabel2.gif
2017.02.12 16:48 B C:\Users\marioalejandro\Google Drive\proyectos\zodiac\images\controls.png <-- bluewolf Godaddy /public_html/zodiac/images controls.png
2017.02.12 16:48 B C:\Users\marioalejandro\Google Drive\proyectos\zodiac\images\loading.gif <-- bluewolf Godaddy /public_html/zodiac/images loading.gif
2017.02.12 16:48 B C:\Users\marioalejandro\Google Drive\proyectos\zodiac\images\loading_background.png <-- bluewolf Godaddy /public_html/zodiac/images loading_background.png
2017.02.12 16:48 B C:\Users\marioalejandro\Google Drive\proyectos\zodiac\images\overlay.png <-- bluewolf Godaddy /public_html/zodiac/images overlay.png
2017.02.12 16:48 B C:\Users\marioalejandro\Google Drive\proyectos\zodiac\images\overlay.png --> www.bluewolf.com.mx /public_html/zodiac/colorbox overlay.png
2017.03.04 10:53 B C:\Users\marioalejandro\Google Drive\proyectos\zodiac\images\descarga.png --> www.bluewolf.com.mx /public_html/zodiac/images descarga.png
2017.03.04 11:09 B C:\Users\marioalejandro\Google Drive\proyectos\zodiac\images\descarga.png --> www.bluewolf.com.mx /public_html/zodiac/images descarga.png
2017.07.18 11:16 B C:\Users\redkey\Documents\Google Drive L\zodiac\images\usa.png --> www.bluewolf.com.mx /public_html/zodiac/images usa.png
2017.10.31 15:57 B C:\Users\marioalejandro\Google Drive\proyectos\zodiac\images\border.png --> www.bluewolf.com.mx /public_html/iotdemo/images border.png
2017.10.31 15:57 B C:\Users\marioalejandro\Google Drive\proyectos\zodiac\images\border1.png --> www.bluewolf.com.mx /public_html/iotdemo/images border1.png
2017.10.31 15:57 B C:\Users\marioalejandro\Google Drive\proyectos\zodiac\images\border2.png --> www.bluewolf.com.mx /public_html/iotdemo/images border2.png
2017.10.31 15:57 B C:\Users\marioalejandro\Google Drive\proyectos\zodiac\images\closelabel.gif --> www.bluewolf.com.mx /public_html/iotdemo/images closelabel.gif
2017.10.31 15:57 B C:\Users\marioalejandro\Google Drive\proyectos\zodiac\images\closelabel2.gif --> www.bluewolf.com.mx /public_html/iotdemo/images closelabel2.gif
2017.10.31 15:57 B C:\Users\marioalejandro\Google Drive\proyectos\zodiac\images\controls.png --> www.bluewolf.com.mx /public_html/iotdemo/images controls.png
2017.10.31 15:57 B C:\Users\marioalejandro\Google Drive\proyectos\zodiac\images\descarga.png --> www.bluewolf.com.mx /public_html/iotdemo/images descarga.png
2017.10.31 15:57 B C:\Users\marioalejandro\Google Drive\proyectos\zodiac\images\desktop.ini --> www.bluewolf.com.mx /public_html/iotdemo/images desktop.ini
2017.10.31 15:57 B C:\Users\marioalejandro\Google Drive\proyectos\zodiac\images\loading.gif --> www.bluewolf.com.mx /public_html/iotdemo/images loading.gif
2017.10.31 15:57 B C:\Users\marioalejandro\Google Drive\proyectos\zodiac\images\loading_background.png --> www.bluewolf.com.mx /public_html/iotdemo/images loading_background.png
2017.10.31 15:57 B C:\Users\marioalejandro\Google Drive\proyectos\zodiac\images\overlay.png --> www.bluewolf.com.mx /public_html/iotdemo/images overlay.png
2017.10.31 15:57 B C:\Users\marioalejandro\Google Drive\proyectos\zodiac\images\usa.png --> www.bluewolf.com.mx /public_html/iotdemo/images usa.png
2017.10.31 15:57 B C:\Users\marioalejandro\Google Drive\proyectos\zodiac\images\WS_FTP.LOG --> www.bluewolf.com.mx /public_html/iotdemo/images WS_FTP.LOG
2018.08.20 08:23 B C:\Users\marioalejandro\Google Drive\proyectos\zodiac\images\bien.jpg --> www.bluewolf.com.mx /public_html/zodiac/images bien.jpg
2018.08.20 08:27 B C:\Users\marioalejandro\Google Drive\proyectos\zodiac\images\bien.png --> www.bluewolf.com.mx /public_html/zodiac/images bien.png
2018.08.21 17:10 B C:\Users\marioalejandro\Google Drive\proyectos\zodiac\images\mante.png --> www.bluewolf.com.mx /public_html/zodiac/images mante.png
2018.08.24 11:30 B C:\Users\marioalejandro\Google Drive\proyectos\zodiac\images\bypass.png --> www.bluewolf.com.mx /public_html/zodiac/images bypass.png
2018.08.24 11:38 B C:\Users\marioalejandro\Google Drive\proyectos\zodiac\images\bypass.png --> www.bluewolf.com.mx /public_html/zodiac/images bypass.png
2018.08.24 12:02 B C:\Users\marioalejandro\Google Drive\proyectos\zodiac\images\bypass.png --> www.bluewolf.com.mx /public_html/zodiac/eng/images bypass.png
2018.10.12 13:37 B C:\Users\redkey\Documents\Repositorios\Zodiac\images\cargando.gif --> www.bluewolf.com.mx /public_html/zodiac/images cargando.gif
