2017.02.12 16:48 B C:\Users\marioalejandro\Google Drive\proyectos\zodiac\images\border.png <-- bluewolf Godaddy /public_html/zodiac/images border.png
2017.02.12 16:48 B C:\Users\marioalejandro\Google Drive\proyectos\zodiac\images\border1.png <-- bluewolf Godaddy /public_html/zodiac/images border1.png
2017.02.12 16:48 B C:\Users\marioalejandro\Google Drive\proyectos\zodiac\images\border2.png <-- bluewolf Godaddy /public_html/zodiac/images border2.png
2017.02.12 16:48 B C:\Users\marioalejandro\Google Drive\proyectos\zodiac\images\closelabel.gif <-- bluewolf Godaddy /public_html/zodiac/images closelabel.gif
2017.02.12 16:48 B C:\Users\marioalejandro\Google Drive\proyectos\zodiac\images\closelabel2.gif <-- bluewolf Godaddy /public_html/zodiac/images closelabel2.gif
2017.02.12 16:48 B C:\Users\marioalejandro\Google Drive\proyectos\zodiac\images\controls.png <-- bluewolf Godaddy /public_html/zodiac/images controls.png
2017.02.12 16:48 B C:\Users\marioalejandro\Google Drive\proyectos\zodiac\images\loading.gif <-- bluewolf Godaddy /public_html/zodiac/images loading.gif
2017.02.12 16:48 B C:\Users\marioalejandro\Google Drive\proyectos\zodiac\images\loading_background.png <-- bluewolf Godaddy /public_html/zodiac/images loading_background.png
2017.02.12 16:48 B C:\Users\marioalejandro\Google Drive\proyectos\zodiac\images\overlay.png <-- bluewolf Godaddy /public_html/zodiac/images overlay.png
2017.02.12 16:48 B C:\Users\marioalejandro\Google Drive\proyectos\zodiac\images\overlay.png --> www.bluewolf.com.mx /public_html/zodiac/colorbox overlay.png
2017.03.04 10:53 B C:\Users\marioalejandro\Google Drive\proyectos\zodiac\images\descarga.png --> www.bluewolf.com.mx /public_html/zodiac/images descarga.png
2017.03.04 11:09 B C:\Users\marioalejandro\Google Drive\proyectos\zodiac\images\descarga.png --> www.bluewolf.com.mx /public_html/zodiac/images descarga.png
2017.07.13 12:33 B C:\Users\redkey\Documents\Google Drive L\zodiac\eng\images\border.png --> www.bluewolf.com.mx /public_html/zodiac/eng/images border.png
2017.07.13 12:33 B C:\Users\redkey\Documents\Google Drive L\zodiac\eng\images\border1.png --> www.bluewolf.com.mx /public_html/zodiac/eng/images border1.png
2017.07.13 12:33 B C:\Users\redkey\Documents\Google Drive L\zodiac\eng\images\border2.png --> www.bluewolf.com.mx /public_html/zodiac/eng/images border2.png
2017.07.13 12:33 B C:\Users\redkey\Documents\Google Drive L\zodiac\eng\images\closelabel.gif --> www.bluewolf.com.mx /public_html/zodiac/eng/images closelabel.gif
2017.07.13 12:33 B C:\Users\redkey\Documents\Google Drive L\zodiac\eng\images\closelabel2.gif --> www.bluewolf.com.mx /public_html/zodiac/eng/images closelabel2.gif
2017.07.13 12:33 B C:\Users\redkey\Documents\Google Drive L\zodiac\eng\images\controls.png --> www.bluewolf.com.mx /public_html/zodiac/eng/images controls.png
2017.07.13 12:33 B C:\Users\redkey\Documents\Google Drive L\zodiac\eng\images\descarga.png --> www.bluewolf.com.mx /public_html/zodiac/eng/images descarga.png
2017.07.13 12:33 B C:\Users\redkey\Documents\Google Drive L\zodiac\eng\images\desktop.ini --> www.bluewolf.com.mx /public_html/zodiac/eng/images desktop.ini
2017.07.13 12:33 B C:\Users\redkey\Documents\Google Drive L\zodiac\eng\images\loading.gif --> www.bluewolf.com.mx /public_html/zodiac/eng/images loading.gif
2017.07.13 12:33 B C:\Users\redkey\Documents\Google Drive L\zodiac\eng\images\loading_background.png --> www.bluewolf.com.mx /public_html/zodiac/eng/images loading_background.png
2017.07.13 12:33 B C:\Users\redkey\Documents\Google Drive L\zodiac\eng\images\overlay.png --> www.bluewolf.com.mx /public_html/zodiac/eng/images overlay.png
2017.07.13 12:33 B C:\Users\redkey\Documents\Google Drive L\zodiac\eng\images\WS_FTP.LOG --> www.bluewolf.com.mx /public_html/zodiac/eng/images WS_FTP.LOG
2017.07.17 10:42 B C:\Users\redkey\Documents\Google Drive L\zodiac\eng\images\logo_mexico.png --> www.bluewolf.com.mx /public_html/zodiac/eng/images logo_mexico.png
2017.07.17 10:47 B C:\Users\redkey\Documents\Google Drive L\zodiac\eng\images\mxn.png --> www.bluewolf.com.mx /public_html/zodiac/eng/images mxn.png
2017.10.31 15:56 B C:\Users\marioalejandro\Google Drive\proyectos\zodiac\eng\images\border.png --> www.bluewolf.com.mx /public_html/iotdemo/eng/images border.png
2017.10.31 15:56 B C:\Users\marioalejandro\Google Drive\proyectos\zodiac\eng\images\border1.png --> www.bluewolf.com.mx /public_html/iotdemo/eng/images border1.png
2017.10.31 15:56 B C:\Users\marioalejandro\Google Drive\proyectos\zodiac\eng\images\border2.png --> www.bluewolf.com.mx /public_html/iotdemo/eng/images border2.png
2017.10.31 15:56 B C:\Users\marioalejandro\Google Drive\proyectos\zodiac\eng\images\closelabel.gif --> www.bluewolf.com.mx /public_html/iotdemo/eng/images closelabel.gif
2017.10.31 15:56 B C:\Users\marioalejandro\Google Drive\proyectos\zodiac\eng\images\closelabel2.gif --> www.bluewolf.com.mx /public_html/iotdemo/eng/images closelabel2.gif
2017.10.31 15:56 B C:\Users\marioalejandro\Google Drive\proyectos\zodiac\eng\images\controls.png --> www.bluewolf.com.mx /public_html/iotdemo/eng/images controls.png
2017.10.31 15:56 B C:\Users\marioalejandro\Google Drive\proyectos\zodiac\eng\images\descarga.png --> www.bluewolf.com.mx /public_html/iotdemo/eng/images descarga.png
2017.10.31 15:56 B C:\Users\marioalejandro\Google Drive\proyectos\zodiac\eng\images\desktop.ini --> www.bluewolf.com.mx /public_html/iotdemo/eng/images desktop.ini
2017.10.31 15:56 B C:\Users\marioalejandro\Google Drive\proyectos\zodiac\eng\images\loading.gif --> www.bluewolf.com.mx /public_html/iotdemo/eng/images loading.gif
2017.10.31 15:56 B C:\Users\marioalejandro\Google Drive\proyectos\zodiac\eng\images\loading_background.png --> www.bluewolf.com.mx /public_html/iotdemo/eng/images loading_background.png
2017.10.31 15:56 B C:\Users\marioalejandro\Google Drive\proyectos\zodiac\eng\images\mxn.png --> www.bluewolf.com.mx /public_html/iotdemo/eng/images mxn.png
2017.10.31 15:56 B C:\Users\marioalejandro\Google Drive\proyectos\zodiac\eng\images\overlay.png --> www.bluewolf.com.mx /public_html/iotdemo/eng/images overlay.png
2017.10.31 15:56 B C:\Users\marioalejandro\Google Drive\proyectos\zodiac\eng\images\WS_FTP.LOG --> www.bluewolf.com.mx /public_html/iotdemo/eng/images WS_FTP.LOG
