2016.11.17 10:01 B C:\Users\marioalejandro\Desktop\Zodiac\public\images\prettyPhoto\light_square\btnNext.png --> www.bluewolf.com.mx /public_html/Zodiac/public/images/prettyPhoto/light_square btnNext.png
2016.11.17 10:01 B C:\Users\marioalejandro\Desktop\Zodiac\public\images\prettyPhoto\light_square\btnPrevious.png --> www.bluewolf.com.mx /public_html/Zodiac/public/images/prettyPhoto/light_square btnPrevious.png
2016.11.17 10:01 B C:\Users\marioalejandro\Desktop\Zodiac\public\images\prettyPhoto\light_square\default_thumbnail.gif --> www.bluewolf.com.mx /public_html/Zodiac/public/images/prettyPhoto/light_square default_thumbnail.gif
2016.11.17 10:01 B C:\Users\marioalejandro\Desktop\Zodiac\public\images\prettyPhoto\light_square\loader.gif --> www.bluewolf.com.mx /public_html/Zodiac/public/images/prettyPhoto/light_square loader.gif
2016.11.17 10:01 B C:\Users\marioalejandro\Desktop\Zodiac\public\images\prettyPhoto\light_square\sprite.png --> www.bluewolf.com.mx /public_html/Zodiac/public/images/prettyPhoto/light_square sprite.png
2016.11.17 10:01 B C:\Users\marioalejandro\Desktop\Zodiac\public\images\prettyPhoto\light_square\Thumbs.db --> www.bluewolf.com.mx /public_html/Zodiac/public/images/prettyPhoto/light_square Thumbs.db
2016.12.26 13:39 B C:\Users\marioalejandro\Google Drive\proyectos\zodiac\public\images\prettyPhoto\light_square\btnNext.png --> www.bluewolf.com.mx /public_html/zodiac/public/images/prettyPhoto/light_square btnNext.png
2016.12.26 13:39 B C:\Users\marioalejandro\Google Drive\proyectos\zodiac\public\images\prettyPhoto\light_square\btnPrevious.png --> www.bluewolf.com.mx /public_html/zodiac/public/images/prettyPhoto/light_square btnPrevious.png
2016.12.26 13:39 B C:\Users\marioalejandro\Google Drive\proyectos\zodiac\public\images\prettyPhoto\light_square\default_thumbnail.gif --> www.bluewolf.com.mx /public_html/zodiac/public/images/prettyPhoto/light_square default_thumbnail.gif
2016.12.26 13:39 B C:\Users\marioalejandro\Google Drive\proyectos\zodiac\public\images\prettyPhoto\light_square\loader.gif --> www.bluewolf.com.mx /public_html/zodiac/public/images/prettyPhoto/light_square loader.gif
2016.12.26 13:39 B C:\Users\marioalejandro\Google Drive\proyectos\zodiac\public\images\prettyPhoto\light_square\sprite.png --> www.bluewolf.com.mx /public_html/zodiac/public/images/prettyPhoto/light_square sprite.png
2016.12.26 13:39 B C:\Users\marioalejandro\Google Drive\proyectos\zodiac\public\images\prettyPhoto\light_square\Thumbs.db --> www.bluewolf.com.mx /public_html/zodiac/public/images/prettyPhoto/light_square Thumbs.db
2017.02.12 16:45 B C:\Users\marioalejandro\Google Drive\proyectos\zodiac\public\images\prettyPhoto\light_square\WS_FTP.LOG <-- bluewolf Godaddy /public_html/zodiac/public/images/prettyPhoto/light_square WS_FTP.LOG
2017.07.13 13:37 B C:\Users\marioalejandro\Google Drive\proyectos\zodiac\public\images\prettyPhoto\light_square\WS_FTP.LOG --> www.bluewolf.com.mx /public_html/zodiac/eng/public/images/prettyPhoto/light_square WS_FTP.LOG
2017.07.13 13:37 B C:\Users\marioalejandro\Google Drive\proyectos\zodiac\public\images\prettyPhoto\light_square\desktop.ini --> www.bluewolf.com.mx /public_html/zodiac/eng/public/images/prettyPhoto/light_square desktop.ini
2017.07.13 13:37 B C:\Users\marioalejandro\Google Drive\proyectos\zodiac\public\images\prettyPhoto\light_square\Thumbs.db --> www.bluewolf.com.mx /public_html/zodiac/eng/public/images/prettyPhoto/light_square Thumbs.db
2017.07.13 13:37 B C:\Users\marioalejandro\Google Drive\proyectos\zodiac\public\images\prettyPhoto\light_square\sprite.png --> www.bluewolf.com.mx /public_html/zodiac/eng/public/images/prettyPhoto/light_square sprite.png
2017.07.13 13:37 B C:\Users\marioalejandro\Google Drive\proyectos\zodiac\public\images\prettyPhoto\light_square\loader.gif --> www.bluewolf.com.mx /public_html/zodiac/eng/public/images/prettyPhoto/light_square loader.gif
2017.07.13 13:37 B C:\Users\marioalejandro\Google Drive\proyectos\zodiac\public\images\prettyPhoto\light_square\default_thumbnail.gif --> www.bluewolf.com.mx /public_html/zodiac/eng/public/images/prettyPhoto/light_square default_thumbnail.gif
2017.07.13 13:37 B C:\Users\marioalejandro\Google Drive\proyectos\zodiac\public\images\prettyPhoto\light_square\btnPrevious.png --> www.bluewolf.com.mx /public_html/zodiac/eng/public/images/prettyPhoto/light_square btnPrevious.png
2017.07.13 13:37 B C:\Users\marioalejandro\Google Drive\proyectos\zodiac\public\images\prettyPhoto\light_square\btnNext.png --> www.bluewolf.com.mx /public_html/zodiac/eng/public/images/prettyPhoto/light_square btnNext.png
2017.10.31 15:58 B C:\Users\marioalejandro\Google Drive\proyectos\zodiac\public\images\prettyPhoto\light_square\btnNext.png --> www.bluewolf.com.mx /public_html/iotdemo/public/images/prettyPhoto/light_square btnNext.png
2017.10.31 15:58 B C:\Users\marioalejandro\Google Drive\proyectos\zodiac\public\images\prettyPhoto\light_square\btnPrevious.png --> www.bluewolf.com.mx /public_html/iotdemo/public/images/prettyPhoto/light_square btnPrevious.png
2017.10.31 15:58 B C:\Users\marioalejandro\Google Drive\proyectos\zodiac\public\images\prettyPhoto\light_square\default_thumbnail.gif --> www.bluewolf.com.mx /public_html/iotdemo/public/images/prettyPhoto/light_square default_thumbnail.gif
2017.10.31 15:58 B C:\Users\marioalejandro\Google Drive\proyectos\zodiac\public\images\prettyPhoto\light_square\desktop.ini --> www.bluewolf.com.mx /public_html/iotdemo/public/images/prettyPhoto/light_square desktop.ini
2017.10.31 15:58 B C:\Users\marioalejandro\Google Drive\proyectos\zodiac\public\images\prettyPhoto\light_square\loader.gif --> www.bluewolf.com.mx /public_html/iotdemo/public/images/prettyPhoto/light_square loader.gif
2017.10.31 15:58 B C:\Users\marioalejandro\Google Drive\proyectos\zodiac\public\images\prettyPhoto\light_square\sprite.png --> www.bluewolf.com.mx /public_html/iotdemo/public/images/prettyPhoto/light_square sprite.png
2017.10.31 15:58 B C:\Users\marioalejandro\Google Drive\proyectos\zodiac\public\images\prettyPhoto\light_square\Thumbs.db --> www.bluewolf.com.mx /public_html/iotdemo/public/images/prettyPhoto/light_square Thumbs.db
2017.10.31 15:58 B C:\Users\marioalejandro\Google Drive\proyectos\zodiac\public\images\prettyPhoto\light_square\WS_FTP.LOG --> www.bluewolf.com.mx /public_html/iotdemo/public/images/prettyPhoto/light_square WS_FTP.LOG
